A.L.E: Arcade Learning Environment (version 0.8.1+53f58b7)
[Powered by Stella]
/home/tzeshinchen/.local/lib/python3.11/site-packages/gym/utils/passive_env_checker.py:233: DeprecationWarning: `np.bool8` is a deprecated alias for `np.bool_`.  (Deprecated NumPy 1.24)
  if not isinstance(terminated, (bool, np.bool8)):
[410/100000000]  episode: 1  episode reward: 170.0  episode len: 411  epsilon: 1.0
[924/100000000]  episode: 2  episode reward: 220.0  episode len: 515  epsilon: 1.0
[1378/100000000]  episode: 3  episode reward: 210.0  episode len: 455  epsilon: 1.0
[1820/100000000]  episode: 4  episode reward: 160.0  episode len: 443  epsilon: 1.0
[2304/100000000]  episode: 5  episode reward: 140.0  episode len: 485  epsilon: 1.0
[2732/100000000]  episode: 6  episode reward: 260.0  episode len: 429  epsilon: 1.0
[3290/100000000]  episode: 7  episode reward: 250.0  episode len: 559  epsilon: 1.0
[3784/100000000]  episode: 8  episode reward: 190.0  episode len: 495  epsilon: 1.0
[4256/100000000]  episode: 9  episode reward: 190.0  episode len: 473  epsilon: 1.0
[4716/100000000]  episode: 10  episode reward: 280.0  episode len: 461  epsilon: 1.0
[5104/100000000]  episode: 11  episode reward: 230.0  episode len: 389  epsilon: 1.0
[5676/100000000]  episode: 12  episode reward: 340.0  episode len: 573  epsilon: 1.0
[6214/100000000]  episode: 13  episode reward: 210.0  episode len: 539  epsilon: 1.0
[6678/100000000]  episode: 14  episode reward: 220.0  episode len: 465  epsilon: 1.0
[7154/100000000]  episode: 15  episode reward: 200.0  episode len: 477  epsilon: 1.0
[7534/100000000]  episode: 16  episode reward: 190.0  episode len: 381  epsilon: 1.0
[8010/100000000]  episode: 17  episode reward: 220.0  episode len: 477  epsilon: 1.0
[8518/100000000]  episode: 18  episode reward: 250.0  episode len: 509  epsilon: 1.0
[8968/100000000]  episode: 19  episode reward: 260.0  episode len: 451  epsilon: 1.0
[9502/100000000]  episode: 20  episode reward: 230.0  episode len: 535  epsilon: 1.0
[10026/100000000]  episode: 21  episode reward: 270.0  episode len: 525  epsilon: 1.0
[10470/100000000]  episode: 22  episode reward: 230.0  episode len: 445  epsilon: 1.0
[11106/100000000]  episode: 23  episode reward: 200.0  episode len: 637  epsilon: 1.0
[11648/100000000]  episode: 24  episode reward: 230.0  episode len: 543  epsilon: 1.0
[12118/100000000]  episode: 25  episode reward: 220.0  episode len: 471  epsilon: 1.0
[12524/100000000]  episode: 26  episode reward: 210.0  episode len: 407  epsilon: 1.0
[12852/100000000]  episode: 27  episode reward: 130.0  episode len: 329  epsilon: 1.0
[13348/100000000]  episode: 28  episode reward: 280.0  episode len: 497  epsilon: 1.0
[13842/100000000]  episode: 29  episode reward: 250.0  episode len: 495  epsilon: 1.0
[14338/100000000]  episode: 30  episode reward: 280.0  episode len: 497  epsilon: 1.0
[14896/100000000]  episode: 31  episode reward: 410.0  episode len: 559  epsilon: 1.0
[15246/100000000]  episode: 32  episode reward: 160.0  episode len: 351  epsilon: 1.0
[15762/100000000]  episode: 33  episode reward: 280.0  episode len: 517  epsilon: 1.0
[16240/100000000]  episode: 34  episode reward: 160.0  episode len: 479  epsilon: 1.0
[16752/100000000]  episode: 35  episode reward: 240.0  episode len: 513  epsilon: 1.0
[17244/100000000]  episode: 36  episode reward: 280.0  episode len: 493  epsilon: 1.0
[17860/100000000]  episode: 37  episode reward: 270.0  episode len: 617  epsilon: 1.0
[18348/100000000]  episode: 38  episode reward: 280.0  episode len: 489  epsilon: 1.0
[18952/100000000]  episode: 39  episode reward: 190.0  episode len: 605  epsilon: 1.0
[19412/100000000]  episode: 40  episode reward: 260.0  episode len: 461  epsilon: 1.0
[19932/100000000]  episode: 41  episode reward: 300.0  episode len: 521  epsilon: 1.0
[20724/100000000]  episode: 42  episode reward: 660.0  episode len: 793  epsilon: 0.9993475000000215
[21184/100000000]  episode: 43  episode reward: 270.0  episode len: 461  epsilon: 0.9989326000000351
[21652/100000000]  episode: 44  episode reward: 190.0  episode len: 469  epsilon: 0.998510500000049
[22166/100000000]  episode: 45  episode reward: 280.0  episode len: 515  epsilon: 0.9980470000000643
[22682/100000000]  episode: 46  episode reward: 250.0  episode len: 517  epsilon: 0.9975817000000796
[23072/100000000]  episode: 47  episode reward: 160.0  episode len: 391  epsilon: 0.9972298000000912
[23550/100000000]  episode: 48  episode reward: 210.0  episode len: 479  epsilon: 0.9967987000001054
[24038/100000000]  episode: 49  episode reward: 220.0  episode len: 489  epsilon: 0.9963586000001199
[24522/100000000]  episode: 50  episode reward: 320.0  episode len: 485  epsilon: 0.9959221000001343
[24982/100000000]  episode: 51  episode reward: 180.0  episode len: 461  epsilon: 0.9955072000001479
[25430/100000000]  episode: 52  episode reward: 230.0  episode len: 449  epsilon: 0.9951031000001612
[25764/100000000]  episode: 53  episode reward: 150.0  episode len: 335  epsilon: 0.9948016000001711
[26282/100000000]  episode: 54  episode reward: 240.0  episode len: 519  epsilon: 0.9943345000001865
[26694/100000000]  episode: 55  episode reward: 250.0  episode len: 413  epsilon: 0.9939628000001988
[27102/100000000]  episode: 56  episode reward: 160.0  episode len: 409  epsilon: 0.9935947000002109
[27436/100000000]  episode: 57  episode reward: 150.0  episode len: 335  epsilon: 0.9932932000002208
[27986/100000000]  episode: 58  episode reward: 210.0  episode len: 551  epsilon: 0.9927973000002371
[28384/100000000]  episode: 59  episode reward: 220.0  episode len: 399  epsilon: 0.992438200000249
[28792/100000000]  episode: 60  episode reward: 180.0  episode len: 409  epsilon: 0.9920701000002611
[29568/100000000]  episode: 61  episode reward: 660.0  episode len: 777  epsilon: 0.9913708000002841
[29984/100000000]  episode: 62  episode reward: 250.0  episode len: 417  epsilon: 0.9909955000002965
[30474/100000000]  episode: 63  episode reward: 200.0  episode len: 491  epsilon: 0.990553600000311
[30942/100000000]  episode: 64  episode reward: 270.0  episode len: 469  epsilon: 0.9901315000003249
[31434/100000000]  episode: 65  episode reward: 230.0  episode len: 493  epsilon: 0.9896878000003395
[32076/100000000]  episode: 66  episode reward: 290.0  episode len: 643  epsilon: 0.9891091000003586
[32578/100000000]  episode: 67  episode reward: 290.0  episode len: 503  epsilon: 0.9886564000003735
[33116/100000000]  episode: 68  episode reward: 260.0  episode len: 539  epsilon: 0.9881713000003894
[33570/100000000]  episode: 69  episode reward: 180.0  episode len: 455  epsilon: 0.9877618000004029
[34152/100000000]  episode: 70  episode reward: 280.0  episode len: 583  epsilon: 0.9872371000004202
[34632/100000000]  episode: 71  episode reward: 210.0  episode len: 481  epsilon: 0.9868042000004345
[35268/100000000]  episode: 72  episode reward: 500.0  episode len: 637  epsilon: 0.9862309000004533
[35600/100000000]  episode: 73  episode reward: 110.0  episode len: 333  epsilon: 0.9859312000004632
[36098/100000000]  episode: 74  episode reward: 130.0  episode len: 499  epsilon: 0.985482100000478
[36714/100000000]  episode: 75  episode reward: 350.0  episode len: 617  epsilon: 0.9849268000004963
[37350/100000000]  episode: 76  episode reward: 270.0  episode len: 637  epsilon: 0.9843535000005151
[37826/100000000]  episode: 77  episode reward: 250.0  episode len: 477  epsilon: 0.9839242000005293
[38346/100000000]  episode: 78  episode reward: 320.0  episode len: 521  epsilon: 0.9834553000005447
[38774/100000000]  episode: 79  episode reward: 160.0  episode len: 429  epsilon: 0.9830692000005574
[39668/100000000]  episode: 80  episode reward: 660.0  episode len: 895  epsilon: 0.9822637000005839
[40166/100000000]  episode: 81  episode reward: 220.0  episode len: 499  epsilon: 0.9818146000005987
[40718/100000000]  episode: 82  episode reward: 310.0  episode len: 553  epsilon: 0.9813169000006151
[41150/100000000]  episode: 83  episode reward: 180.0  episode len: 433  epsilon: 0.9809272000006279
[41612/100000000]  episode: 84  episode reward: 240.0  episode len: 463  epsilon: 0.9805105000006417
[42116/100000000]  episode: 85  episode reward: 360.0  episode len: 505  epsilon: 0.9800560000006566
[42576/100000000]  episode: 86  episode reward: 270.0  episode len: 461  epsilon: 0.9796411000006703
[43078/100000000]  episode: 87  episode reward: 300.0  episode len: 503  epsilon: 0.9791884000006852
/home/tzeshinchen/.local/lib/python3.11/site-packages/gym/utils/passive_env_checker.py:289: UserWarning: [33mWARN: No render fps was declared in the environment (env.metadata['render_fps'] is None or not defined), rendering may occur at inconsistent fps.[0m
  logger.warn(
