A.L.E: Arcade Learning Environment (version 0.8.1+53f58b7)
[Powered by Stella]
/home/tzeshinchen/.local/lib/python3.11/site-packages/gym/utils/passive_env_checker.py:233: DeprecationWarning: `np.bool8` is a deprecated alias for `np.bool_`.  (Deprecated NumPy 1.24)
  if not isinstance(terminated, (bool, np.bool8)):
[426/100000000]  episode: 1  episode reward: 180.0  episode len: 427  epsilon: 1.0
[816/100000000]  episode: 2  episode reward: 170.0  episode len: 391  epsilon: 1.0
[1282/100000000]  episode: 3  episode reward: 160.0  episode len: 467  epsilon: 1.0
[1892/100000000]  episode: 4  episode reward: 360.0  episode len: 611  epsilon: 1.0
[2580/100000000]  episode: 5  episode reward: 360.0  episode len: 689  epsilon: 1.0
[3058/100000000]  episode: 6  episode reward: 360.0  episode len: 479  epsilon: 1.0
[3576/100000000]  episode: 7  episode reward: 190.0  episode len: 519  epsilon: 1.0
[4106/100000000]  episode: 8  episode reward: 310.0  episode len: 531  epsilon: 1.0
[4560/100000000]  episode: 9  episode reward: 280.0  episode len: 455  epsilon: 1.0
[5130/100000000]  episode: 10  episode reward: 340.0  episode len: 571  epsilon: 1.0
[5632/100000000]  episode: 11  episode reward: 350.0  episode len: 503  epsilon: 1.0
[6110/100000000]  episode: 12  episode reward: 190.0  episode len: 479  epsilon: 1.0
[6560/100000000]  episode: 13  episode reward: 160.0  episode len: 451  epsilon: 1.0
[7110/100000000]  episode: 14  episode reward: 260.0  episode len: 551  epsilon: 1.0
[7562/100000000]  episode: 15  episode reward: 200.0  episode len: 453  epsilon: 1.0
[8054/100000000]  episode: 16  episode reward: 280.0  episode len: 493  epsilon: 1.0
[8550/100000000]  episode: 17  episode reward: 370.0  episode len: 497  epsilon: 1.0
[9048/100000000]  episode: 18  episode reward: 290.0  episode len: 499  epsilon: 1.0
[9688/100000000]  episode: 19  episode reward: 280.0  episode len: 641  epsilon: 1.0
[10176/100000000]  episode: 20  episode reward: 230.0  episode len: 489  epsilon: 1.0
[10828/100000000]  episode: 21  episode reward: 360.0  episode len: 653  epsilon: 1.0
[11258/100000000]  episode: 22  episode reward: 280.0  episode len: 431  epsilon: 1.0
[11628/100000000]  episode: 23  episode reward: 150.0  episode len: 371  epsilon: 1.0
[12184/100000000]  episode: 24  episode reward: 220.0  episode len: 557  epsilon: 1.0
[12570/100000000]  episode: 25  episode reward: 120.0  episode len: 387  epsilon: 1.0
[13024/100000000]  episode: 26  episode reward: 230.0  episode len: 455  epsilon: 1.0
[13464/100000000]  episode: 27  episode reward: 170.0  episode len: 441  epsilon: 1.0
[13924/100000000]  episode: 28  episode reward: 230.0  episode len: 461  epsilon: 1.0
[14462/100000000]  episode: 29  episode reward: 180.0  episode len: 539  epsilon: 1.0
[14878/100000000]  episode: 30  episode reward: 200.0  episode len: 417  epsilon: 1.0
[15428/100000000]  episode: 31  episode reward: 260.0  episode len: 551  epsilon: 1.0
[15960/100000000]  episode: 32  episode reward: 320.0  episode len: 533  epsilon: 1.0
[16434/100000000]  episode: 33  episode reward: 230.0  episode len: 475  epsilon: 1.0
[16906/100000000]  episode: 34  episode reward: 190.0  episode len: 473  epsilon: 1.0
[17330/100000000]  episode: 35  episode reward: 160.0  episode len: 425  epsilon: 1.0
[17836/100000000]  episode: 36  episode reward: 200.0  episode len: 507  epsilon: 1.0
[18428/100000000]  episode: 37  episode reward: 330.0  episode len: 593  epsilon: 1.0
[18860/100000000]  episode: 38  episode reward: 310.0  episode len: 433  epsilon: 1.0
[19364/100000000]  episode: 39  episode reward: 200.0  episode len: 505  epsilon: 1.0
[20016/100000000]  episode: 40  episode reward: 300.0  episode len: 653  epsilon: 0.9999847000000005
[20544/100000000]  episode: 41  episode reward: 220.0  episode len: 529  epsilon: 0.9995086000000162
[21072/100000000]  episode: 42  episode reward: 280.0  episode len: 529  epsilon: 0.9990325000000319
[21478/100000000]  episode: 43  episode reward: 200.0  episode len: 407  epsilon: 0.9986662000000439
[22060/100000000]  episode: 44  episode reward: 240.0  episode len: 583  epsilon: 0.9981415000000612
[22690/100000000]  episode: 45  episode reward: 300.0  episode len: 631  epsilon: 0.9975736000000799
[23216/100000000]  episode: 46  episode reward: 300.0  episode len: 527  epsilon: 0.9970993000000955
[23686/100000000]  episode: 47  episode reward: 160.0  episode len: 471  epsilon: 0.9966754000001095
[24150/100000000]  episode: 48  episode reward: 300.0  episode len: 465  epsilon: 0.9962569000001232
[24518/100000000]  episode: 49  episode reward: 170.0  episode len: 369  epsilon: 0.9959248000001342
[25044/100000000]  episode: 50  episode reward: 200.0  episode len: 527  epsilon: 0.9954505000001498
[25602/100000000]  episode: 51  episode reward: 350.0  episode len: 559  epsilon: 0.9949474000001663
[26080/100000000]  episode: 52  episode reward: 180.0  episode len: 479  epsilon: 0.9945163000001805
[26590/100000000]  episode: 53  episode reward: 230.0  episode len: 511  epsilon: 0.9940564000001957
[27160/100000000]  episode: 54  episode reward: 300.0  episode len: 571  epsilon: 0.9935425000002126
[27692/100000000]  episode: 55  episode reward: 270.0  episode len: 533  epsilon: 0.9930628000002284
[28040/100000000]  episode: 56  episode reward: 140.0  episode len: 349  epsilon: 0.9927487000002387
[28528/100000000]  episode: 57  episode reward: 260.0  episode len: 489  epsilon: 0.9923086000002532
[29210/100000000]  episode: 58  episode reward: 480.0  episode len: 683  epsilon: 0.9916939000002735
[29660/100000000]  episode: 59  episode reward: 300.0  episode len: 451  epsilon: 0.9912880000002868
[30100/100000000]  episode: 60  episode reward: 140.0  episode len: 441  epsilon: 0.9908911000002999
[30522/100000000]  episode: 61  episode reward: 260.0  episode len: 423  epsilon: 0.9905104000003124
[31154/100000000]  episode: 62  episode reward: 460.0  episode len: 633  epsilon: 0.9899407000003312
[31646/100000000]  episode: 63  episode reward: 180.0  episode len: 493  epsilon: 0.9894970000003458
[32100/100000000]  episode: 64  episode reward: 260.0  episode len: 455  epsilon: 0.9890875000003593
[32616/100000000]  episode: 65  episode reward: 220.0  episode len: 517  epsilon: 0.9886222000003746
[33182/100000000]  episode: 66  episode reward: 220.0  episode len: 567  epsilon: 0.9881119000003914
[33706/100000000]  episode: 67  episode reward: 340.0  episode len: 525  epsilon: 0.987639400000407
[34234/100000000]  episode: 68  episode reward: 260.0  episode len: 529  epsilon: 0.9871633000004226
[34636/100000000]  episode: 69  episode reward: 180.0  episode len: 403  epsilon: 0.9868006000004346
[35280/100000000]  episode: 70  episode reward: 370.0  episode len: 645  epsilon: 0.9862201000004537
[35720/100000000]  episode: 71  episode reward: 260.0  episode len: 441  epsilon: 0.9858232000004667
[36204/100000000]  episode: 72  episode reward: 230.0  episode len: 485  epsilon: 0.9853867000004811
[36660/100000000]  episode: 73  episode reward: 190.0  episode len: 457  epsilon: 0.9849754000004947
[37168/100000000]  episode: 74  episode reward: 190.0  episode len: 509  epsilon: 0.9845173000005097
[37656/100000000]  episode: 75  episode reward: 190.0  episode len: 489  epsilon: 0.9840772000005242
[38418/100000000]  episode: 76  episode reward: 430.0  episode len: 763  epsilon: 0.9833905000005468
[38846/100000000]  episode: 77  episode reward: 320.0  episode len: 429  epsilon: 0.9830044000005596
[39210/100000000]  episode: 78  episode reward: 180.0  episode len: 365  epsilon: 0.9826759000005704
[39660/100000000]  episode: 79  episode reward: 270.0  episode len: 451  epsilon: 0.9822700000005837
[40234/100000000]  episode: 80  episode reward: 260.0  episode len: 575  epsilon: 0.9817525000006008
[40788/100000000]  episode: 81  episode reward: 280.0  episode len: 555  epsilon: 0.9812530000006172
[41256/100000000]  episode: 82  episode reward: 240.0  episode len: 469  epsilon: 0.9808309000006311
[41632/100000000]  episode: 83  episode reward: 150.0  episode len: 377  epsilon: 0.9804916000006423
[42076/100000000]  episode: 84  episode reward: 190.0  episode len: 445  epsilon: 0.9800911000006555
[43080/100000000]  episode: 85  episode reward: 1040.0  episode len: 1005  epsilon: 0.9791866000006852
[43632/100000000]  episode: 86  episode reward: 250.0  episode len: 553  epsilon: 0.9786889000007016
[44118/100000000]  episode: 87  episode reward: 230.0  episode len: 487  epsilon: 0.9782506000007161
/home/tzeshinchen/.local/lib/python3.11/site-packages/gym/utils/passive_env_checker.py:289: UserWarning: [33mWARN: No render fps was declared in the environment (env.metadata['render_fps'] is None or not defined), rendering may occur at inconsistent fps.[0m
  logger.warn(
[44610/100000000]  episode: 88  episode reward: 210.0  episode len: 493  epsilon: 0.9778069000007307
[45162/100000000]  episode: 89  episode reward: 190.0  episode len: 553  epsilon: 0.9773092000007471
[45764/100000000]  episode: 90  episode reward: 300.0  episode len: 603  epsilon: 0.9767665000007649
[46252/100000000]  episode: 91  episode reward: 240.0  episode len: 489  epsilon: 0.9763264000007794
[46654/100000000]  episode: 92  episode reward: 200.0  episode len: 403  epsilon: 0.9759637000007914
[47156/100000000]  episode: 93  episode reward: 240.0  episode len: 503  epsilon: 0.9755110000008063
[47480/100000000]  episode: 94  episode reward: 160.0  episode len: 325  epsilon: 0.9752185000008159
[48052/100000000]  episode: 95  episode reward: 290.0  episode len: 573  epsilon: 0.9747028000008329
[48768/100000000]  episode: 96  episode reward: 410.0  episode len: 717  epsilon: 0.9740575000008541
[49198/100000000]  episode: 97  episode reward: 230.0  episode len: 431  epsilon: 0.9736696000008669
[49722/100000000]  episode: 98  episode reward: 230.0  episode len: 525  epsilon: 0.9731971000008824
[50040/100000000]  episode: 99  episode reward: 110.0  episode len: 319  epsilon: 0.9729100000008919
[50586/100000000]  episode: 100  episode reward: 270.0  episode len: 547  epsilon: 0.9724177000009081
==============================================
Evaluating...
episode 1 reward: 420.0
episode 2 reward: 1670.0
episode 3 reward: 970.0
episode 4 reward: 850.0
episode 5 reward: 420.0
average score: 866.0
==============================================
[51036/100000000]  episode: 101  episode reward: 180.0  episode len: 451  epsilon: 0.9720118000009215
[51612/100000000]  episode: 102  episode reward: 380.0  episode len: 577  epsilon: 0.9714925000009386
[52052/100000000]  episode: 103  episode reward: 210.0  episode len: 441  epsilon: 0.9710956000009516
[52732/100000000]  episode: 104  episode reward: 420.0  episode len: 681  epsilon: 0.9704827000009718
[53194/100000000]  episode: 105  episode reward: 170.0  episode len: 463  epsilon: 0.9700660000009855
[53698/100000000]  episode: 106  episode reward: 240.0  episode len: 505  epsilon: 0.9696115000010005
[54198/100000000]  episode: 107  episode reward: 210.0  episode len: 501  epsilon: 0.9691606000010153
[54716/100000000]  episode: 108  episode reward: 260.0  episode len: 519  epsilon: 0.9686935000010307
[55206/100000000]  episode: 109  episode reward: 250.0  episode len: 491  epsilon: 0.9682516000010453
[55618/100000000]  episode: 110  episode reward: 270.0  episode len: 413  epsilon: 0.9678799000010575
[56162/100000000]  episode: 111  episode reward: 260.0  episode len: 545  epsilon: 0.9673894000010737
[56658/100000000]  episode: 112  episode reward: 300.0  episode len: 497  epsilon: 0.9669421000010884
[57302/100000000]  episode: 113  episode reward: 270.0  episode len: 645  epsilon: 0.9663616000011075
[57854/100000000]  episode: 114  episode reward: 260.0  episode len: 553  epsilon: 0.9658639000011239
[58272/100000000]  episode: 115  episode reward: 300.0  episode len: 419  epsilon: 0.9654868000011363
[58692/100000000]  episode: 116  episode reward: 170.0  episode len: 421  epsilon: 0.9651079000011488
[59132/100000000]  episode: 117  episode reward: 240.0  episode len: 441  epsilon: 0.9647110000011618
[59532/100000000]  episode: 118  episode reward: 180.0  episode len: 401  epsilon: 0.9643501000011737
[59968/100000000]  episode: 119  episode reward: 250.0  episode len: 437  epsilon: 0.9639568000011867
[60476/100000000]  episode: 120  episode reward: 150.0  episode len: 509  epsilon: 0.9634987000012017
[61138/100000000]  episode: 121  episode reward: 300.0  episode len: 663  epsilon: 0.9629020000012214
[61680/100000000]  episode: 122  episode reward: 270.0  episode len: 543  epsilon: 0.9624133000012375
[62198/100000000]  episode: 123  episode reward: 200.0  episode len: 519  epsilon: 0.9619462000012529
[62804/100000000]  episode: 124  episode reward: 290.0  episode len: 607  epsilon: 0.9613999000012708
[63228/100000000]  episode: 125  episode reward: 230.0  episode len: 425  epsilon: 0.9610174000012834
[63692/100000000]  episode: 126  episode reward: 250.0  episode len: 465  epsilon: 0.9605989000012972
[64346/100000000]  episode: 127  episode reward: 1020.0  episode len: 655  epsilon: 0.9600094000013166
[64772/100000000]  episode: 128  episode reward: 160.0  episode len: 427  epsilon: 0.9596251000013293
[65278/100000000]  episode: 129  episode reward: 230.0  episode len: 507  epsilon: 0.9591688000013443
[65804/100000000]  episode: 130  episode reward: 340.0  episode len: 527  epsilon: 0.9586945000013599
[66138/100000000]  episode: 131  episode reward: 180.0  episode len: 335  epsilon: 0.9583930000013698
[66608/100000000]  episode: 132  episode reward: 280.0  episode len: 471  epsilon: 0.9579691000013838
[67340/100000000]  episode: 133  episode reward: 500.0  episode len: 733  epsilon: 0.9573094000014055
[67836/100000000]  episode: 134  episode reward: 270.0  episode len: 497  epsilon: 0.9568621000014202
[68290/100000000]  episode: 135  episode reward: 220.0  episode len: 455  epsilon: 0.9564526000014337
[68770/100000000]  episode: 136  episode reward: 150.0  episode len: 481  epsilon: 0.956019700001448
[69258/100000000]  episode: 137  episode reward: 230.0  episode len: 489  epsilon: 0.9555796000014625
[69762/100000000]  episode: 138  episode reward: 210.0  episode len: 505  epsilon: 0.9551251000014774
[70196/100000000]  episode: 139  episode reward: 160.0  episode len: 435  epsilon: 0.9547336000014903
[70870/100000000]  episode: 140  episode reward: 520.0  episode len: 675  epsilon: 0.9541261000015103
[71350/100000000]  episode: 141  episode reward: 250.0  episode len: 481  epsilon: 0.9536932000015246
[71864/100000000]  episode: 142  episode reward: 190.0  episode len: 515  epsilon: 0.9532297000015398
[72388/100000000]  episode: 143  episode reward: 230.0  episode len: 525  epsilon: 0.9527572000015554
[72720/100000000]  episode: 144  episode reward: 90.0  episode len: 333  epsilon: 0.9524575000015653
[73212/100000000]  episode: 145  episode reward: 290.0  episode len: 493  epsilon: 0.9520138000015799
[73596/100000000]  episode: 146  episode reward: 210.0  episode len: 385  epsilon: 0.9516673000015913
[74060/100000000]  episode: 147  episode reward: 180.0  episode len: 465  epsilon: 0.951248800001605
[74558/100000000]  episode: 148  episode reward: 190.0  episode len: 499  epsilon: 0.9507997000016198
[75082/100000000]  episode: 149  episode reward: 310.0  episode len: 525  epsilon: 0.9503272000016354
[75470/100000000]  episode: 150  episode reward: 190.0  episode len: 389  epsilon: 0.9499771000016469
[75970/100000000]  episode: 151  episode reward: 290.0  episode len: 501  epsilon: 0.9495262000016618
[76528/100000000]  episode: 152  episode reward: 280.0  episode len: 559  epsilon: 0.9490231000016783
[76936/100000000]  episode: 153  episode reward: 210.0  episode len: 409  epsilon: 0.9486550000016905
[77480/100000000]  episode: 154  episode reward: 310.0  episode len: 545  epsilon: 0.9481645000017066
[77944/100000000]  episode: 155  episode reward: 280.0  episode len: 465  epsilon: 0.9477460000017204
[78366/100000000]  episode: 156  episode reward: 200.0  episode len: 423  epsilon: 0.9473653000017329
[78874/100000000]  episode: 157  episode reward: 260.0  episode len: 509  epsilon: 0.946907200001748
[79346/100000000]  episode: 158  episode reward: 260.0  episode len: 473  epsilon: 0.946481500001762
[79842/100000000]  episode: 159  episode reward: 220.0  episode len: 497  epsilon: 0.9460342000017767
[80336/100000000]  episode: 160  episode reward: 220.0  episode len: 495  epsilon: 0.9455887000017914
[80832/100000000]  episode: 161  episode reward: 340.0  episode len: 497  epsilon: 0.9451414000018061
[81408/100000000]  episode: 162  episode reward: 370.0  episode len: 577  epsilon: 0.9446221000018232
[81982/100000000]  episode: 163  episode reward: 270.0  episode len: 575  epsilon: 0.9441046000018403
[82518/100000000]  episode: 164  episode reward: 300.0  episode len: 537  epsilon: 0.9436213000018562
[83048/100000000]  episode: 165  episode reward: 260.0  episode len: 531  epsilon: 0.9431434000018719
[83566/100000000]  episode: 166  episode reward: 300.0  episode len: 519  epsilon: 0.9426763000018873
[83990/100000000]  episode: 167  episode reward: 180.0  episode len: 425  epsilon: 0.9422938000018999
[84510/100000000]  episode: 168  episode reward: 330.0  episode len: 521  epsilon: 0.9418249000019153
[85032/100000000]  episode: 169  episode reward: 170.0  episode len: 523  epsilon: 0.9413542000019308
[85544/100000000]  episode: 170  episode reward: 310.0  episode len: 513  epsilon: 0.940892500001946
[85938/100000000]  episode: 171  episode reward: 130.0  episode len: 395  epsilon: 0.9405370000019577
[86314/100000000]  episode: 172  episode reward: 160.0  episode len: 377  epsilon: 0.9401977000019689
[86736/100000000]  episode: 173  episode reward: 200.0  episode len: 423  epsilon: 0.9398170000019814
[87232/100000000]  episode: 174  episode reward: 210.0  episode len: 497  epsilon: 0.9393697000019962
[87706/100000000]  episode: 175  episode reward: 310.0  episode len: 475  epsilon: 0.9389422000020102
[88154/100000000]  episode: 176  episode reward: 240.0  episode len: 449  epsilon: 0.9385381000020235
[88686/100000000]  episode: 177  episode reward: 290.0  episode len: 533  epsilon: 0.9380584000020393
[89172/100000000]  episode: 178  episode reward: 290.0  episode len: 487  epsilon: 0.9376201000020538
[89944/100000000]  episode: 179  episode reward: 310.0  episode len: 773  epsilon: 0.9369244000020767
[90412/100000000]  episode: 180  episode reward: 260.0  episode len: 469  epsilon: 0.9365023000020906
[90854/100000000]  episode: 181  episode reward: 250.0  episode len: 443  epsilon: 0.9361036000021037
[91422/100000000]  episode: 182  episode reward: 450.0  episode len: 569  epsilon: 0.9355915000021205
[91806/100000000]  episode: 183  episode reward: 210.0  episode len: 385  epsilon: 0.935245000002132
[92344/100000000]  episode: 184  episode reward: 240.0  episode len: 539  epsilon: 0.9347599000021479
[93016/100000000]  episode: 185  episode reward: 480.0  episode len: 673  epsilon: 0.9341542000021679
[93574/100000000]  episode: 186  episode reward: 350.0  episode len: 559  epsilon: 0.9336511000021844
[94046/100000000]  episode: 187  episode reward: 220.0  episode len: 473  epsilon: 0.9332254000021984
[94522/100000000]  episode: 188  episode reward: 210.0  episode len: 477  epsilon: 0.9327961000022126
[95074/100000000]  episode: 189  episode reward: 300.0  episode len: 553  epsilon: 0.932298400002229
[95568/100000000]  episode: 190  episode reward: 320.0  episode len: 495  epsilon: 0.9318529000022436
[96002/100000000]  episode: 191  episode reward: 190.0  episode len: 435  epsilon: 0.9314614000022565
[96406/100000000]  episode: 192  episode reward: 190.0  episode len: 405  epsilon: 0.9310969000022685
[96870/100000000]  episode: 193  episode reward: 150.0  episode len: 465  epsilon: 0.9306784000022823
[97376/100000000]  episode: 194  episode reward: 320.0  episode len: 507  epsilon: 0.9302221000022973
[97840/100000000]  episode: 195  episode reward: 220.0  episode len: 465  epsilon: 0.9298036000023111
[98324/100000000]  episode: 196  episode reward: 170.0  episode len: 485  epsilon: 0.9293671000023255
[98810/100000000]  episode: 197  episode reward: 340.0  episode len: 487  epsilon: 0.9289288000023399
[99204/100000000]  episode: 198  episode reward: 200.0  episode len: 395  epsilon: 0.9285733000023516
[99686/100000000]  episode: 199  episode reward: 200.0  episode len: 483  epsilon: 0.9281386000023659
[100208/100000000]  episode: 200  episode reward: 280.0  episode len: 523  epsilon: 0.9276679000023814
==============================================
Evaluating...
episode 1 reward: 470.0
episode 2 reward: 560.0
episode 3 reward: 430.0
episode 4 reward: 450.0
episode 5 reward: 690.0
average score: 520.0
==============================================
[100742/100000000]  episode: 201  episode reward: 270.0  episode len: 535  epsilon: 0.9271864000023973
[101478/100000000]  episode: 202  episode reward: 1120.0  episode len: 737  epsilon: 0.9265231000024191
[101954/100000000]  episode: 203  episode reward: 270.0  episode len: 477  epsilon: 0.9260938000024332
[102422/100000000]  episode: 204  episode reward: 230.0  episode len: 469  epsilon: 0.9256717000024471
[103156/100000000]  episode: 205  episode reward: 1100.0  episode len: 735  epsilon: 0.9250102000024689
[103590/100000000]  episode: 206  episode reward: 190.0  episode len: 435  epsilon: 0.9246187000024818
[104104/100000000]  episode: 207  episode reward: 250.0  episode len: 515  epsilon: 0.9241552000024971
[104446/100000000]  episode: 208  episode reward: 120.0  episode len: 343  epsilon: 0.9238465000025072
[104926/100000000]  episode: 209  episode reward: 270.0  episode len: 481  epsilon: 0.9234136000025215
[105454/100000000]  episode: 210  episode reward: 250.0  episode len: 529  epsilon: 0.9229375000025372
[105932/100000000]  episode: 211  episode reward: 180.0  episode len: 479  epsilon: 0.9225064000025514
[106402/100000000]  episode: 212  episode reward: 290.0  episode len: 471  epsilon: 0.9220825000025653
[106976/100000000]  episode: 213  episode reward: 400.0  episode len: 575  epsilon: 0.9215650000025823
[107414/100000000]  episode: 214  episode reward: 210.0  episode len: 439  epsilon: 0.9211699000025954
[107844/100000000]  episode: 215  episode reward: 290.0  episode len: 431  epsilon: 0.9207820000026081
[108458/100000000]  episode: 216  episode reward: 430.0  episode len: 615  epsilon: 0.9202285000026263
[108872/100000000]  episode: 217  episode reward: 210.0  episode len: 415  epsilon: 0.9198550000026386
[109252/100000000]  episode: 218  episode reward: 190.0  episode len: 381  epsilon: 0.9195121000026499
[109678/100000000]  episode: 219  episode reward: 200.0  episode len: 427  epsilon: 0.9191278000026626
[110144/100000000]  episode: 220  episode reward: 270.0  episode len: 467  epsilon: 0.9187075000026764
[110588/100000000]  episode: 221  episode reward: 270.0  episode len: 445  epsilon: 0.9183070000026896
[111138/100000000]  episode: 222  episode reward: 320.0  episode len: 551  epsilon: 0.9178111000027059
[111660/100000000]  episode: 223  episode reward: 270.0  episode len: 523  epsilon: 0.9173404000027214
[112152/100000000]  episode: 224  episode reward: 220.0  episode len: 493  epsilon: 0.916896700002736
[112644/100000000]  episode: 225  episode reward: 300.0  episode len: 493  epsilon: 0.9164530000027507
[113058/100000000]  episode: 226  episode reward: 180.0  episode len: 415  epsilon: 0.916079500002763
[113510/100000000]  episode: 227  episode reward: 280.0  episode len: 453  epsilon: 0.9156718000027764
[114038/100000000]  episode: 228  episode reward: 310.0  episode len: 529  epsilon: 0.915195700002792
[114384/100000000]  episode: 229  episode reward: 130.0  episode len: 347  epsilon: 0.9148834000028023
[114820/100000000]  episode: 230  episode reward: 140.0  episode len: 437  epsilon: 0.9144901000028153
[115360/100000000]  episode: 231  episode reward: 350.0  episode len: 541  epsilon: 0.9140032000028313
[115782/100000000]  episode: 232  episode reward: 200.0  episode len: 423  epsilon: 0.9136225000028438
[116284/100000000]  episode: 233  episode reward: 390.0  episode len: 503  epsilon: 0.9131698000028587
[116804/100000000]  episode: 234  episode reward: 220.0  episode len: 521  epsilon: 0.9127009000028742
[117250/100000000]  episode: 235  episode reward: 240.0  episode len: 447  epsilon: 0.9122986000028874
[117678/100000000]  episode: 236  episode reward: 250.0  episode len: 429  epsilon: 0.9119125000029001
[118188/100000000]  episode: 237  episode reward: 310.0  episode len: 511  epsilon: 0.9114526000029153
[118716/100000000]  episode: 238  episode reward: 290.0  episode len: 529  epsilon: 0.910976500002931
[119294/100000000]  episode: 239  episode reward: 290.0  episode len: 579  epsilon: 0.9104554000029481
[119850/100000000]  episode: 240  episode reward: 250.0  episode len: 557  epsilon: 0.9099541000029646
[120282/100000000]  episode: 241  episode reward: 230.0  episode len: 433  epsilon: 0.9095644000029774
[120768/100000000]  episode: 242  episode reward: 270.0  episode len: 487  epsilon: 0.9091261000029919
[121300/100000000]  episode: 243  episode reward: 260.0  episode len: 533  epsilon: 0.9086464000030077
[121748/100000000]  episode: 244  episode reward: 180.0  episode len: 449  epsilon: 0.908242300003021
[122304/100000000]  episode: 245  episode reward: 200.0  episode len: 557  epsilon: 0.9077410000030375
[122792/100000000]  episode: 246  episode reward: 140.0  episode len: 489  epsilon: 0.907300900003052
[123288/100000000]  episode: 247  episode reward: 230.0  episode len: 497  epsilon: 0.9068536000030667
[123960/100000000]  episode: 248  episode reward: 470.0  episode len: 673  epsilon: 0.9062479000030866
[124384/100000000]  episode: 249  episode reward: 240.0  episode len: 425  epsilon: 0.9058654000030992
[124878/100000000]  episode: 250  episode reward: 310.0  episode len: 495  epsilon: 0.9054199000031139
[125358/100000000]  episode: 251  episode reward: 180.0  episode len: 481  epsilon: 0.9049870000031282
[125938/100000000]  episode: 252  episode reward: 400.0  episode len: 581  epsilon: 0.9044641000031454
[126396/100000000]  episode: 253  episode reward: 180.0  episode len: 459  epsilon: 0.904051000003159
[126982/100000000]  episode: 254  episode reward: 350.0  episode len: 587  epsilon: 0.9035227000031764
[127466/100000000]  episode: 255  episode reward: 240.0  episode len: 485  epsilon: 0.9030862000031907
[127932/100000000]  episode: 256  episode reward: 300.0  episode len: 467  epsilon: 0.9026659000032046
[128598/100000000]  episode: 257  episode reward: 450.0  episode len: 667  epsilon: 0.9020656000032243
[129118/100000000]  episode: 258  episode reward: 330.0  episode len: 521  epsilon: 0.9015967000032398
[129676/100000000]  episode: 259  episode reward: 290.0  episode len: 559  epsilon: 0.9010936000032563
[130052/100000000]  episode: 260  episode reward: 200.0  episode len: 377  epsilon: 0.9007543000032675
[130796/100000000]  episode: 261  episode reward: 350.0  episode len: 745  epsilon: 0.9000838000032896
[131122/100000000]  episode: 262  episode reward: 140.0  episode len: 327  epsilon: 0.8997895000032993
[131634/100000000]  episode: 263  episode reward: 180.0  episode len: 513  epsilon: 0.8993278000033145
[132040/100000000]  episode: 264  episode reward: 180.0  episode len: 407  epsilon: 0.8989615000033265
[132536/100000000]  episode: 265  episode reward: 320.0  episode len: 497  epsilon: 0.8985142000033413
[133052/100000000]  episode: 266  episode reward: 250.0  episode len: 517  epsilon: 0.8980489000033566
[133496/100000000]  episode: 267  episode reward: 190.0  episode len: 445  epsilon: 0.8976484000033698
[133942/100000000]  episode: 268  episode reward: 250.0  episode len: 447  epsilon: 0.897246100003383
[134472/100000000]  episode: 269  episode reward: 270.0  episode len: 531  epsilon: 0.8967682000033987
[135016/100000000]  episode: 270  episode reward: 280.0  episode len: 545  epsilon: 0.8962777000034149
[135500/100000000]  episode: 271  episode reward: 240.0  episode len: 485  epsilon: 0.8958412000034293
[136054/100000000]  episode: 272  episode reward: 280.0  episode len: 555  epsilon: 0.8953417000034457
[136572/100000000]  episode: 273  episode reward: 350.0  episode len: 519  epsilon: 0.8948746000034611
[137046/100000000]  episode: 274  episode reward: 200.0  episode len: 475  epsilon: 0.8944471000034752
[137610/100000000]  episode: 275  episode reward: 350.0  episode len: 565  epsilon: 0.8939386000034919
[138052/100000000]  episode: 276  episode reward: 260.0  episode len: 443  epsilon: 0.893539900003505
[138688/100000000]  episode: 277  episode reward: 360.0  episode len: 637  epsilon: 0.8929666000035239
[139236/100000000]  episode: 278  episode reward: 300.0  episode len: 549  epsilon: 0.8924725000035402
[139730/100000000]  episode: 279  episode reward: 240.0  episode len: 495  epsilon: 0.8920270000035548
[140230/100000000]  episode: 280  episode reward: 170.0  episode len: 501  epsilon: 0.8915761000035697
[140618/100000000]  episode: 281  episode reward: 180.0  episode len: 389  epsilon: 0.8912260000035812
[141046/100000000]  episode: 282  episode reward: 250.0  episode len: 429  epsilon: 0.8908399000035939
[141790/100000000]  episode: 283  episode reward: 340.0  episode len: 745  epsilon: 0.890169400003616
[142326/100000000]  episode: 284  episode reward: 200.0  episode len: 537  epsilon: 0.8896861000036319
[142842/100000000]  episode: 285  episode reward: 290.0  episode len: 517  epsilon: 0.8892208000036472
[143366/100000000]  episode: 286  episode reward: 210.0  episode len: 525  epsilon: 0.8887483000036628
[144010/100000000]  episode: 287  episode reward: 650.0  episode len: 645  epsilon: 0.8881678000036819
[144442/100000000]  episode: 288  episode reward: 180.0  episode len: 433  epsilon: 0.8877781000036947
[144836/100000000]  episode: 289  episode reward: 150.0  episode len: 395  epsilon: 0.8874226000037064
[145308/100000000]  episode: 290  episode reward: 230.0  episode len: 473  epsilon: 0.8869969000037204
[145742/100000000]  episode: 291  episode reward: 260.0  episode len: 435  epsilon: 0.8866054000037333
[146204/100000000]  episode: 292  episode reward: 270.0  episode len: 463  epsilon: 0.886188700003747
[146612/100000000]  episode: 293  episode reward: 190.0  episode len: 409  epsilon: 0.8858206000037592
[147092/100000000]  episode: 294  episode reward: 300.0  episode len: 481  epsilon: 0.8853877000037734
[147708/100000000]  episode: 295  episode reward: 260.0  episode len: 617  epsilon: 0.8848324000037917
[148152/100000000]  episode: 296  episode reward: 240.0  episode len: 445  epsilon: 0.8844319000038049
[148842/100000000]  episode: 297  episode reward: 1050.0  episode len: 691  epsilon: 0.8838100000038254
[149346/100000000]  episode: 298  episode reward: 350.0  episode len: 505  epsilon: 0.8833555000038403
[149984/100000000]  episode: 299  episode reward: 330.0  episode len: 639  epsilon: 0.8827804000038593
[150448/100000000]  episode: 300  episode reward: 220.0  episode len: 465  epsilon: 0.882361900003873
==============================================
Evaluating...
episode 1 reward: 300.0
episode 2 reward: 380.0
episode 3 reward: 450.0
episode 4 reward: 640.0
episode 5 reward: 400.0
average score: 434.0
==============================================
[150814/100000000]  episode: 301  episode reward: 210.0  episode len: 367  epsilon: 0.8820316000038839
[151222/100000000]  episode: 302  episode reward: 240.0  episode len: 409  epsilon: 0.881663500003896
[151618/100000000]  episode: 303  episode reward: 240.0  episode len: 397  epsilon: 0.8813062000039078
[152106/100000000]  episode: 304  episode reward: 330.0  episode len: 489  epsilon: 0.8808661000039223
[152440/100000000]  episode: 305  episode reward: 200.0  episode len: 335  epsilon: 0.8805646000039322
[152920/100000000]  episode: 306  episode reward: 290.0  episode len: 481  epsilon: 0.8801317000039465
[153454/100000000]  episode: 307  episode reward: 330.0  episode len: 535  epsilon: 0.8796502000039623
[153870/100000000]  episode: 308  episode reward: 140.0  episode len: 417  epsilon: 0.8792749000039747
[154608/100000000]  episode: 309  episode reward: 540.0  episode len: 739  epsilon: 0.8786098000039966
[155136/100000000]  episode: 310  episode reward: 210.0  episode len: 529  epsilon: 0.8781337000040123
[155644/100000000]  episode: 311  episode reward: 220.0  episode len: 509  epsilon: 0.8776756000040273
[156156/100000000]  episode: 312  episode reward: 320.0  episode len: 513  epsilon: 0.8772139000040425
[156566/100000000]  episode: 313  episode reward: 270.0  episode len: 411  epsilon: 0.8768440000040547
[157242/100000000]  episode: 314  episode reward: 630.0  episode len: 677  epsilon: 0.8762347000040748
[157812/100000000]  episode: 315  episode reward: 420.0  episode len: 571  epsilon: 0.8757208000040917
[158334/100000000]  episode: 316  episode reward: 340.0  episode len: 523  epsilon: 0.8752501000041072
[159036/100000000]  episode: 317  episode reward: 650.0  episode len: 703  epsilon: 0.874617400004128
[159480/100000000]  episode: 318  episode reward: 180.0  episode len: 445  epsilon: 0.8742169000041412
[159954/100000000]  episode: 319  episode reward: 230.0  episode len: 475  epsilon: 0.8737894000041553
[160384/100000000]  episode: 320  episode reward: 200.0  episode len: 431  epsilon: 0.873401500004168
[161258/100000000]  episode: 321  episode reward: 460.0  episode len: 875  epsilon: 0.872614000004194
[161792/100000000]  episode: 322  episode reward: 270.0  episode len: 535  epsilon: 0.8721325000042098
[162356/100000000]  episode: 323  episode reward: 260.0  episode len: 565  epsilon: 0.8716240000042266
[163012/100000000]  episode: 324  episode reward: 670.0  episode len: 657  epsilon: 0.871032700004246
[163530/100000000]  episode: 325  episode reward: 230.0  episode len: 519  epsilon: 0.8705656000042614
[164220/100000000]  episode: 326  episode reward: 290.0  episode len: 691  epsilon: 0.8699437000042819
[164760/100000000]  episode: 327  episode reward: 280.0  episode len: 541  epsilon: 0.8694568000042979
[165310/100000000]  episode: 328  episode reward: 330.0  episode len: 551  epsilon: 0.8689609000043143
[165876/100000000]  episode: 329  episode reward: 350.0  episode len: 567  epsilon: 0.868450600004331
[166366/100000000]  episode: 330  episode reward: 240.0  episode len: 491  epsilon: 0.8680087000043456
[167048/100000000]  episode: 331  episode reward: 750.0  episode len: 683  epsilon: 0.8673940000043658
[167520/100000000]  episode: 332  episode reward: 300.0  episode len: 473  epsilon: 0.8669683000043799
[167922/100000000]  episode: 333  episode reward: 210.0  episode len: 403  epsilon: 0.8666056000043918
[168348/100000000]  episode: 334  episode reward: 210.0  episode len: 427  epsilon: 0.8662213000044044
[168794/100000000]  episode: 335  episode reward: 240.0  episode len: 447  epsilon: 0.8658190000044177
[169270/100000000]  episode: 336  episode reward: 260.0  episode len: 477  epsilon: 0.8653897000044318
[169810/100000000]  episode: 337  episode reward: 280.0  episode len: 541  epsilon: 0.8649028000044479
[170346/100000000]  episode: 338  episode reward: 270.0  episode len: 537  epsilon: 0.8644195000044638
[170926/100000000]  episode: 339  episode reward: 370.0  episode len: 581  epsilon: 0.863896600004481
[171342/100000000]  episode: 340  episode reward: 210.0  episode len: 417  epsilon: 0.8635213000044933
[171712/100000000]  episode: 341  episode reward: 200.0  episode len: 371  epsilon: 0.8631874000045043
[172228/100000000]  episode: 342  episode reward: 260.0  episode len: 517  epsilon: 0.8627221000045197
[172952/100000000]  episode: 343  episode reward: 700.0  episode len: 725  epsilon: 0.8620696000045411
[173640/100000000]  episode: 344  episode reward: 290.0  episode len: 689  epsilon: 0.8614495000045616
[174194/100000000]  episode: 345  episode reward: 330.0  episode len: 555  epsilon: 0.860950000004578
[174582/100000000]  episode: 346  episode reward: 220.0  episode len: 389  epsilon: 0.8605999000045895
[175034/100000000]  episode: 347  episode reward: 240.0  episode len: 453  epsilon: 0.860192200004603
[175814/100000000]  episode: 348  episode reward: 650.0  episode len: 781  epsilon: 0.8594893000046261
[176208/100000000]  episode: 349  episode reward: 300.0  episode len: 395  epsilon: 0.8591338000046378
[176858/100000000]  episode: 350  episode reward: 400.0  episode len: 651  epsilon: 0.8585479000046571
[177266/100000000]  episode: 351  episode reward: 230.0  episode len: 409  epsilon: 0.8581798000046692
[177744/100000000]  episode: 352  episode reward: 300.0  episode len: 479  epsilon: 0.8577487000046834
[178156/100000000]  episode: 353  episode reward: 280.0  episode len: 413  epsilon: 0.8573770000046956
[178488/100000000]  episode: 354  episode reward: 170.0  episode len: 333  epsilon: 0.8570773000047055
[178896/100000000]  episode: 355  episode reward: 270.0  episode len: 409  epsilon: 0.8567092000047176
[179466/100000000]  episode: 356  episode reward: 280.0  episode len: 571  epsilon: 0.8561953000047345
[180030/100000000]  episode: 357  episode reward: 380.0  episode len: 565  epsilon: 0.8556868000047513
[180476/100000000]  episode: 358  episode reward: 240.0  episode len: 447  epsilon: 0.8552845000047645
[180974/100000000]  episode: 359  episode reward: 210.0  episode len: 499  epsilon: 0.8548354000047793
[181468/100000000]  episode: 360  episode reward: 280.0  episode len: 495  epsilon: 0.854389900004794
[181812/100000000]  episode: 361  episode reward: 210.0  episode len: 345  epsilon: 0.8540794000048042
[182274/100000000]  episode: 362  episode reward: 240.0  episode len: 463  epsilon: 0.8536627000048179
[182748/100000000]  episode: 363  episode reward: 220.0  episode len: 475  epsilon: 0.853235200004832
[183304/100000000]  episode: 364  episode reward: 260.0  episode len: 557  epsilon: 0.8527339000048485
[183638/100000000]  episode: 365  episode reward: 170.0  episode len: 335  epsilon: 0.8524324000048584
[184372/100000000]  episode: 366  episode reward: 470.0  episode len: 735  epsilon: 0.8517709000048802
[184918/100000000]  episode: 367  episode reward: 280.0  episode len: 547  epsilon: 0.8512786000048964
[185444/100000000]  episode: 368  episode reward: 340.0  episode len: 527  epsilon: 0.850804300004912
[185994/100000000]  episode: 369  episode reward: 360.0  episode len: 551  epsilon: 0.8503084000049284
[186506/100000000]  episode: 370  episode reward: 260.0  episode len: 513  epsilon: 0.8498467000049436
[187072/100000000]  episode: 371  episode reward: 260.0  episode len: 567  epsilon: 0.8493364000049604
[187526/100000000]  episode: 372  episode reward: 260.0  episode len: 455  epsilon: 0.8489269000049738
[188016/100000000]  episode: 373  episode reward: 290.0  episode len: 491  epsilon: 0.8484850000049884
[188448/100000000]  episode: 374  episode reward: 280.0  episode len: 433  epsilon: 0.8480953000050012
[188984/100000000]  episode: 375  episode reward: 260.0  episode len: 537  epsilon: 0.8476120000050171
[189502/100000000]  episode: 376  episode reward: 300.0  episode len: 519  epsilon: 0.8471449000050325
[190014/100000000]  episode: 377  episode reward: 380.0  episode len: 513  epsilon: 0.8466832000050477
[190576/100000000]  episode: 378  episode reward: 330.0  episode len: 563  epsilon: 0.8461765000050644
[191224/100000000]  episode: 379  episode reward: 360.0  episode len: 649  epsilon: 0.8455924000050836
[191806/100000000]  episode: 380  episode reward: 1050.0  episode len: 583  epsilon: 0.8450677000051009
[192220/100000000]  episode: 381  episode reward: 330.0  episode len: 415  epsilon: 0.8446942000051132
[192756/100000000]  episode: 382  episode reward: 300.0  episode len: 537  epsilon: 0.8442109000051291
[193284/100000000]  episode: 383  episode reward: 360.0  episode len: 529  epsilon: 0.8437348000051448
[193818/100000000]  episode: 384  episode reward: 300.0  episode len: 535  epsilon: 0.8432533000051606
[194240/100000000]  episode: 385  episode reward: 210.0  episode len: 423  epsilon: 0.8428726000051732
[194660/100000000]  episode: 386  episode reward: 210.0  episode len: 421  epsilon: 0.8424937000051856
[195152/100000000]  episode: 387  episode reward: 220.0  episode len: 493  epsilon: 0.8420500000052002
[195660/100000000]  episode: 388  episode reward: 270.0  episode len: 509  epsilon: 0.8415919000052153
[196032/100000000]  episode: 389  episode reward: 190.0  episode len: 373  epsilon: 0.8412562000052264
[196452/100000000]  episode: 390  episode reward: 230.0  episode len: 421  epsilon: 0.8408773000052389
[196854/100000000]  episode: 391  episode reward: 150.0  episode len: 403  epsilon: 0.8405146000052508
[197302/100000000]  episode: 392  episode reward: 220.0  episode len: 449  epsilon: 0.8401105000052641
[197730/100000000]  episode: 393  episode reward: 230.0  episode len: 429  epsilon: 0.8397244000052768
[198544/100000000]  episode: 394  episode reward: 550.0  episode len: 815  epsilon: 0.838990900005301
[198994/100000000]  episode: 395  episode reward: 300.0  episode len: 451  epsilon: 0.8385850000053143
[199476/100000000]  episode: 396  episode reward: 260.0  episode len: 483  epsilon: 0.8381503000053286
[200018/100000000]  episode: 397  episode reward: 310.0  episode len: 543  epsilon: 0.8376616000053447
[200518/100000000]  episode: 398  episode reward: 320.0  episode len: 501  epsilon: 0.8372107000053596
[201320/100000000]  episode: 399  episode reward: 1190.0  episode len: 803  epsilon: 0.8364880000053834
[201826/100000000]  episode: 400  episode reward: 240.0  episode len: 507  epsilon: 0.8360317000053984
==============================================
Evaluating...
episode 1 reward: 390.0
episode 2 reward: 380.0
episode 3 reward: 800.0
episode 4 reward: 720.0
episode 5 reward: 410.0
average score: 540.0
==============================================
[202292/100000000]  episode: 401  episode reward: 280.0  episode len: 467  epsilon: 0.8356114000054122
[202838/100000000]  episode: 402  episode reward: 360.0  episode len: 547  epsilon: 0.8351191000054284
[203378/100000000]  episode: 403  episode reward: 340.0  episode len: 541  epsilon: 0.8346322000054445
[203902/100000000]  episode: 404  episode reward: 260.0  episode len: 525  epsilon: 0.83415970000546
[204446/100000000]  episode: 405  episode reward: 260.0  episode len: 545  epsilon: 0.8336692000054762
[205390/100000000]  episode: 406  episode reward: 720.0  episode len: 945  epsilon: 0.8328187000055042
[205780/100000000]  episode: 407  episode reward: 200.0  episode len: 391  epsilon: 0.8324668000055158
[206220/100000000]  episode: 408  episode reward: 210.0  episode len: 441  epsilon: 0.8320699000055288
[206766/100000000]  episode: 409  episode reward: 350.0  episode len: 547  epsilon: 0.831577600005545
[207286/100000000]  episode: 410  episode reward: 310.0  episode len: 521  epsilon: 0.8311087000055605
[207788/100000000]  episode: 411  episode reward: 350.0  episode len: 503  epsilon: 0.8306560000055754
[208162/100000000]  episode: 412  episode reward: 190.0  episode len: 375  epsilon: 0.8303185000055865
[208628/100000000]  episode: 413  episode reward: 290.0  episode len: 467  epsilon: 0.8298982000056003
[209038/100000000]  episode: 414  episode reward: 210.0  episode len: 411  epsilon: 0.8295283000056125
[209384/100000000]  episode: 415  episode reward: 240.0  episode len: 347  epsilon: 0.8292160000056228
[209910/100000000]  episode: 416  episode reward: 280.0  episode len: 527  epsilon: 0.8287417000056384
[210382/100000000]  episode: 417  episode reward: 210.0  episode len: 473  epsilon: 0.8283160000056524
[210908/100000000]  episode: 418  episode reward: 310.0  episode len: 527  epsilon: 0.827841700005668
[211566/100000000]  episode: 419  episode reward: 630.0  episode len: 659  epsilon: 0.8272486000056876
[212206/100000000]  episode: 420  episode reward: 460.0  episode len: 641  epsilon: 0.8266717000057066
[212726/100000000]  episode: 421  episode reward: 340.0  episode len: 521  epsilon: 0.826202800005722
[213214/100000000]  episode: 422  episode reward: 320.0  episode len: 489  epsilon: 0.8257627000057365
[213630/100000000]  episode: 423  episode reward: 250.0  episode len: 417  epsilon: 0.8253874000057488
[214086/100000000]  episode: 424  episode reward: 230.0  episode len: 457  epsilon: 0.8249761000057624
[214584/100000000]  episode: 425  episode reward: 290.0  episode len: 499  epsilon: 0.8245270000057772
[215074/100000000]  episode: 426  episode reward: 250.0  episode len: 491  epsilon: 0.8240851000057917
[215532/100000000]  episode: 427  episode reward: 270.0  episode len: 459  epsilon: 0.8236720000058053
[216028/100000000]  episode: 428  episode reward: 300.0  episode len: 497  epsilon: 0.82322470000582
[216590/100000000]  episode: 429  episode reward: 220.0  episode len: 563  epsilon: 0.8227180000058367
[217100/100000000]  episode: 430  episode reward: 340.0  episode len: 511  epsilon: 0.8222581000058519
[217622/100000000]  episode: 431  episode reward: 300.0  episode len: 523  epsilon: 0.8217874000058674
[218094/100000000]  episode: 432  episode reward: 260.0  episode len: 473  epsilon: 0.8213617000058814
[218746/100000000]  episode: 433  episode reward: 510.0  episode len: 653  epsilon: 0.8207740000059007
[219602/100000000]  episode: 434  episode reward: 1280.0  episode len: 857  epsilon: 0.8200027000059261
[220124/100000000]  episode: 435  episode reward: 210.0  episode len: 523  epsilon: 0.8195320000059416
[221318/100000000]  episode: 436  episode reward: 2210.0  episode len: 1195  epsilon: 0.818456500005977
[222024/100000000]  episode: 437  episode reward: 480.0  episode len: 707  epsilon: 0.817820200005998
[222724/100000000]  episode: 438  episode reward: 340.0  episode len: 701  epsilon: 0.8171893000060187
[223360/100000000]  episode: 439  episode reward: 730.0  episode len: 637  epsilon: 0.8166160000060376
[224048/100000000]  episode: 440  episode reward: 570.0  episode len: 689  epsilon: 0.815995900006058
[224616/100000000]  episode: 441  episode reward: 230.0  episode len: 569  epsilon: 0.8154838000060749
[225114/100000000]  episode: 442  episode reward: 290.0  episode len: 499  epsilon: 0.8150347000060897
[225602/100000000]  episode: 443  episode reward: 400.0  episode len: 489  epsilon: 0.8145946000061042
[225994/100000000]  episode: 444  episode reward: 200.0  episode len: 393  epsilon: 0.8142409000061158
[226564/100000000]  episode: 445  episode reward: 280.0  episode len: 571  epsilon: 0.8137270000061327
[226944/100000000]  episode: 446  episode reward: 180.0  episode len: 381  epsilon: 0.813384100006144
[227480/100000000]  episode: 447  episode reward: 230.0  episode len: 537  epsilon: 0.8129008000061599
[228086/100000000]  episode: 448  episode reward: 610.0  episode len: 607  epsilon: 0.8123545000061779
[228540/100000000]  episode: 449  episode reward: 310.0  episode len: 455  epsilon: 0.8119450000061914
[229082/100000000]  episode: 450  episode reward: 340.0  episode len: 543  epsilon: 0.8114563000062075
[229550/100000000]  episode: 451  episode reward: 260.0  episode len: 469  epsilon: 0.8110342000062214
[230044/100000000]  episode: 452  episode reward: 270.0  episode len: 495  epsilon: 0.8105887000062361
[230698/100000000]  episode: 453  episode reward: 530.0  episode len: 655  epsilon: 0.8099992000062555
[231190/100000000]  episode: 454  episode reward: 270.0  episode len: 493  epsilon: 0.8095555000062701
[231870/100000000]  episode: 455  episode reward: 430.0  episode len: 681  epsilon: 0.8089426000062903
[232378/100000000]  episode: 456  episode reward: 270.0  episode len: 509  epsilon: 0.8084845000063053
[232812/100000000]  episode: 457  episode reward: 260.0  episode len: 435  epsilon: 0.8080930000063182
[233314/100000000]  episode: 458  episode reward: 260.0  episode len: 503  epsilon: 0.8076403000063331
[233828/100000000]  episode: 459  episode reward: 240.0  episode len: 515  epsilon: 0.8071768000063484
[234268/100000000]  episode: 460  episode reward: 290.0  episode len: 441  epsilon: 0.8067799000063615
[234796/100000000]  episode: 461  episode reward: 260.0  episode len: 529  epsilon: 0.8063038000063771
[235302/100000000]  episode: 462  episode reward: 310.0  episode len: 507  epsilon: 0.8058475000063922
[235886/100000000]  episode: 463  episode reward: 390.0  episode len: 585  epsilon: 0.8053210000064095
[236360/100000000]  episode: 464  episode reward: 290.0  episode len: 475  epsilon: 0.8048935000064236
[236798/100000000]  episode: 465  episode reward: 300.0  episode len: 439  epsilon: 0.8044984000064366
[237364/100000000]  episode: 466  episode reward: 450.0  episode len: 567  epsilon: 0.8039881000064534
[237902/100000000]  episode: 467  episode reward: 380.0  episode len: 539  epsilon: 0.8035030000064693
[238310/100000000]  episode: 468  episode reward: 270.0  episode len: 409  epsilon: 0.8031349000064815
[238730/100000000]  episode: 469  episode reward: 370.0  episode len: 421  epsilon: 0.8027560000064939
[239112/100000000]  episode: 470  episode reward: 250.0  episode len: 383  epsilon: 0.8024113000065053
[239852/100000000]  episode: 471  episode reward: 450.0  episode len: 741  epsilon: 0.8017444000065272
[240374/100000000]  episode: 472  episode reward: 350.0  episode len: 523  epsilon: 0.8012737000065427
[240946/100000000]  episode: 473  episode reward: 390.0  episode len: 573  epsilon: 0.8007580000065597
[241340/100000000]  episode: 474  episode reward: 310.0  episode len: 395  epsilon: 0.8004025000065714
[241834/100000000]  episode: 475  episode reward: 310.0  episode len: 495  epsilon: 0.7999570000065861
[242492/100000000]  episode: 476  episode reward: 590.0  episode len: 659  epsilon: 0.7993639000066056
[243140/100000000]  episode: 477  episode reward: 420.0  episode len: 649  epsilon: 0.7987798000066249
[243772/100000000]  episode: 478  episode reward: 660.0  episode len: 633  epsilon: 0.7982101000066436
[244272/100000000]  episode: 479  episode reward: 220.0  episode len: 501  epsilon: 0.7977592000066585
[245098/100000000]  episode: 480  episode reward: 380.0  episode len: 827  epsilon: 0.797014900006683
[245798/100000000]  episode: 481  episode reward: 720.0  episode len: 701  epsilon: 0.7963840000067037
[246478/100000000]  episode: 482  episode reward: 1220.0  episode len: 681  epsilon: 0.7957711000067239
[247132/100000000]  episode: 483  episode reward: 440.0  episode len: 655  epsilon: 0.7951816000067433
[247660/100000000]  episode: 484  episode reward: 380.0  episode len: 529  epsilon: 0.794705500006759
[248024/100000000]  episode: 485  episode reward: 220.0  episode len: 365  epsilon: 0.7943770000067698
[248426/100000000]  episode: 486  episode reward: 240.0  episode len: 403  epsilon: 0.7940143000067817
[248888/100000000]  episode: 487  episode reward: 230.0  episode len: 463  epsilon: 0.7935976000067955
[249440/100000000]  episode: 488  episode reward: 370.0  episode len: 553  epsilon: 0.7930999000068119
[250398/100000000]  episode: 489  episode reward: 980.0  episode len: 959  epsilon: 0.7922368000068403
[250850/100000000]  episode: 490  episode reward: 230.0  episode len: 453  epsilon: 0.7918291000068537
[251600/100000000]  episode: 491  episode reward: 580.0  episode len: 751  epsilon: 0.791153200006876
[252150/100000000]  episode: 492  episode reward: 230.0  episode len: 551  epsilon: 0.7906573000068923
[252562/100000000]  episode: 493  episode reward: 320.0  episode len: 413  epsilon: 0.7902856000069045
[252874/100000000]  episode: 494  episode reward: 200.0  episode len: 313  epsilon: 0.7900039000069138
[253514/100000000]  episode: 495  episode reward: 480.0  episode len: 641  epsilon: 0.7894270000069328
[254054/100000000]  episode: 496  episode reward: 470.0  episode len: 541  epsilon: 0.7889401000069488
[254710/100000000]  episode: 497  episode reward: 340.0  episode len: 657  epsilon: 0.7883488000069683
[255268/100000000]  episode: 498  episode reward: 260.0  episode len: 559  epsilon: 0.7878457000069848
[255686/100000000]  episode: 499  episode reward: 180.0  episode len: 419  epsilon: 0.7874686000069973
[256130/100000000]  episode: 500  episode reward: 300.0  episode len: 445  epsilon: 0.7870681000070104
==============================================
Evaluating...
episode 1 reward: 1370.0
episode 2 reward: 510.0
episode 3 reward: 400.0
episode 4 reward: 1320.0
episode 5 reward: 1320.0
average score: 984.0
==============================================
[256516/100000000]  episode: 501  episode reward: 210.0  episode len: 387  epsilon: 0.7867198000070219
[257076/100000000]  episode: 502  episode reward: 390.0  episode len: 561  epsilon: 0.7862149000070385
[257626/100000000]  episode: 503  episode reward: 470.0  episode len: 551  epsilon: 0.7857190000070549
[258254/100000000]  episode: 504  episode reward: 550.0  episode len: 629  epsilon: 0.7851529000070735
[258968/100000000]  episode: 505  episode reward: 1150.0  episode len: 715  epsilon: 0.7845094000070947
[259636/100000000]  episode: 506  episode reward: 470.0  episode len: 669  epsilon: 0.7839073000071145
[260210/100000000]  episode: 507  episode reward: 320.0  episode len: 575  epsilon: 0.7833898000071315
[260870/100000000]  episode: 508  episode reward: 410.0  episode len: 661  epsilon: 0.7827949000071511
[261534/100000000]  episode: 509  episode reward: 470.0  episode len: 665  epsilon: 0.7821964000071708
[262110/100000000]  episode: 510  episode reward: 320.0  episode len: 577  epsilon: 0.7816771000071879
[262638/100000000]  episode: 511  episode reward: 240.0  episode len: 529  epsilon: 0.7812010000072036
[263094/100000000]  episode: 512  episode reward: 220.0  episode len: 457  epsilon: 0.7807897000072171
[263984/100000000]  episode: 513  episode reward: 840.0  episode len: 891  epsilon: 0.7799878000072435
[264512/100000000]  episode: 514  episode reward: 370.0  episode len: 529  epsilon: 0.7795117000072592
[265120/100000000]  episode: 515  episode reward: 940.0  episode len: 609  epsilon: 0.7789636000072773
[265736/100000000]  episode: 516  episode reward: 600.0  episode len: 617  epsilon: 0.7784083000072956
[266204/100000000]  episode: 517  episode reward: 310.0  episode len: 469  epsilon: 0.7779862000073094
[266738/100000000]  episode: 518  episode reward: 350.0  episode len: 535  epsilon: 0.7775047000073253
[267244/100000000]  episode: 519  episode reward: 280.0  episode len: 507  epsilon: 0.7770484000073403
[267880/100000000]  episode: 520  episode reward: 480.0  episode len: 637  epsilon: 0.7764751000073592
[268296/100000000]  episode: 521  episode reward: 300.0  episode len: 417  epsilon: 0.7760998000073716
[268760/100000000]  episode: 522  episode reward: 260.0  episode len: 465  epsilon: 0.7756813000073853
[269538/100000000]  episode: 523  episode reward: 1460.0  episode len: 779  epsilon: 0.7749802000074084
[269986/100000000]  episode: 524  episode reward: 360.0  episode len: 449  epsilon: 0.7745761000074217
[270626/100000000]  episode: 525  episode reward: 660.0  episode len: 641  epsilon: 0.7739992000074407
[271082/100000000]  episode: 526  episode reward: 300.0  episode len: 457  epsilon: 0.7735879000074543
[271780/100000000]  episode: 527  episode reward: 650.0  episode len: 699  epsilon: 0.772958800007475
[272304/100000000]  episode: 528  episode reward: 270.0  episode len: 525  epsilon: 0.7724863000074905
[272848/100000000]  episode: 529  episode reward: 320.0  episode len: 545  epsilon: 0.7719958000075067
[273410/100000000]  episode: 530  episode reward: 480.0  episode len: 563  epsilon: 0.7714891000075234
[273844/100000000]  episode: 531  episode reward: 270.0  episode len: 435  epsilon: 0.7710976000075362
[274366/100000000]  episode: 532  episode reward: 290.0  episode len: 523  epsilon: 0.7706269000075517
[274828/100000000]  episode: 533  episode reward: 300.0  episode len: 463  epsilon: 0.7702102000075655
[275174/100000000]  episode: 534  episode reward: 180.0  episode len: 347  epsilon: 0.7698979000075757
[275638/100000000]  episode: 535  episode reward: 210.0  episode len: 465  epsilon: 0.7694794000075895
[276126/100000000]  episode: 536  episode reward: 340.0  episode len: 489  epsilon: 0.769039300007604
[276576/100000000]  episode: 537  episode reward: 290.0  episode len: 451  epsilon: 0.7686334000076174
[277166/100000000]  episode: 538  episode reward: 380.0  episode len: 591  epsilon: 0.7681015000076349
[277638/100000000]  episode: 539  episode reward: 240.0  episode len: 473  epsilon: 0.7676758000076489
[278178/100000000]  episode: 540  episode reward: 440.0  episode len: 541  epsilon: 0.7671889000076649
[278590/100000000]  episode: 541  episode reward: 270.0  episode len: 413  epsilon: 0.7668172000076772
[279092/100000000]  episode: 542  episode reward: 380.0  episode len: 503  epsilon: 0.7663645000076921
[279538/100000000]  episode: 543  episode reward: 350.0  episode len: 447  epsilon: 0.7659622000077053
[280158/100000000]  episode: 544  episode reward: 450.0  episode len: 621  epsilon: 0.7654033000077237
[280670/100000000]  episode: 545  episode reward: 290.0  episode len: 513  epsilon: 0.7649416000077389
[281332/100000000]  episode: 546  episode reward: 700.0  episode len: 663  epsilon: 0.7643449000077586
[281948/100000000]  episode: 547  episode reward: 410.0  episode len: 617  epsilon: 0.7637896000077768
[282478/100000000]  episode: 548  episode reward: 260.0  episode len: 531  epsilon: 0.7633117000077926
[283182/100000000]  episode: 549  episode reward: 590.0  episode len: 705  epsilon: 0.7626772000078135
[283828/100000000]  episode: 550  episode reward: 1040.0  episode len: 647  epsilon: 0.7620949000078326
[284648/100000000]  episode: 551  episode reward: 480.0  episode len: 821  epsilon: 0.761356000007857
[285398/100000000]  episode: 552  episode reward: 1980.0  episode len: 751  epsilon: 0.7606801000078792
[285950/100000000]  episode: 553  episode reward: 390.0  episode len: 553  epsilon: 0.7601824000078956
[286676/100000000]  episode: 554  episode reward: 1260.0  episode len: 727  epsilon: 0.7595281000079172
[287238/100000000]  episode: 555  episode reward: 450.0  episode len: 563  epsilon: 0.7590214000079338
[287634/100000000]  episode: 556  episode reward: 260.0  episode len: 397  epsilon: 0.7586641000079456
[288126/100000000]  episode: 557  episode reward: 340.0  episode len: 493  epsilon: 0.7582204000079602
[288656/100000000]  episode: 558  episode reward: 350.0  episode len: 531  epsilon: 0.7577425000079759
[289008/100000000]  episode: 559  episode reward: 210.0  episode len: 353  epsilon: 0.7574248000079864
[289536/100000000]  episode: 560  episode reward: 370.0  episode len: 529  epsilon: 0.7569487000080021
[290064/100000000]  episode: 561  episode reward: 360.0  episode len: 529  epsilon: 0.7564726000080177
[290512/100000000]  episode: 562  episode reward: 320.0  episode len: 449  epsilon: 0.756068500008031
[291066/100000000]  episode: 563  episode reward: 360.0  episode len: 555  epsilon: 0.7555690000080475
[291486/100000000]  episode: 564  episode reward: 230.0  episode len: 421  epsilon: 0.75519010000806
[291980/100000000]  episode: 565  episode reward: 300.0  episode len: 495  epsilon: 0.7547446000080746
[292672/100000000]  episode: 566  episode reward: 470.0  episode len: 693  epsilon: 0.7541209000080952
[293122/100000000]  episode: 567  episode reward: 200.0  episode len: 451  epsilon: 0.7537150000081085
[294018/100000000]  episode: 568  episode reward: 920.0  episode len: 897  epsilon: 0.7529077000081351
[294442/100000000]  episode: 569  episode reward: 220.0  episode len: 425  epsilon: 0.7525252000081477
[294988/100000000]  episode: 570  episode reward: 300.0  episode len: 547  epsilon: 0.7520329000081639
[295444/100000000]  episode: 571  episode reward: 340.0  episode len: 457  epsilon: 0.7516216000081775
[295952/100000000]  episode: 572  episode reward: 280.0  episode len: 509  epsilon: 0.7511635000081925
[296708/100000000]  episode: 573  episode reward: 460.0  episode len: 757  epsilon: 0.750482200008215
[297250/100000000]  episode: 574  episode reward: 330.0  episode len: 543  epsilon: 0.7499935000082311
[297764/100000000]  episode: 575  episode reward: 340.0  episode len: 515  epsilon: 0.7495300000082463
[298108/100000000]  episode: 576  episode reward: 210.0  episode len: 345  epsilon: 0.7492195000082565
[298528/100000000]  episode: 577  episode reward: 260.0  episode len: 421  epsilon: 0.748840600008269
[299202/100000000]  episode: 578  episode reward: 480.0  episode len: 675  epsilon: 0.748233100008289
[299754/100000000]  episode: 579  episode reward: 330.0  episode len: 553  epsilon: 0.7477354000083054
[300470/100000000]  episode: 580  episode reward: 570.0  episode len: 717  epsilon: 0.7470901000083267
[300962/100000000]  episode: 581  episode reward: 290.0  episode len: 493  epsilon: 0.7466464000083413
[301646/100000000]  episode: 582  episode reward: 670.0  episode len: 685  epsilon: 0.7460299000083616
[302144/100000000]  episode: 583  episode reward: 300.0  episode len: 499  epsilon: 0.7455808000083763
[302582/100000000]  episode: 584  episode reward: 260.0  episode len: 439  epsilon: 0.7451857000083894
[303148/100000000]  episode: 585  episode reward: 330.0  episode len: 567  epsilon: 0.7446754000084062
[304050/100000000]  episode: 586  episode reward: 710.0  episode len: 903  epsilon: 0.7438627000084329
[304616/100000000]  episode: 587  episode reward: 340.0  episode len: 567  epsilon: 0.7433524000084497
[305184/100000000]  episode: 588  episode reward: 440.0  episode len: 569  epsilon: 0.7428403000084666
[305744/100000000]  episode: 589  episode reward: 370.0  episode len: 561  epsilon: 0.7423354000084832
[306206/100000000]  episode: 590  episode reward: 300.0  episode len: 463  epsilon: 0.7419187000084969
[306824/100000000]  episode: 591  episode reward: 410.0  episode len: 619  epsilon: 0.7413616000085153
[307376/100000000]  episode: 592  episode reward: 420.0  episode len: 553  epsilon: 0.7408639000085316
[308100/100000000]  episode: 593  episode reward: 550.0  episode len: 725  epsilon: 0.7402114000085531
[308804/100000000]  episode: 594  episode reward: 590.0  episode len: 705  epsilon: 0.739576900008574
[309302/100000000]  episode: 595  episode reward: 410.0  episode len: 499  epsilon: 0.7391278000085888
[309752/100000000]  episode: 596  episode reward: 280.0  episode len: 451  epsilon: 0.7387219000086022
[310372/100000000]  episode: 597  episode reward: 470.0  episode len: 621  epsilon: 0.7381630000086206
[310902/100000000]  episode: 598  episode reward: 280.0  episode len: 531  epsilon: 0.7376851000086363
[311462/100000000]  episode: 599  episode reward: 290.0  episode len: 561  epsilon: 0.7371802000086529
[312006/100000000]  episode: 600  episode reward: 350.0  episode len: 545  epsilon: 0.7366897000086691
==============================================
Evaluating...
episode 1 reward: 970.0
episode 2 reward: 650.0
episode 3 reward: 450.0
episode 4 reward: 770.0
episode 5 reward: 820.0
average score: 732.0
==============================================
[312540/100000000]  episode: 601  episode reward: 310.0  episode len: 535  epsilon: 0.7362082000086849
[313068/100000000]  episode: 602  episode reward: 350.0  episode len: 529  epsilon: 0.7357321000087006
[313610/100000000]  episode: 603  episode reward: 370.0  episode len: 543  epsilon: 0.7352434000087167
[314090/100000000]  episode: 604  episode reward: 250.0  episode len: 481  epsilon: 0.7348105000087309
[314604/100000000]  episode: 605  episode reward: 310.0  episode len: 515  epsilon: 0.7343470000087462
[314968/100000000]  episode: 606  episode reward: 220.0  episode len: 365  epsilon: 0.734018500008757
[315550/100000000]  episode: 607  episode reward: 460.0  episode len: 583  epsilon: 0.7334938000087743
[316054/100000000]  episode: 608  episode reward: 380.0  episode len: 505  epsilon: 0.7330393000087893
[316674/100000000]  episode: 609  episode reward: 520.0  episode len: 621  epsilon: 0.7324804000088077
[317194/100000000]  episode: 610  episode reward: 360.0  episode len: 521  epsilon: 0.7320115000088231
[318152/100000000]  episode: 611  episode reward: 900.0  episode len: 959  epsilon: 0.7311484000088515
[318818/100000000]  episode: 612  episode reward: 520.0  episode len: 667  epsilon: 0.7305481000088713
[319330/100000000]  episode: 613  episode reward: 490.0  episode len: 513  epsilon: 0.7300864000088865
[319936/100000000]  episode: 614  episode reward: 390.0  episode len: 607  epsilon: 0.7295401000089045
[320432/100000000]  episode: 615  episode reward: 320.0  episode len: 497  epsilon: 0.7290928000089192
[320920/100000000]  episode: 616  episode reward: 260.0  episode len: 489  epsilon: 0.7286527000089337
[321418/100000000]  episode: 617  episode reward: 360.0  episode len: 499  epsilon: 0.7282036000089485
[321896/100000000]  episode: 618  episode reward: 350.0  episode len: 479  epsilon: 0.7277725000089627
[322396/100000000]  episode: 619  episode reward: 370.0  episode len: 501  epsilon: 0.7273216000089775
[322836/100000000]  episode: 620  episode reward: 340.0  episode len: 441  epsilon: 0.7269247000089906
[323586/100000000]  episode: 621  episode reward: 820.0  episode len: 751  epsilon: 0.7262488000090128
[324002/100000000]  episode: 622  episode reward: 270.0  episode len: 417  epsilon: 0.7258735000090252
[324468/100000000]  episode: 623  episode reward: 350.0  episode len: 467  epsilon: 0.725453200009039
[324944/100000000]  episode: 624  episode reward: 330.0  episode len: 477  epsilon: 0.7250239000090531
[325670/100000000]  episode: 625  episode reward: 730.0  episode len: 727  epsilon: 0.7243696000090747
[326366/100000000]  episode: 626  episode reward: 530.0  episode len: 697  epsilon: 0.7237423000090953
[326912/100000000]  episode: 627  episode reward: 350.0  episode len: 547  epsilon: 0.7232500000091115
[327428/100000000]  episode: 628  episode reward: 420.0  episode len: 517  epsilon: 0.7227847000091269
[327908/100000000]  episode: 629  episode reward: 310.0  episode len: 481  epsilon: 0.7223518000091411
[328628/100000000]  episode: 630  episode reward: 630.0  episode len: 721  epsilon: 0.7217029000091625
[329068/100000000]  episode: 631  episode reward: 270.0  episode len: 441  epsilon: 0.7213060000091756
[329774/100000000]  episode: 632  episode reward: 390.0  episode len: 707  epsilon: 0.7206697000091965
[330330/100000000]  episode: 633  episode reward: 330.0  episode len: 557  epsilon: 0.720168400009213
[331130/100000000]  episode: 634  episode reward: 1380.0  episode len: 801  epsilon: 0.7194475000092367
[331620/100000000]  episode: 635  episode reward: 260.0  episode len: 491  epsilon: 0.7190056000092513
[332236/100000000]  episode: 636  episode reward: 730.0  episode len: 617  epsilon: 0.7184503000092696
[332896/100000000]  episode: 637  episode reward: 400.0  episode len: 661  epsilon: 0.7178554000092892
[333376/100000000]  episode: 638  episode reward: 500.0  episode len: 481  epsilon: 0.7174225000093034
[333850/100000000]  episode: 639  episode reward: 240.0  episode len: 475  epsilon: 0.7169950000093175
[334266/100000000]  episode: 640  episode reward: 190.0  episode len: 417  epsilon: 0.7166197000093298
[334784/100000000]  episode: 641  episode reward: 310.0  episode len: 519  epsilon: 0.7161526000093452
[335176/100000000]  episode: 642  episode reward: 270.0  episode len: 393  epsilon: 0.7157989000093569
[335710/100000000]  episode: 643  episode reward: 250.0  episode len: 535  epsilon: 0.7153174000093727
[336142/100000000]  episode: 644  episode reward: 250.0  episode len: 433  epsilon: 0.7149277000093855
[336920/100000000]  episode: 645  episode reward: 1060.0  episode len: 779  epsilon: 0.7142266000094086
[337374/100000000]  episode: 646  episode reward: 390.0  episode len: 455  epsilon: 0.7138171000094221
[338308/100000000]  episode: 647  episode reward: 880.0  episode len: 935  epsilon: 0.7129756000094498
[338940/100000000]  episode: 648  episode reward: 720.0  episode len: 633  epsilon: 0.7124059000094686
[339552/100000000]  episode: 649  episode reward: 580.0  episode len: 613  epsilon: 0.7118542000094867
[339926/100000000]  episode: 650  episode reward: 210.0  episode len: 375  epsilon: 0.7115167000094978
[340378/100000000]  episode: 651  episode reward: 370.0  episode len: 453  epsilon: 0.7111090000095113
[341248/100000000]  episode: 652  episode reward: 1400.0  episode len: 871  epsilon: 0.7103251000095371
[341806/100000000]  episode: 653  episode reward: 250.0  episode len: 559  epsilon: 0.7098220000095536
[342386/100000000]  episode: 654  episode reward: 290.0  episode len: 581  epsilon: 0.7092991000095709
[342950/100000000]  episode: 655  episode reward: 410.0  episode len: 565  epsilon: 0.7087906000095876
[343292/100000000]  episode: 656  episode reward: 270.0  episode len: 343  epsilon: 0.7084819000095978
[344068/100000000]  episode: 657  episode reward: 460.0  episode len: 777  epsilon: 0.7077826000096208
[344652/100000000]  episode: 658  episode reward: 480.0  episode len: 585  epsilon: 0.7072561000096381
[345124/100000000]  episode: 659  episode reward: 350.0  episode len: 473  epsilon: 0.7068304000096521
[345574/100000000]  episode: 660  episode reward: 270.0  episode len: 451  epsilon: 0.7064245000096655
[346056/100000000]  episode: 661  episode reward: 370.0  episode len: 483  epsilon: 0.7059898000096798
[346574/100000000]  episode: 662  episode reward: 220.0  episode len: 519  epsilon: 0.7055227000096952
[347040/100000000]  episode: 663  episode reward: 240.0  episode len: 467  epsilon: 0.705102400009709
[347536/100000000]  episode: 664  episode reward: 400.0  episode len: 497  epsilon: 0.7046551000097238
[348148/100000000]  episode: 665  episode reward: 620.0  episode len: 613  epsilon: 0.7041034000097419
[348838/100000000]  episode: 666  episode reward: 500.0  episode len: 691  epsilon: 0.7034815000097624
[349472/100000000]  episode: 667  episode reward: 420.0  episode len: 635  epsilon: 0.7029100000097812
[349954/100000000]  episode: 668  episode reward: 290.0  episode len: 483  epsilon: 0.7024753000097955
[350404/100000000]  episode: 669  episode reward: 340.0  episode len: 451  epsilon: 0.7020694000098089
[350898/100000000]  episode: 670  episode reward: 210.0  episode len: 495  epsilon: 0.7016239000098236
[351338/100000000]  episode: 671  episode reward: 230.0  episode len: 441  epsilon: 0.7012270000098366
[351878/100000000]  episode: 672  episode reward: 280.0  episode len: 541  epsilon: 0.7007401000098527
[352374/100000000]  episode: 673  episode reward: 370.0  episode len: 497  epsilon: 0.7002928000098674
[352896/100000000]  episode: 674  episode reward: 380.0  episode len: 523  epsilon: 0.6998221000098829
[353358/100000000]  episode: 675  episode reward: 270.0  episode len: 463  epsilon: 0.6994054000098966
[354044/100000000]  episode: 676  episode reward: 680.0  episode len: 687  epsilon: 0.698787100009917
[354576/100000000]  episode: 677  episode reward: 290.0  episode len: 533  epsilon: 0.6983074000099327
[355062/100000000]  episode: 678  episode reward: 300.0  episode len: 487  epsilon: 0.6978691000099472
[355766/100000000]  episode: 679  episode reward: 1120.0  episode len: 705  epsilon: 0.6972346000099681
[356708/100000000]  episode: 680  episode reward: 970.0  episode len: 943  epsilon: 0.696385900009996
[357250/100000000]  episode: 681  episode reward: 310.0  episode len: 543  epsilon: 0.6958972000100121
[357628/100000000]  episode: 682  episode reward: 300.0  episode len: 379  epsilon: 0.6955561000100233
[358162/100000000]  episode: 683  episode reward: 310.0  episode len: 535  epsilon: 0.6950746000100392
[358768/100000000]  episode: 684  episode reward: 320.0  episode len: 607  epsilon: 0.6945283000100572
[359232/100000000]  episode: 685  episode reward: 330.0  episode len: 465  epsilon: 0.6941098000100709
[359714/100000000]  episode: 686  episode reward: 380.0  episode len: 483  epsilon: 0.6936751000100853
[360362/100000000]  episode: 687  episode reward: 440.0  episode len: 649  epsilon: 0.6930910000101045
[360806/100000000]  episode: 688  episode reward: 390.0  episode len: 445  epsilon: 0.6926905000101177
[361534/100000000]  episode: 689  episode reward: 750.0  episode len: 729  epsilon: 0.6920344000101393
[362042/100000000]  episode: 690  episode reward: 290.0  episode len: 509  epsilon: 0.6915763000101544
[362554/100000000]  episode: 691  episode reward: 280.0  episode len: 513  epsilon: 0.6911146000101696
[363076/100000000]  episode: 692  episode reward: 390.0  episode len: 523  epsilon: 0.690643900010185
[363748/100000000]  episode: 693  episode reward: 750.0  episode len: 673  epsilon: 0.690038200010205
[364324/100000000]  episode: 694  episode reward: 600.0  episode len: 577  epsilon: 0.6895189000102221
[365034/100000000]  episode: 695  episode reward: 1090.0  episode len: 711  epsilon: 0.6888790000102432
[365544/100000000]  episode: 696  episode reward: 400.0  episode len: 511  epsilon: 0.6884191000102583
[365992/100000000]  episode: 697  episode reward: 230.0  episode len: 449  epsilon: 0.6880150000102716
[366360/100000000]  episode: 698  episode reward: 200.0  episode len: 369  epsilon: 0.6876829000102825
[366770/100000000]  episode: 699  episode reward: 330.0  episode len: 411  epsilon: 0.6873130000102947
[367262/100000000]  episode: 700  episode reward: 310.0  episode len: 493  epsilon: 0.6868693000103093
==============================================
Evaluating...
episode 1 reward: 870.0
episode 2 reward: 680.0
episode 3 reward: 810.0
episode 4 reward: 510.0
episode 5 reward: 550.0
average score: 684.0
==============================================
[367808/100000000]  episode: 701  episode reward: 260.0  episode len: 547  epsilon: 0.6863770000103255
[368308/100000000]  episode: 702  episode reward: 390.0  episode len: 501  epsilon: 0.6859261000103404
[368818/100000000]  episode: 703  episode reward: 600.0  episode len: 511  epsilon: 0.6854662000103555
[369328/100000000]  episode: 704  episode reward: 350.0  episode len: 511  epsilon: 0.6850063000103707
[369704/100000000]  episode: 705  episode reward: 310.0  episode len: 377  epsilon: 0.6846670000103818
[370056/100000000]  episode: 706  episode reward: 190.0  episode len: 353  epsilon: 0.6843493000103923
[370488/100000000]  episode: 707  episode reward: 310.0  episode len: 433  epsilon: 0.6839596000104051
[371200/100000000]  episode: 708  episode reward: 700.0  episode len: 713  epsilon: 0.6833179000104262
[371656/100000000]  episode: 709  episode reward: 310.0  episode len: 457  epsilon: 0.6829066000104398
[372090/100000000]  episode: 710  episode reward: 330.0  episode len: 435  epsilon: 0.6825151000104527
[372854/100000000]  episode: 711  episode reward: 1230.0  episode len: 765  epsilon: 0.6818266000104753
[373342/100000000]  episode: 712  episode reward: 400.0  episode len: 489  epsilon: 0.6813865000104898
[374146/100000000]  episode: 713  episode reward: 3450.0  episode len: 805  epsilon: 0.6806620000105137
[374552/100000000]  episode: 714  episode reward: 260.0  episode len: 407  epsilon: 0.6802957000105258
[375314/100000000]  episode: 715  episode reward: 670.0  episode len: 763  epsilon: 0.6796090000105484
[375784/100000000]  episode: 716  episode reward: 340.0  episode len: 471  epsilon: 0.6791851000105623
[376288/100000000]  episode: 717  episode reward: 380.0  episode len: 505  epsilon: 0.6787306000105773
[377166/100000000]  episode: 718  episode reward: 1040.0  episode len: 879  epsilon: 0.6779395000106033
[377668/100000000]  episode: 719  episode reward: 330.0  episode len: 503  epsilon: 0.6774868000106182
[377996/100000000]  episode: 720  episode reward: 190.0  episode len: 329  epsilon: 0.677190700010628
[378486/100000000]  episode: 721  episode reward: 430.0  episode len: 491  epsilon: 0.6767488000106425
[378964/100000000]  episode: 722  episode reward: 390.0  episode len: 479  epsilon: 0.6763177000106567
[379502/100000000]  episode: 723  episode reward: 360.0  episode len: 539  epsilon: 0.6758326000106727
[380134/100000000]  episode: 724  episode reward: 630.0  episode len: 633  epsilon: 0.6752629000106914
[380792/100000000]  episode: 725  episode reward: 640.0  episode len: 659  epsilon: 0.674669800010711
[381494/100000000]  episode: 726  episode reward: 870.0  episode len: 703  epsilon: 0.6740371000107318
[382100/100000000]  episode: 727  episode reward: 580.0  episode len: 607  epsilon: 0.6734908000107498
[382770/100000000]  episode: 728  episode reward: 580.0  episode len: 671  epsilon: 0.6728869000107697
[383354/100000000]  episode: 729  episode reward: 500.0  episode len: 585  epsilon: 0.672360400010787
[383860/100000000]  episode: 730  episode reward: 640.0  episode len: 507  epsilon: 0.671904100010802
[384368/100000000]  episode: 731  episode reward: 340.0  episode len: 509  epsilon: 0.6714460000108171
[385114/100000000]  episode: 732  episode reward: 880.0  episode len: 747  epsilon: 0.6707737000108392
[385712/100000000]  episode: 733  episode reward: 310.0  episode len: 599  epsilon: 0.670234600010857
[386264/100000000]  episode: 734  episode reward: 350.0  episode len: 553  epsilon: 0.6697369000108734
[386708/100000000]  episode: 735  episode reward: 240.0  episode len: 445  epsilon: 0.6693364000108866
[387282/100000000]  episode: 736  episode reward: 360.0  episode len: 575  epsilon: 0.6688189000109036
[387936/100000000]  episode: 737  episode reward: 640.0  episode len: 655  epsilon: 0.668229400010923
[388400/100000000]  episode: 738  episode reward: 250.0  episode len: 465  epsilon: 0.6678109000109368
[389102/100000000]  episode: 739  episode reward: 360.0  episode len: 703  epsilon: 0.6671782000109576
[389626/100000000]  episode: 740  episode reward: 350.0  episode len: 525  epsilon: 0.6667057000109732
[390132/100000000]  episode: 741  episode reward: 370.0  episode len: 507  epsilon: 0.6662494000109882
[390798/100000000]  episode: 742  episode reward: 710.0  episode len: 667  epsilon: 0.665649100011008
[391396/100000000]  episode: 743  episode reward: 760.0  episode len: 599  epsilon: 0.6651100000110257
[392098/100000000]  episode: 744  episode reward: 1160.0  episode len: 703  epsilon: 0.6644773000110465
[392550/100000000]  episode: 745  episode reward: 290.0  episode len: 453  epsilon: 0.66406960001106
[393010/100000000]  episode: 746  episode reward: 310.0  episode len: 461  epsilon: 0.6636547000110736
[393928/100000000]  episode: 747  episode reward: 1170.0  episode len: 919  epsilon: 0.6628276000111009
[394694/100000000]  episode: 748  episode reward: 670.0  episode len: 767  epsilon: 0.6621373000111236
[395448/100000000]  episode: 749  episode reward: 570.0  episode len: 755  epsilon: 0.661457800011146
[396044/100000000]  episode: 750  episode reward: 530.0  episode len: 597  epsilon: 0.6609205000111636
[396412/100000000]  episode: 751  episode reward: 250.0  episode len: 369  epsilon: 0.6605884000111746
[397262/100000000]  episode: 752  episode reward: 850.0  episode len: 851  epsilon: 0.6598225000111998
[397968/100000000]  episode: 753  episode reward: 950.0  episode len: 707  epsilon: 0.6591862000112207
[398458/100000000]  episode: 754  episode reward: 340.0  episode len: 491  epsilon: 0.6587443000112353
[398980/100000000]  episode: 755  episode reward: 410.0  episode len: 523  epsilon: 0.6582736000112508
[399568/100000000]  episode: 756  episode reward: 560.0  episode len: 589  epsilon: 0.6577435000112682
[400224/100000000]  episode: 757  episode reward: 700.0  episode len: 657  epsilon: 0.6571522000112877
[400934/100000000]  episode: 758  episode reward: 3580.0  episode len: 711  epsilon: 0.6565123000113088
[401444/100000000]  episode: 759  episode reward: 460.0  episode len: 511  epsilon: 0.6560524000113239
[401836/100000000]  episode: 760  episode reward: 340.0  episode len: 393  epsilon: 0.6556987000113356
[402276/100000000]  episode: 761  episode reward: 280.0  episode len: 441  epsilon: 0.6553018000113486
[402954/100000000]  episode: 762  episode reward: 430.0  episode len: 679  epsilon: 0.6546907000113688
[403448/100000000]  episode: 763  episode reward: 350.0  episode len: 495  epsilon: 0.6542452000113834
[403952/100000000]  episode: 764  episode reward: 340.0  episode len: 505  epsilon: 0.6537907000113984
[404458/100000000]  episode: 765  episode reward: 390.0  episode len: 507  epsilon: 0.6533344000114134
[405080/100000000]  episode: 766  episode reward: 390.0  episode len: 623  epsilon: 0.6527737000114319
[405756/100000000]  episode: 767  episode reward: 390.0  episode len: 677  epsilon: 0.6521644000114519
[406276/100000000]  episode: 768  episode reward: 450.0  episode len: 521  epsilon: 0.6516955000114674
[406758/100000000]  episode: 769  episode reward: 310.0  episode len: 483  epsilon: 0.6512608000114817
[407274/100000000]  episode: 770  episode reward: 390.0  episode len: 517  epsilon: 0.650795500011497
[407764/100000000]  episode: 771  episode reward: 330.0  episode len: 491  epsilon: 0.6503536000115115
[408598/100000000]  episode: 772  episode reward: 430.0  episode len: 835  epsilon: 0.6496021000115363
[409062/100000000]  episode: 773  episode reward: 330.0  episode len: 465  epsilon: 0.6491836000115501
[409652/100000000]  episode: 774  episode reward: 360.0  episode len: 591  epsilon: 0.6486517000115676
[410124/100000000]  episode: 775  episode reward: 330.0  episode len: 473  epsilon: 0.6482260000115816
[410516/100000000]  episode: 776  episode reward: 240.0  episode len: 393  epsilon: 0.6478723000115932
[411080/100000000]  episode: 777  episode reward: 340.0  episode len: 565  epsilon: 0.64736380001161
[411514/100000000]  episode: 778  episode reward: 270.0  episode len: 435  epsilon: 0.6469723000116229
[412376/100000000]  episode: 779  episode reward: 800.0  episode len: 863  epsilon: 0.6461956000116484
[412998/100000000]  episode: 780  episode reward: 440.0  episode len: 623  epsilon: 0.6456349000116669
[413674/100000000]  episode: 781  episode reward: 810.0  episode len: 677  epsilon: 0.645025600011687
[414120/100000000]  episode: 782  episode reward: 210.0  episode len: 447  epsilon: 0.6446233000117002
[414906/100000000]  episode: 783  episode reward: 1070.0  episode len: 787  epsilon: 0.6439150000117235
[415400/100000000]  episode: 784  episode reward: 290.0  episode len: 495  epsilon: 0.6434695000117382
[415956/100000000]  episode: 785  episode reward: 320.0  episode len: 557  epsilon: 0.6429682000117547
[416512/100000000]  episode: 786  episode reward: 430.0  episode len: 557  epsilon: 0.6424669000117712
[417076/100000000]  episode: 787  episode reward: 330.0  episode len: 565  epsilon: 0.6419584000117879
[417562/100000000]  episode: 788  episode reward: 380.0  episode len: 487  epsilon: 0.6415201000118024
[418308/100000000]  episode: 789  episode reward: 2090.0  episode len: 747  epsilon: 0.6408478000118245
[418734/100000000]  episode: 790  episode reward: 280.0  episode len: 427  epsilon: 0.6404635000118372
[419188/100000000]  episode: 791  episode reward: 210.0  episode len: 455  epsilon: 0.6400540000118506
[419986/100000000]  episode: 792  episode reward: 1240.0  episode len: 799  epsilon: 0.6393349000118743
[420430/100000000]  episode: 793  episode reward: 280.0  episode len: 445  epsilon: 0.6389344000118875
[421146/100000000]  episode: 794  episode reward: 970.0  episode len: 717  epsilon: 0.6382891000119087
[421546/100000000]  episode: 795  episode reward: 220.0  episode len: 401  epsilon: 0.6379282000119206
[422038/100000000]  episode: 796  episode reward: 320.0  episode len: 493  epsilon: 0.6374845000119352
[422474/100000000]  episode: 797  episode reward: 300.0  episode len: 437  epsilon: 0.6370912000119482
[423074/100000000]  episode: 798  episode reward: 380.0  episode len: 601  epsilon: 0.636550300011966
[423658/100000000]  episode: 799  episode reward: 300.0  episode len: 585  epsilon: 0.6360238000119833
[424196/100000000]  episode: 800  episode reward: 380.0  episode len: 539  epsilon: 0.6355387000119993
==============================================
Evaluating...
episode 1 reward: 1180.0
episode 2 reward: 1540.0
episode 3 reward: 490.0
episode 4 reward: 750.0
episode 5 reward: 2200.0
average score: 1232.0
==============================================
[424884/100000000]  episode: 801  episode reward: 790.0  episode len: 689  epsilon: 0.6349186000120197
[425438/100000000]  episode: 802  episode reward: 440.0  episode len: 555  epsilon: 0.6344191000120362
[426054/100000000]  episode: 803  episode reward: 500.0  episode len: 617  epsilon: 0.6338638000120544
[426480/100000000]  episode: 804  episode reward: 310.0  episode len: 427  epsilon: 0.6334795000120671
[427326/100000000]  episode: 805  episode reward: 660.0  episode len: 847  epsilon: 0.6327172000120922
[427742/100000000]  episode: 806  episode reward: 310.0  episode len: 417  epsilon: 0.6323419000121046
[428134/100000000]  episode: 807  episode reward: 280.0  episode len: 393  epsilon: 0.6319882000121162
[428618/100000000]  episode: 808  episode reward: 340.0  episode len: 485  epsilon: 0.6315517000121306
[429488/100000000]  episode: 809  episode reward: 660.0  episode len: 871  epsilon: 0.6307678000121564
[430118/100000000]  episode: 810  episode reward: 550.0  episode len: 631  epsilon: 0.6301999000121751
[430788/100000000]  episode: 811  episode reward: 650.0  episode len: 671  epsilon: 0.629596000012195
[431248/100000000]  episode: 812  episode reward: 320.0  episode len: 461  epsilon: 0.6291811000122086
[431718/100000000]  episode: 813  episode reward: 380.0  episode len: 471  epsilon: 0.6287572000122226
[432118/100000000]  episode: 814  episode reward: 290.0  episode len: 401  epsilon: 0.6283963000122345
[432718/100000000]  episode: 815  episode reward: 420.0  episode len: 601  epsilon: 0.6278554000122523
[433218/100000000]  episode: 816  episode reward: 400.0  episode len: 501  epsilon: 0.6274045000122671
[433726/100000000]  episode: 817  episode reward: 370.0  episode len: 509  epsilon: 0.6269464000122822
[434386/100000000]  episode: 818  episode reward: 440.0  episode len: 661  epsilon: 0.6263515000123018
[434908/100000000]  episode: 819  episode reward: 330.0  episode len: 523  epsilon: 0.6258808000123173
[435842/100000000]  episode: 820  episode reward: 730.0  episode len: 935  epsilon: 0.625039300012345
[436490/100000000]  episode: 821  episode reward: 760.0  episode len: 649  epsilon: 0.6244552000123642
[437048/100000000]  episode: 822  episode reward: 410.0  episode len: 559  epsilon: 0.6239521000123808
[437794/100000000]  episode: 823  episode reward: 490.0  episode len: 747  epsilon: 0.6232798000124029
[438358/100000000]  episode: 824  episode reward: 400.0  episode len: 565  epsilon: 0.6227713000124196
[438834/100000000]  episode: 825  episode reward: 270.0  episode len: 477  epsilon: 0.6223420000124338
[439418/100000000]  episode: 826  episode reward: 380.0  episode len: 585  epsilon: 0.6218155000124511
[439884/100000000]  episode: 827  episode reward: 340.0  episode len: 467  epsilon: 0.621395200012465
[440800/100000000]  episode: 828  episode reward: 670.0  episode len: 917  epsilon: 0.6205699000124921
[441224/100000000]  episode: 829  episode reward: 220.0  episode len: 425  epsilon: 0.6201874000125047
[441744/100000000]  episode: 830  episode reward: 310.0  episode len: 521  epsilon: 0.6197185000125202
[442064/100000000]  episode: 831  episode reward: 230.0  episode len: 321  epsilon: 0.6194296000125297
[442662/100000000]  episode: 832  episode reward: 1020.0  episode len: 599  epsilon: 0.6188905000125474
[443186/100000000]  episode: 833  episode reward: 350.0  episode len: 525  epsilon: 0.618418000012563
[443852/100000000]  episode: 834  episode reward: 500.0  episode len: 667  epsilon: 0.6178177000125827
[444892/100000000]  episode: 835  episode reward: 900.0  episode len: 1041  epsilon: 0.6168808000126136
[445452/100000000]  episode: 836  episode reward: 480.0  episode len: 561  epsilon: 0.6163759000126302
[445966/100000000]  episode: 837  episode reward: 300.0  episode len: 515  epsilon: 0.6159124000126455
[446478/100000000]  episode: 838  episode reward: 360.0  episode len: 513  epsilon: 0.6154507000126607
[446882/100000000]  episode: 839  episode reward: 320.0  episode len: 405  epsilon: 0.6150862000126727
[447408/100000000]  episode: 840  episode reward: 340.0  episode len: 527  epsilon: 0.6146119000126883
[447876/100000000]  episode: 841  episode reward: 360.0  episode len: 469  epsilon: 0.6141898000127022
[448404/100000000]  episode: 842  episode reward: 440.0  episode len: 529  epsilon: 0.6137137000127179
[448898/100000000]  episode: 843  episode reward: 330.0  episode len: 495  epsilon: 0.6132682000127325
[449854/100000000]  episode: 844  episode reward: 870.0  episode len: 957  epsilon: 0.6124069000127609
[450174/100000000]  episode: 845  episode reward: 200.0  episode len: 321  epsilon: 0.6121180000127704
[450774/100000000]  episode: 846  episode reward: 420.0  episode len: 601  epsilon: 0.6115771000127882
[451230/100000000]  episode: 847  episode reward: 250.0  episode len: 457  epsilon: 0.6111658000128017
[452074/100000000]  episode: 848  episode reward: 1260.0  episode len: 845  epsilon: 0.6104053000128268
[452610/100000000]  episode: 849  episode reward: 380.0  episode len: 537  epsilon: 0.6099220000128427
[453250/100000000]  episode: 850  episode reward: 430.0  episode len: 641  epsilon: 0.6093451000128617
[453822/100000000]  episode: 851  episode reward: 1170.0  episode len: 573  epsilon: 0.6088294000128787
[454238/100000000]  episode: 852  episode reward: 240.0  episode len: 417  epsilon: 0.608454100012891
[454752/100000000]  episode: 853  episode reward: 510.0  episode len: 515  epsilon: 0.6079906000129063
[455244/100000000]  episode: 854  episode reward: 430.0  episode len: 493  epsilon: 0.6075469000129209
[455684/100000000]  episode: 855  episode reward: 360.0  episode len: 441  epsilon: 0.607150000012934
[456424/100000000]  episode: 856  episode reward: 980.0  episode len: 741  epsilon: 0.6064831000129559
[456932/100000000]  episode: 857  episode reward: 360.0  episode len: 509  epsilon: 0.606025000012971
[457428/100000000]  episode: 858  episode reward: 250.0  episode len: 497  epsilon: 0.6055777000129857
[457870/100000000]  episode: 859  episode reward: 240.0  episode len: 443  epsilon: 0.6051790000129988
[458328/100000000]  episode: 860  episode reward: 380.0  episode len: 459  epsilon: 0.6047659000130124
[458768/100000000]  episode: 861  episode reward: 370.0  episode len: 441  epsilon: 0.6043690000130255
[459268/100000000]  episode: 862  episode reward: 330.0  episode len: 501  epsilon: 0.6039181000130404
