2023-11-22 19:49:30.810432: I tensorflow/core/platform/cpu_feature_guard.cc:182] This TensorFlow binary is optimized to use available CPU instructions in performance-critical operations.
To enable the following instructions: SSE4.1 SSE4.2 AVX AVX2 AVX512F AVX512_VNNI FMA, in other operations, rebuild TensorFlow with the appropriate compiler flags.
Step: 1000	Episode: 1	Length: 999	Total reward: -29.82
Step: 1082	Episode: 2	Length:  81	Total reward: -84.66
Step: 1182	Episode: 3	Length:  99	Total reward: -90.44
Step: 1421	Episode: 4	Length: 238	Total reward: -92.87
Step: 1476	Episode: 5	Length:  54	Total reward: -89.43
Step: 1560	Episode: 6	Length:  83	Total reward: -90.82
Step: 1625	Episode: 7	Length:  64	Total reward: -91.29
Step: 1687	Episode: 8	Length:  61	Total reward: -89.92
Step: 1793	Episode: 9	Length: 105	Total reward: -86.85
Step: 1839	Episode: 10	Length:  45	Total reward: -92.87
==============================================
Evaluating...
Episode: 1	Length:  67	Total reward: 11.38
Episode: 2	Length:  48	Total reward: 8.48
Episode: 3	Length:  54	Total reward: 8.15
Episode: 4	Length:  47	Total reward: 13.72
Episode: 5	Length:  47	Total reward: 11.38
Episode: 6	Length:  55	Total reward: 11.18
Episode: 7	Length:  51	Total reward: 16.38
Episode: 8	Length:  48	Total reward: 11.39
Episode: 9	Length:  46	Total reward: 9.00
Episode: 10	Length:  46	Total reward: 8.55
average score: 10.96029355319018
==============================================
Step: 1888	Episode: 11	Length:  48	Total reward: -91.94
Step: 1934	Episode: 12	Length:  45	Total reward: -87.08
Step: 2065	Episode: 13	Length: 130	Total reward: -63.21
Step: 2165	Episode: 14	Length:  99	Total reward: -95.77
Step: 2220	Episode: 15	Length:  54	Total reward: -81.87
Step: 2435	Episode: 16	Length: 214	Total reward: -87.04
Step: 2482	Episode: 17	Length:  46	Total reward: -89.45
Step: 2564	Episode: 18	Length:  81	Total reward: -89.72
Step: 2621	Episode: 19	Length:  56	Total reward: -80.33
Step: 2667	Episode: 20	Length:  45	Total reward: -91.47
==============================================
Evaluating...
Episode: 1	Length:  49	Total reward: 13.32
Episode: 2	Length:  45	Total reward: 7.63
Episode: 3	Length:  45	Total reward: 12.29
Episode: 4	Length:  51	Total reward: 16.54
Episode: 5	Length: 110	Total reward: 9.88
Episode: 6	Length:  90	Total reward: 11.52
Episode: 7	Length:  46	Total reward: 12.66
Episode: 8	Length:  61	Total reward: 22.83
Episode: 9	Length:  45	Total reward: 9.85
Episode: 10	Length:  47	Total reward: 11.54
average score: 12.806013973258164
==============================================
Step: 2713	Episode: 21	Length:  45	Total reward: -90.46
Step: 2783	Episode: 22	Length:  69	Total reward: -72.94
Step: 2834	Episode: 23	Length:  50	Total reward: -91.67
Step: 2961	Episode: 24	Length: 126	Total reward: -82.60
Step: 3011	Episode: 25	Length:  49	Total reward: -91.87
Step: 3058	Episode: 26	Length:  46	Total reward: -89.62
Step: 3130	Episode: 27	Length:  71	Total reward: -80.78
Step: 3204	Episode: 28	Length:  73	Total reward: -77.34
Step: 3283	Episode: 29	Length:  78	Total reward: -71.83
Step: 3330	Episode: 30	Length:  46	Total reward: -87.36
==============================================
Evaluating...
Episode: 1	Length:  77	Total reward: 10.27
Episode: 2	Length:  46	Total reward: 12.14
Episode: 3	Length:  45	Total reward: 13.19
Episode: 4	Length:  54	Total reward: 10.84
Episode: 5	Length:  55	Total reward: 15.16
Episode: 6	Length: 195	Total reward: 9.39
Episode: 7	Length:  53	Total reward: 12.85
Episode: 8	Length:  52	Total reward: 11.59
Episode: 9	Length:  73	Total reward: 17.87
Episode: 10	Length:  78	Total reward: 24.75
average score: 13.80514089214633
==============================================
Step: 3457	Episode: 31	Length: 126	Total reward: -80.03
Step: 3512	Episode: 32	Length:  54	Total reward: -86.81
Step: 3560	Episode: 33	Length:  47	Total reward: -88.83
Step: 3608	Episode: 34	Length:  47	Total reward: -88.09
Step: 3667	Episode: 35	Length:  58	Total reward: -88.85
Step: 3721	Episode: 36	Length:  53	Total reward: -86.36
Step: 3768	Episode: 37	Length:  46	Total reward: -90.23
Step: 3924	Episode: 38	Length: 155	Total reward: -82.47
Step: 3973	Episode: 39	Length:  48	Total reward: -90.04
Step: 4022	Episode: 40	Length:  48	Total reward: -88.83
==============================================
Evaluating...
Episode: 1	Length: 113	Total reward: 36.41
Episode: 2	Length:  85	Total reward: 12.53
Episode: 3	Length: 369	Total reward: -12.09
Episode: 4	Length:  49	Total reward: 11.61
Episode: 5	Length:  46	Total reward: 13.16
Episode: 6	Length:  45	Total reward: 11.63
Episode: 7	Length:  45	Total reward: 10.38
Episode: 8	Length:  45	Total reward: 12.88
Episode: 9	Length:  45	Total reward: 12.52
Episode: 10	Length: 134	Total reward: 16.70
average score: 12.573718314793057
==============================================
Step: 4071	Episode: 41	Length:  48	Total reward: -84.14
Step: 4118	Episode: 42	Length:  46	Total reward: -91.44
Step: 4173	Episode: 43	Length:  54	Total reward: -85.79
Step: 4233	Episode: 44	Length:  59	Total reward: -79.08
Step: 4281	Episode: 45	Length:  47	Total reward: -90.31
Step: 4336	Episode: 46	Length:  54	Total reward: -88.45
Step: 4389	Episode: 47	Length:  52	Total reward: -86.74
Step: 4486	Episode: 48	Length:  96	Total reward: -43.71
Step: 4576	Episode: 49	Length:  89	Total reward: -95.74
Step: 4623	Episode: 50	Length:  46	Total reward: -90.71
==============================================
Evaluating...
Episode: 1	Length:  47	Total reward: 11.70
Episode: 2	Length:  48	Total reward: 9.18
Episode: 3	Length:  52	Total reward: 15.25
Episode: 4	Length:  46	Total reward: 13.29
Episode: 5	Length:  46	Total reward: 12.78
Episode: 6	Length:  92	Total reward: 3.69
Episode: 7	Length:  50	Total reward: 7.25
Episode: 8	Length: 112	Total reward: 1.56
Episode: 9	Length:  47	Total reward: 12.44
Episode: 10	Length:  46	Total reward: 9.34
average score: 9.647312676946536
==============================================
Step: 4669	Episode: 51	Length:  45	Total reward: -87.61
Step: 4716	Episode: 52	Length:  46	Total reward: -88.68
Step: 4763	Episode: 53	Length:  46	Total reward: -86.08
Step: 4819	Episode: 54	Length:  55	Total reward: -88.61
Step: 4867	Episode: 55	Length:  47	Total reward: -89.59
Step: 4918	Episode: 56	Length:  50	Total reward: -89.73
Step: 4980	Episode: 57	Length:  61	Total reward: -78.23
Step: 5027	Episode: 58	Length:  46	Total reward: -85.87
Step: 5074	Episode: 59	Length:  46	Total reward: -89.54
Step: 5122	Episode: 60	Length:  47	Total reward: -89.26
==============================================
Evaluating...
Episode: 1	Length:  46	Total reward: 13.82
Episode: 2	Length:  46	Total reward: 9.74
Episode: 3	Length:  51	Total reward: 6.96
Episode: 4	Length:  47	Total reward: 11.23
Episode: 5	Length:  60	Total reward: 21.97
Episode: 6	Length:  89	Total reward: 15.14
Episode: 7	Length:  54	Total reward: 10.68
Episode: 8	Length:  64	Total reward: 12.79
Episode: 9	Length:  53	Total reward: 10.03
Episode: 10	Length:  59	Total reward: 11.30
average score: 12.36577250442679
==============================================
Step: 5173	Episode: 61	Length:  50	Total reward: -85.52
Step: 5220	Episode: 62	Length:  46	Total reward: -88.47
Step: 5268	Episode: 63	Length:  47	Total reward: -90.41
Step: 5319	Episode: 64	Length:  50	Total reward: -88.28
Step: 5370	Episode: 65	Length:  50	Total reward: -87.39
Step: 5598	Episode: 66	Length: 227	Total reward: -81.21
Step: 5648	Episode: 67	Length:  49	Total reward: -91.65
Step: 5695	Episode: 68	Length:  46	Total reward: -83.32
Step: 5746	Episode: 69	Length:  50	Total reward: -85.69
Step: 5809	Episode: 70	Length:  62	Total reward: -83.47
==============================================
Evaluating...
Episode: 1	Length:  60	Total reward: 10.51
Episode: 2	Length:  52	Total reward: 17.43
Episode: 3	Length:  53	Total reward: 12.46
Episode: 4	Length:  54	Total reward: 10.68
Episode: 5	Length:  55	Total reward: 12.45
Episode: 6	Length:  53	Total reward: 12.59
Episode: 7	Length: 214	Total reward: 13.22
Episode: 8	Length:  79	Total reward: 10.94
Episode: 9	Length:  54	Total reward: 11.28
Episode: 10	Length:  53	Total reward: 13.98
average score: 12.55330786787678
==============================================
Step: 5861	Episode: 71	Length:  51	Total reward: -87.92
Step: 5913	Episode: 72	Length:  51	Total reward: -87.43
Step: 5975	Episode: 73	Length:  61	Total reward: -82.69
Step: 6031	Episode: 74	Length:  55	Total reward: -83.52
Step: 6086	Episode: 75	Length:  54	Total reward: -86.11
Step: 6199	Episode: 76	Length: 112	Total reward: -81.30
Step: 6257	Episode: 77	Length:  57	Total reward: -77.63
Step: 6344	Episode: 78	Length:  86	Total reward: -92.31
Step: 6647	Episode: 79	Length: 302	Total reward: -104.93
Step: 6710	Episode: 80	Length:  62	Total reward: -84.66
==============================================
Evaluating...
Episode: 1	Length:  54	Total reward: 9.77
Episode: 2	Length:  95	Total reward: 12.87
Episode: 3	Length:  93	Total reward: 11.22
Episode: 4	Length:  73	Total reward: 6.94
Episode: 5	Length:  90	Total reward: 18.11
Episode: 6	Length:  48	Total reward: 13.28
Episode: 7	Length:  45	Total reward: 11.90
Episode: 8	Length: 363	Total reward: -9.27
Episode: 9	Length:  48	Total reward: 17.22
Episode: 10	Length:  54	Total reward: 11.68
average score: 10.37267199844484
==============================================
Step: 6805	Episode: 81	Length:  94	Total reward: -80.83
Step: 6853	Episode: 82	Length:  47	Total reward: -89.77
Step: 6905	Episode: 83	Length:  51	Total reward: -88.65
Step: 6957	Episode: 84	Length:  51	Total reward: -87.92
Step: 7014	Episode: 85	Length:  56	Total reward: -87.42
Step: 7062	Episode: 86	Length:  47	Total reward: -88.73
Step: 7152	Episode: 87	Length:  89	Total reward: -82.93
Step: 7203	Episode: 88	Length:  50	Total reward: -88.39
Step: 7250	Episode: 89	Length:  46	Total reward: -88.47
Step: 7299	Episode: 90	Length:  48	Total reward: -88.98
==============================================
Evaluating...
Episode: 1	Length:  49	Total reward: 11.50
Episode: 2	Length: 193	Total reward: 15.86
Episode: 3	Length:  54	Total reward: 14.84
Episode: 4	Length:  57	Total reward: 21.41
Episode: 5	Length:  50	Total reward: 12.02
Episode: 6	Length: 425	Total reward: -3.03
Episode: 7	Length: 310	Total reward: -3.83
Episode: 8	Length:  47	Total reward: 13.06
Episode: 9	Length:  49	Total reward: 11.84
Episode: 10	Length:  47	Total reward: 13.86
average score: 10.752116420378677
==============================================
Step: 7363	Episode: 91	Length:  63	Total reward: -89.86
Step: 7430	Episode: 92	Length:  66	Total reward: -83.11
Step: 7549	Episode: 93	Length: 118	Total reward: -94.13
Step: 7604	Episode: 94	Length:  54	Total reward: -87.86
Step: 7668	Episode: 95	Length:  63	Total reward: -90.53
Step: 7760	Episode: 96	Length:  91	Total reward: -78.21
Step: 7812	Episode: 97	Length:  51	Total reward: -87.62
Step: 7926	Episode: 98	Length: 113	Total reward: -71.03
Step: 7977	Episode: 99	Length:  50	Total reward: -88.71
Step: 8047	Episode: 100	Length:  69	Total reward: -78.33
==============================================
Evaluating...
Episode: 1	Length:  66	Total reward: 14.96
Episode: 2	Length:  50	Total reward: 15.73
Episode: 3	Length:  65	Total reward: 12.20
Episode: 4	Length: 235	Total reward: -7.78
Episode: 5	Length:  56	Total reward: 11.66
Episode: 6	Length: 130	Total reward: 12.83
Episode: 7	Length:  83	Total reward: 5.59
Episode: 8	Length: 127	Total reward: 5.33
Episode: 9	Length:  78	Total reward: 9.64
Episode: 10	Length:  75	Total reward: 11.74
average score: 9.189457590843979
==============================================
Step: 8188	Episode: 101	Length: 140	Total reward: -91.71
Step: 8254	Episode: 102	Length:  65	Total reward: -89.38
Step: 8409	Episode: 103	Length: 154	Total reward: -96.95
Step: 8506	Episode: 104	Length:  96	Total reward: -82.48
Step: 8561	Episode: 105	Length:  54	Total reward: -86.32
Step: 8629	Episode: 106	Length:  67	Total reward: -90.41
Step: 8691	Episode: 107	Length:  61	Total reward: -88.18
Step: 8754	Episode: 108	Length:  62	Total reward: -75.19
Step: 8821	Episode: 109	Length:  66	Total reward: -86.86
Step: 8921	Episode: 110	Length:  99	Total reward: -87.92
==============================================
Evaluating...
Episode: 1	Length: 274	Total reward: 1.25
Episode: 2	Length: 176	Total reward: -3.66
Episode: 3	Length: 261	Total reward: 10.59
Episode: 4	Length:  51	Total reward: 14.34
Episode: 5	Length: 110	Total reward: 11.46
Episode: 6	Length: 153	Total reward: 12.87
Episode: 7	Length:  54	Total reward: 12.82
Episode: 8	Length:  54	Total reward: 13.37
Episode: 9	Length:  54	Total reward: 13.23
Episode: 10	Length:  50	Total reward: 8.74
average score: 9.499766019739237
==============================================
Step: 9033	Episode: 111	Length: 111	Total reward: -87.69
Step: 9089	Episode: 112	Length:  55	Total reward: -87.64
Step: 9141	Episode: 113	Length:  51	Total reward: -85.03
Step: 9188	Episode: 114	Length:  46	Total reward: -86.74
Step: 9471	Episode: 115	Length: 282	Total reward: -74.97
Step: 9578	Episode: 116	Length: 106	Total reward: -91.55
Step: 9811	Episode: 117	Length: 232	Total reward: -91.15
Step: 9866	Episode: 118	Length:  54	Total reward: -83.53
Step: 10409	Episode: 119	Length: 542	Total reward: -102.12
Step: 10493	Episode: 120	Length:  83	Total reward: -73.70
==============================================
Evaluating...
Episode: 1	Length:  81	Total reward: 24.27
Episode: 2	Length: 297	Total reward: 51.28
Episode: 3	Length:  57	Total reward: 19.29
Episode: 4	Length:  56	Total reward: 16.60
Episode: 5	Length: 232	Total reward: -0.04
Episode: 6	Length:  54	Total reward: 7.04
Episode: 7	Length: 221	Total reward: 18.81
Episode: 8	Length:  46	Total reward: 11.80
Episode: 9	Length:  96	Total reward: 4.34
Episode: 10	Length: 188	Total reward: 41.16
average score: 19.45443125703732
==============================================
Step: 10727	Episode: 121	Length: 233	Total reward: -73.80
Step: 10783	Episode: 122	Length:  55	Total reward: -87.96
Step: 10836	Episode: 123	Length:  52	Total reward: -88.97
Step: 10886	Episode: 124	Length:  49	Total reward: -90.15
Step: 10953	Episode: 125	Length:  66	Total reward: -80.81
Step: 11034	Episode: 126	Length:  80	Total reward: -87.59
Step: 11119	Episode: 127	Length:  84	Total reward: -85.37
Step: 11166	Episode: 128	Length:  46	Total reward: -91.27
Step: 11226	Episode: 129	Length:  59	Total reward: -85.97
Step: 11661	Episode: 130	Length: 434	Total reward: -61.92
==============================================
Evaluating...
Episode: 1	Length:  78	Total reward: 6.23
Episode: 2	Length:  53	Total reward: 10.32
Episode: 3	Length:  65	Total reward: 5.38
Episode: 4	Length: 229	Total reward: 52.54
Episode: 5	Length:  56	Total reward: 8.69
Episode: 6	Length: 210	Total reward: -5.07
Episode: 7	Length: 145	Total reward: 22.19
Episode: 8	Length: 155	Total reward: -0.02
Episode: 9	Length:  81	Total reward: 22.20
Episode: 10	Length:  63	Total reward: 9.41
average score: 13.185832764677471
==============================================
Step: 11773	Episode: 131	Length: 111	Total reward: -96.06
Step: 11953	Episode: 132	Length: 179	Total reward: -76.23
Step: 12020	Episode: 133	Length:  66	Total reward: -84.45
Step: 12072	Episode: 134	Length:  51	Total reward: -92.60
Step: 12128	Episode: 135	Length:  55	Total reward: -87.51
Step: 12180	Episode: 136	Length:  51	Total reward: -87.24
Step: 12243	Episode: 137	Length:  62	Total reward: -86.12
Step: 12347	Episode: 138	Length: 103	Total reward: -62.53
Step: 12405	Episode: 139	Length:  57	Total reward: -88.09
Step: 12751	Episode: 140	Length: 345	Total reward: -28.05
==============================================
Evaluating...
Episode: 1	Length: 140	Total reward: 5.98
Episode: 2	Length:  49	Total reward: 13.32
Episode: 3	Length:  46	Total reward: 12.66
Episode: 4	Length:  45	Total reward: 13.13
Episode: 5	Length:  51	Total reward: 11.03
Episode: 6	Length:  56	Total reward: 12.75
Episode: 7	Length:  53	Total reward: 10.83
Episode: 8	Length:  53	Total reward: 15.15
Episode: 9	Length:  49	Total reward: 13.29
Episode: 10	Length:  47	Total reward: 13.72
average score: 12.186381078537561
==============================================
Step: 12843	Episode: 141	Length:  91	Total reward: -85.05
Step: 13075	Episode: 142	Length: 231	Total reward: -64.28
Step: 13134	Episode: 143	Length:  58	Total reward: -80.71
Step: 13227	Episode: 144	Length:  92	Total reward: -85.39
Step: 13283	Episode: 145	Length:  55	Total reward: -81.45
Step: 13486	Episode: 146	Length: 202	Total reward: -59.92
Step: 13563	Episode: 147	Length:  76	Total reward: -71.24
Step: 13735	Episode: 148	Length: 171	Total reward: -49.36
Step: 13784	Episode: 149	Length:  48	Total reward: -87.62
Step: 13879	Episode: 150	Length:  94	Total reward: -75.62
==============================================
Evaluating...
Episode: 1	Length:  54	Total reward: 9.43
Episode: 2	Length:  61	Total reward: 11.79
Episode: 3	Length:  90	Total reward: 10.01
Episode: 4	Length: 104	Total reward: 61.17
Episode: 5	Length: 280	Total reward: -0.24
Episode: 6	Length:  51	Total reward: 12.72
Episode: 7	Length:  62	Total reward: 23.78
Episode: 8	Length: 139	Total reward: 47.09
Episode: 9	Length:  66	Total reward: 15.24
Episode: 10	Length:  62	Total reward: 21.00
average score: 21.199230738416297
==============================================
Step: 14020	Episode: 151	Length: 140	Total reward: -24.39
Step: 14366	Episode: 152	Length: 345	Total reward: -98.67
Step: 14424	Episode: 153	Length:  57	Total reward: -88.09
Step: 14588	Episode: 154	Length: 163	Total reward: -48.56
Step: 14697	Episode: 155	Length: 108	Total reward: -70.40
Step: 14764	Episode: 156	Length:  66	Total reward: -83.34
Step: 14827	Episode: 157	Length:  62	Total reward: -90.28
Step: 14918	Episode: 158	Length:  90	Total reward: -90.88
Step: 14990	Episode: 159	Length:  71	Total reward: -65.27
Step: 15070	Episode: 160	Length:  79	Total reward: -64.85
==============================================
Evaluating...
Episode: 1	Length:  54	Total reward: 10.32
Episode: 2	Length:  50	Total reward: 11.79
Episode: 3	Length:  53	Total reward: 9.39
Episode: 4	Length:  55	Total reward: 13.93
Episode: 5	Length: 107	Total reward: 14.12
Episode: 6	Length:  58	Total reward: 21.13
Episode: 7	Length:  47	Total reward: 10.35
Episode: 8	Length:  46	Total reward: 11.59
Episode: 9	Length:  50	Total reward: 15.95
Episode: 10	Length:  47	Total reward: 10.58
average score: 12.916337858360993
==============================================
Step: 15156	Episode: 161	Length:  85	Total reward: -68.38
Step: 15458	Episode: 162	Length: 301	Total reward: -95.74
Step: 15556	Episode: 163	Length:  97	Total reward: -36.78
Step: 15755	Episode: 164	Length: 198	Total reward: -88.66
Step: 15882	Episode: 165	Length: 126	Total reward: -81.88
Step: 15966	Episode: 166	Length:  83	Total reward: -80.71
Step: 16015	Episode: 167	Length:  48	Total reward: -88.57
Step: 16106	Episode: 168	Length:  90	Total reward: -81.70
Step: 16467	Episode: 169	Length: 360	Total reward: -64.36
Step: 16526	Episode: 170	Length:  58	Total reward: -80.06
==============================================
Evaluating...
Episode: 1	Length: 108	Total reward: 6.05
Episode: 2	Length:  47	Total reward: 9.28
Episode: 3	Length: 309	Total reward: 11.40
Episode: 4	Length: 251	Total reward: 10.01
Episode: 5	Length: 562	Total reward: 38.94
Episode: 6	Length: 208	Total reward: 2.63
Episode: 7	Length:  82	Total reward: 8.65
Episode: 8	Length:  99	Total reward: 30.96
Episode: 9	Length:  71	Total reward: 31.56
Episode: 10	Length:  50	Total reward: 10.82
average score: 16.030330179133706
==============================================
Step: 16575	Episode: 171	Length:  48	Total reward: -86.68
Step: 16622	Episode: 172	Length:  46	Total reward: -88.21
Step: 16907	Episode: 173	Length: 284	Total reward: -52.80
Step: 16984	Episode: 174	Length:  76	Total reward: -76.02
Step: 17068	Episode: 175	Length:  83	Total reward: -70.89
Step: 17199	Episode: 176	Length: 130	Total reward: -48.11
Step: 17247	Episode: 177	Length:  47	Total reward: -85.35
Step: 17295	Episode: 178	Length:  47	Total reward: -89.27
Step: 17346	Episode: 179	Length:  50	Total reward: -84.24
Step: 17393	Episode: 180	Length:  46	Total reward: -91.31
==============================================
Evaluating...
Episode: 1	Length: 160	Total reward: 13.66
Episode: 2	Length:  64	Total reward: 14.48
Episode: 3	Length: 216	Total reward: -3.84
Episode: 4	Length: 303	Total reward: 75.07
Episode: 5	Length: 333	Total reward: 81.98
Episode: 6	Length:  80	Total reward: 10.22
Episode: 7	Length: 128	Total reward: 21.80
Episode: 8	Length: 235	Total reward: -6.82
Episode: 9	Length:  59	Total reward: 10.39
Episode: 10	Length:  78	Total reward: 6.33
average score: 22.32736093128392
==============================================
Step: 17473	Episode: 181	Length:  79	Total reward: -89.78
Step: 17607	Episode: 182	Length: 133	Total reward: -63.96
Step: 17661	Episode: 183	Length:  53	Total reward: -78.88
Step: 17712	Episode: 184	Length:  50	Total reward: -84.52
Step: 17768	Episode: 185	Length:  55	Total reward: -88.38
Step: 17896	Episode: 186	Length: 127	Total reward: -59.54
Step: 17960	Episode: 187	Length:  63	Total reward: -80.16
Step: 18040	Episode: 188	Length:  79	Total reward: -64.26
Step: 18650	Episode: 189	Length: 609	Total reward: -114.75
Step: 18698	Episode: 190	Length:  47	Total reward: -88.47
==============================================
Evaluating...
Episode: 1	Length:  46	Total reward: 12.48
Episode: 2	Length:  81	Total reward: 10.32
Episode: 3	Length: 225	Total reward: 84.66
Episode: 4	Length: 387	Total reward: 81.47
Episode: 5	Length:  96	Total reward: 4.09
Episode: 6	Length: 213	Total reward: 16.14
Episode: 7	Length:  92	Total reward: 10.90
Episode: 8	Length:  51	Total reward: 18.80
Episode: 9	Length: 152	Total reward: 12.00
Episode: 10	Length: 117	Total reward: 26.79
average score: 27.76578327325555
==============================================
Step: 18880	Episode: 191	Length: 181	Total reward: -88.59
Step: 18987	Episode: 192	Length: 106	Total reward: -70.60
Step: 19060	Episode: 193	Length:  72	Total reward: -90.19
Step: 19120	Episode: 194	Length:  59	Total reward: -87.83
Step: 19306	Episode: 195	Length: 185	Total reward: -80.70
Step: 19588	Episode: 196	Length: 281	Total reward: -72.54
Step: 19642	Episode: 197	Length:  53	Total reward: -84.61
Step: 19744	Episode: 198	Length: 101	Total reward: -82.97
Step: 19877	Episode: 199	Length: 132	Total reward: -80.20
Step: 20277	Episode: 200	Length: 399	Total reward: -109.49
==============================================
Evaluating...
Episode: 1	Length: 148	Total reward: 39.06
Episode: 2	Length: 104	Total reward: 21.95
Episode: 3	Length:  46	Total reward: 8.68
Episode: 4	Length:  54	Total reward: 20.05
Episode: 5	Length:  62	Total reward: 14.11
Episode: 6	Length:  62	Total reward: 10.15
Episode: 7	Length:  64	Total reward: 18.66
Episode: 8	Length:  79	Total reward: 35.48
Episode: 9	Length:  46	Total reward: 12.19
Episode: 10	Length:  56	Total reward: 10.43
average score: 19.0742533200657
==============================================
Step: 20346	Episode: 201	Length:  68	Total reward: -85.82
Step: 20740	Episode: 202	Length: 393	Total reward: -78.37
Step: 21017	Episode: 203	Length: 276	Total reward: -46.61
Step: 21067	Episode: 204	Length:  49	Total reward: -87.17
Step: 21205	Episode: 205	Length: 137	Total reward: -91.14
Step: 21257	Episode: 206	Length:  51	Total reward: -84.69
Step: 21409	Episode: 207	Length: 151	Total reward: -95.36
Step: 21519	Episode: 208	Length: 109	Total reward: -95.37
Step: 21598	Episode: 209	Length:  78	Total reward: -78.65
Step: 21663	Episode: 210	Length:  64	Total reward: -89.59
==============================================
Evaluating...
Episode: 1	Length:  60	Total reward: 10.62
Episode: 2	Length:  61	Total reward: 11.72
Episode: 3	Length: 100	Total reward: 7.02
Episode: 4	Length: 110	Total reward: 16.17
Episode: 5	Length: 103	Total reward: 72.93
Episode: 6	Length: 120	Total reward: 38.09
Episode: 7	Length:  55	Total reward: 16.54
Episode: 8	Length:  89	Total reward: 22.50
Episode: 9	Length:  50	Total reward: 17.20
Episode: 10	Length: 382	Total reward: 43.33
average score: 25.61397236198232
==============================================
Step: 21878	Episode: 211	Length: 214	Total reward: -84.93
Step: 21967	Episode: 212	Length:  88	Total reward: -92.41
Step: 22783	Episode: 213	Length: 815	Total reward: -94.05
Step: 22874	Episode: 214	Length:  90	Total reward: -51.45
Step: 22944	Episode: 215	Length:  69	Total reward: -67.89
Step: 22991	Episode: 216	Length:  46	Total reward: -87.12
Step: 23084	Episode: 217	Length:  92	Total reward: -77.84
Step: 23303	Episode: 218	Length: 218	Total reward: -96.06
Step: 23416	Episode: 219	Length: 112	Total reward: -60.52
Step: 23668	Episode: 220	Length: 251	Total reward: -95.10
==============================================
Evaluating...
Episode: 1	Length: 327	Total reward: -5.31
Episode: 2	Length:  50	Total reward: 11.62
Episode: 3	Length:  47	Total reward: 12.44
Episode: 4	Length:  48	Total reward: 12.16
Episode: 5	Length: 346	Total reward: 37.54
Episode: 6	Length:  55	Total reward: 11.82
Episode: 7	Length:  63	Total reward: 14.88
Episode: 8	Length:  64	Total reward: 6.88
Episode: 9	Length: 420	Total reward: 0.30
Episode: 10	Length: 211	Total reward: 1.68
average score: 10.401815749792473
==============================================
Step: 23736	Episode: 221	Length:  67	Total reward: -80.56
Step: 23836	Episode: 222	Length:  99	Total reward: -85.06
Step: 23892	Episode: 223	Length:  55	Total reward: -87.83
Step: 23974	Episode: 224	Length:  81	Total reward: -73.85
Step: 24084	Episode: 225	Length: 109	Total reward: -83.12
Step: 24162	Episode: 226	Length:  77	Total reward: -64.22
Step: 24292	Episode: 227	Length: 129	Total reward: -40.66
Step: 24541	Episode: 228	Length: 248	Total reward: -89.46
Step: 24633	Episode: 229	Length:  91	Total reward: -71.83
Step: 24705	Episode: 230	Length:  71	Total reward: -71.62
==============================================
Evaluating...
Episode: 1	Length: 109	Total reward: 61.46
Episode: 2	Length: 618	Total reward: 46.21
Episode: 3	Length: 110	Total reward: 58.59
Episode: 4	Length: 124	Total reward: 39.45
Episode: 5	Length:  93	Total reward: 8.92
Episode: 6	Length:  70	Total reward: 28.97
Episode: 7	Length:  52	Total reward: 10.67
Episode: 8	Length:  55	Total reward: 8.34
Episode: 9	Length:  51	Total reward: 17.83
Episode: 10	Length:  46	Total reward: 8.77
average score: 28.91929837894599
==============================================
Step: 24760	Episode: 231	Length:  54	Total reward: -91.17
Step: 24850	Episode: 232	Length:  89	Total reward: -57.24
Step: 24921	Episode: 233	Length:  70	Total reward: -89.39
Step: 25023	Episode: 234	Length: 101	Total reward: -46.77
Step: 25231	Episode: 235	Length: 207	Total reward: -54.77
Step: 25290	Episode: 236	Length:  58	Total reward: -86.51
Step: 25433	Episode: 237	Length: 142	Total reward: -39.90
Step: 25505	Episode: 238	Length:  71	Total reward: -68.50
Step: 25553	Episode: 239	Length:  47	Total reward: -89.68
Step: 25620	Episode: 240	Length:  66	Total reward: -80.77
==============================================
Evaluating...
Episode: 1	Length:  58	Total reward: 14.65
Episode: 2	Length: 486	Total reward: -10.82
Episode: 3	Length:  49	Total reward: 16.13
Episode: 4	Length:  56	Total reward: 19.12
Episode: 5	Length:  45	Total reward: 11.17
Episode: 6	Length: 461	Total reward: -9.70
Episode: 7	Length: 264	Total reward: 11.67
Episode: 8	Length: 114	Total reward: 65.14
Episode: 9	Length:  53	Total reward: 15.73
Episode: 10	Length:  61	Total reward: 14.51
average score: 14.759250414323182
==============================================
Step: 25750	Episode: 241	Length: 129	Total reward: -75.16
Step: 25862	Episode: 242	Length: 111	Total reward: -55.54
Step: 25935	Episode: 243	Length:  72	Total reward: -75.20
Step: 26034	Episode: 244	Length:  98	Total reward: -81.94
Step: 26405	Episode: 245	Length: 370	Total reward: -73.17
Step: 26687	Episode: 246	Length: 281	Total reward: -79.87
Step: 26745	Episode: 247	Length:  57	Total reward: -87.01
Step: 26893	Episode: 248	Length: 147	Total reward: -98.03
Step: 27001	Episode: 249	Length: 107	Total reward: -89.27
Step: 27114	Episode: 250	Length: 112	Total reward: -83.42
==============================================
Evaluating...
Episode: 1	Length:  57	Total reward: 20.52
Episode: 2	Length:  63	Total reward: 15.58
Episode: 3	Length:  72	Total reward: 15.96
Episode: 4	Length: 225	Total reward: 10.73
Episode: 5	Length:  95	Total reward: 4.15
Episode: 6	Length: 101	Total reward: 3.74
Episode: 7	Length:  47	Total reward: 11.65
Episode: 8	Length: 753	Total reward: -20.98
Episode: 9	Length:  49	Total reward: 14.31
Episode: 10	Length:  84	Total reward: 7.08
average score: 8.271642585694078
==============================================
Step: 27174	Episode: 251	Length:  59	Total reward: -81.61
Step: 27225	Episode: 252	Length:  50	Total reward: -85.33
Step: 27405	Episode: 253	Length: 179	Total reward: -69.51
Step: 27491	Episode: 254	Length:  85	Total reward: -87.67
Step: 27574	Episode: 255	Length:  82	Total reward: -63.42
Step: 27750	Episode: 256	Length: 175	Total reward: -66.99
Step: 27957	Episode: 257	Length: 206	Total reward: -68.36
Step: 28022	Episode: 258	Length:  64	Total reward: -75.04
Step: 28118	Episode: 259	Length:  95	Total reward: -64.52
Step: 28169	Episode: 260	Length:  50	Total reward: -88.55
==============================================
Evaluating...
Episode: 1	Length: 245	Total reward: 27.52
Episode: 2	Length: 147	Total reward: 39.25
Episode: 3	Length:  50	Total reward: 13.91
Episode: 4	Length: 100	Total reward: 16.93
Episode: 5	Length:  51	Total reward: 11.41
Episode: 6	Length: 101	Total reward: 36.90
Episode: 7	Length: 322	Total reward: 4.60
Episode: 8	Length:  47	Total reward: 11.59
Episode: 9	Length:  48	Total reward: 13.09
Episode: 10	Length: 111	Total reward: 13.98
average score: 18.91817759778009
==============================================
Step: 28378	Episode: 261	Length: 208	Total reward: -75.97
Step: 28464	Episode: 262	Length:  85	Total reward: -91.66
Step: 28563	Episode: 263	Length:  98	Total reward: -91.42
Step: 28617	Episode: 264	Length:  53	Total reward: -89.38
Step: 28665	Episode: 265	Length:  47	Total reward: -88.36
Step: 28761	Episode: 266	Length:  95	Total reward: -43.05
Step: 28975	Episode: 267	Length: 213	Total reward: -80.86
Step: 29041	Episode: 268	Length:  65	Total reward: -91.35
Step: 29100	Episode: 269	Length:  58	Total reward: -87.05
Step: 29158	Episode: 270	Length:  57	Total reward: -84.12
==============================================
Evaluating...
Episode: 1	Length: 102	Total reward: 16.94
Episode: 2	Length: 103	Total reward: 19.70
Episode: 3	Length: 315	Total reward: 40.08
Episode: 4	Length: 230	Total reward: 32.46
Episode: 5	Length: 190	Total reward: -0.37
Episode: 6	Length:  54	Total reward: 12.36
Episode: 7	Length: 110	Total reward: 15.02
Episode: 8	Length:  56	Total reward: 11.48
Episode: 9	Length: 263	Total reward: 5.86
Episode: 10	Length:  57	Total reward: 15.03
average score: 16.85544979391105
==============================================
Step: 29223	Episode: 271	Length:  64	Total reward: -81.67
Step: 29282	Episode: 272	Length:  58	Total reward: -79.99
Step: 29606	Episode: 273	Length: 323	Total reward: -99.94
Step: 29663	Episode: 274	Length:  56	Total reward: -87.69
Step: 29901	Episode: 275	Length: 237	Total reward: -56.13
Step: 29977	Episode: 276	Length:  75	Total reward: -92.57
Step: 30131	Episode: 277	Length: 153	Total reward: -70.93
Step: 30190	Episode: 278	Length:  58	Total reward: -90.03
Step: 30406	Episode: 279	Length: 215	Total reward: -34.39
Step: 30635	Episode: 280	Length: 228	Total reward: -67.06
==============================================
Evaluating...
Episode: 1	Length:  55	Total reward: 13.27
Episode: 2	Length: 117	Total reward: 3.18
Episode: 3	Length: 177	Total reward: 51.89
Episode: 4	Length:  54	Total reward: 10.47
Episode: 5	Length: 267	Total reward: 31.17
Episode: 6	Length:  64	Total reward: 15.16
Episode: 7	Length:  47	Total reward: 13.25
Episode: 8	Length:  53	Total reward: 8.83
Episode: 9	Length:  46	Total reward: 9.95
Episode: 10	Length: 215	Total reward: 16.99
average score: 17.416435490949944
==============================================
Step: 30868	Episode: 281	Length: 232	Total reward: -68.03
Step: 30917	Episode: 282	Length:  48	Total reward: -90.86
Step: 31014	Episode: 283	Length:  96	Total reward: -48.38
Step: 31092	Episode: 284	Length:  77	Total reward: -81.89
Step: 31178	Episode: 285	Length:  85	Total reward: -92.00
Step: 31278	Episode: 286	Length:  99	Total reward: -42.52
Step: 31330	Episode: 287	Length:  51	Total reward: -85.87
Step: 31602	Episode: 288	Length: 271	Total reward: -57.79
Step: 31800	Episode: 289	Length: 197	Total reward: -78.32
Step: 31868	Episode: 290	Length:  67	Total reward: -75.12
==============================================
Evaluating...
Episode: 1	Length:  76	Total reward: 29.92
