A.L.E: Arcade Learning Environment (version 0.8.1+53f58b7)
[Powered by Stella]
/home/tzeshinchen/.local/lib/python3.11/site-packages/gym/utils/passive_env_checker.py:233: DeprecationWarning: `np.bool8` is a deprecated alias for `np.bool_`.  (Deprecated NumPy 1.24)
  if not isinstance(terminated, (bool, np.bool8)):
/home/tzeshinchen/data/RF_learning/HW2/DQNwrapped/dqn_agent_atari.py:41: UserWarning: Creating a tensor from a list of numpy.ndarrays is extremely slow. Please consider converting the list to a single numpy.ndarray with numpy.array() before converting to a tensor. (Triggered internally at /opt/conda/conda-bld/pytorch_1695392026823/work/torch/csrc/utils/tensor_new.cpp:261.)
  observation = torch.tensor(
[372/100000000]  episode: 1  episode reward: 260.0  episode len: 373  epsilon: 1.0
[750/100000000]  episode: 2  episode reward: 150.0  episode len: 379  epsilon: 1.0
[1218/100000000]  episode: 3  episode reward: 270.0  episode len: 469  epsilon: 1.0
[1656/100000000]  episode: 4  episode reward: 170.0  episode len: 439  epsilon: 1.0
[2170/100000000]  episode: 5  episode reward: 190.0  episode len: 515  epsilon: 1.0
[2575/100000000]  episode: 6  episode reward: 200.0  episode len: 406  epsilon: 1.0
[2944/100000000]  episode: 7  episode reward: 200.0  episode len: 370  epsilon: 1.0
[3422/100000000]  episode: 8  episode reward: 190.0  episode len: 479  epsilon: 1.0
[3823/100000000]  episode: 9  episode reward: 200.0  episode len: 402  epsilon: 1.0
[4240/100000000]  episode: 10  episode reward: 180.0  episode len: 418  epsilon: 1.0
[4575/100000000]  episode: 11  episode reward: 180.0  episode len: 336  epsilon: 1.0
[5049/100000000]  episode: 12  episode reward: 270.0  episode len: 475  epsilon: 1.0
[5600/100000000]  episode: 13  episode reward: 370.0  episode len: 552  epsilon: 1.0
[6105/100000000]  episode: 14  episode reward: 230.0  episode len: 506  epsilon: 1.0
[6621/100000000]  episode: 15  episode reward: 230.0  episode len: 517  epsilon: 1.0
[7004/100000000]  episode: 16  episode reward: 190.0  episode len: 384  epsilon: 1.0
[7429/100000000]  episode: 17  episode reward: 210.0  episode len: 426  epsilon: 1.0
[7883/100000000]  episode: 18  episode reward: 230.0  episode len: 455  epsilon: 1.0
[8305/100000000]  episode: 19  episode reward: 220.0  episode len: 423  epsilon: 1.0
[8841/100000000]  episode: 20  episode reward: 300.0  episode len: 537  epsilon: 1.0
[9185/100000000]  episode: 21  episode reward: 100.0  episode len: 345  epsilon: 1.0
[9694/100000000]  episode: 22  episode reward: 250.0  episode len: 510  epsilon: 1.0
[10158/100000000]  episode: 23  episode reward: 160.0  episode len: 465  epsilon: 1.0
[10590/100000000]  episode: 24  episode reward: 160.0  episode len: 433  epsilon: 1.0
[11086/100000000]  episode: 25  episode reward: 360.0  episode len: 497  epsilon: 1.0
[11478/100000000]  episode: 26  episode reward: 180.0  episode len: 393  epsilon: 1.0
[11961/100000000]  episode: 27  episode reward: 170.0  episode len: 484  epsilon: 1.0
[12368/100000000]  episode: 28  episode reward: 250.0  episode len: 408  epsilon: 1.0
[12733/100000000]  episode: 29  episode reward: 190.0  episode len: 366  epsilon: 1.0
[13222/100000000]  episode: 30  episode reward: 250.0  episode len: 490  epsilon: 1.0
[13674/100000000]  episode: 31  episode reward: 220.0  episode len: 453  epsilon: 1.0
[14131/100000000]  episode: 32  episode reward: 270.0  episode len: 458  epsilon: 1.0
[14662/100000000]  episode: 33  episode reward: 160.0  episode len: 532  epsilon: 1.0
[15005/100000000]  episode: 34  episode reward: 110.0  episode len: 344  epsilon: 1.0
[15456/100000000]  episode: 35  episode reward: 230.0  episode len: 452  epsilon: 1.0
[15868/100000000]  episode: 36  episode reward: 170.0  episode len: 413  epsilon: 1.0
[16398/100000000]  episode: 37  episode reward: 310.0  episode len: 531  epsilon: 1.0
[16779/100000000]  episode: 38  episode reward: 230.0  episode len: 382  epsilon: 1.0
[17304/100000000]  episode: 39  episode reward: 270.0  episode len: 526  epsilon: 1.0
[17835/100000000]  episode: 40  episode reward: 250.0  episode len: 532  epsilon: 1.0
[18369/100000000]  episode: 41  episode reward: 180.0  episode len: 535  epsilon: 1.0
[18791/100000000]  episode: 42  episode reward: 230.0  episode len: 423  epsilon: 1.0
[19287/100000000]  episode: 43  episode reward: 190.0  episode len: 497  epsilon: 1.0
[19745/100000000]  episode: 44  episode reward: 220.0  episode len: 459  epsilon: 1.0
[20181/100000000]  episode: 45  episode reward: 280.0  episode len: 437  epsilon: 0.9998362000000054
[20718/100000000]  episode: 46  episode reward: 290.0  episode len: 538  epsilon: 0.9993520000000213
[21193/100000000]  episode: 47  episode reward: 330.0  episode len: 476  epsilon: 0.9989236000000354
[22025/100000000]  episode: 48  episode reward: 500.0  episode len: 833  epsilon: 0.9981739000000601
[22363/100000000]  episode: 49  episode reward: 140.0  episode len: 339  epsilon: 0.9978688000000702
[22874/100000000]  episode: 50  episode reward: 200.0  episode len: 512  epsilon: 0.9974080000000853
[23376/100000000]  episode: 51  episode reward: 190.0  episode len: 503  epsilon: 0.9969553000001002
[23788/100000000]  episode: 52  episode reward: 180.0  episode len: 413  epsilon: 0.9965836000001125
[24186/100000000]  episode: 53  episode reward: 220.0  episode len: 399  epsilon: 0.9962245000001243
[24733/100000000]  episode: 54  episode reward: 410.0  episode len: 548  epsilon: 0.9957313000001405
[25222/100000000]  episode: 55  episode reward: 300.0  episode len: 490  epsilon: 0.9952903000001551
[25703/100000000]  episode: 56  episode reward: 260.0  episode len: 482  epsilon: 0.9948565000001693
[26151/100000000]  episode: 57  episode reward: 250.0  episode len: 449  epsilon: 0.9944524000001826
[26661/100000000]  episode: 58  episode reward: 280.0  episode len: 511  epsilon: 0.9939925000001978
[27158/100000000]  episode: 59  episode reward: 210.0  episode len: 498  epsilon: 0.9935443000002125
[27634/100000000]  episode: 60  episode reward: 200.0  episode len: 477  epsilon: 0.9931150000002267
[28093/100000000]  episode: 61  episode reward: 220.0  episode len: 460  epsilon: 0.9927010000002403
[28817/100000000]  episode: 62  episode reward: 390.0  episode len: 725  epsilon: 0.9920485000002618
[29394/100000000]  episode: 63  episode reward: 290.0  episode len: 578  epsilon: 0.9915283000002789
[29818/100000000]  episode: 64  episode reward: 230.0  episode len: 425  epsilon: 0.9911458000002915
[30299/100000000]  episode: 65  episode reward: 230.0  episode len: 482  epsilon: 0.9907120000003058
[30736/100000000]  episode: 66  episode reward: 210.0  episode len: 438  epsilon: 0.9903178000003188
[31275/100000000]  episode: 67  episode reward: 260.0  episode len: 540  epsilon: 0.9898318000003348
[31837/100000000]  episode: 68  episode reward: 330.0  episode len: 563  epsilon: 0.9893251000003515
[32313/100000000]  episode: 69  episode reward: 320.0  episode len: 477  epsilon: 0.9888958000003656
[32764/100000000]  episode: 70  episode reward: 220.0  episode len: 452  epsilon: 0.988489000000379
[33309/100000000]  episode: 71  episode reward: 310.0  episode len: 546  epsilon: 0.9879976000003952
[33741/100000000]  episode: 72  episode reward: 260.0  episode len: 433  epsilon: 0.987607900000408
[34213/100000000]  episode: 73  episode reward: 270.0  episode len: 473  epsilon: 0.987182200000422
[34625/100000000]  episode: 74  episode reward: 200.0  episode len: 413  epsilon: 0.9868105000004342
[35034/100000000]  episode: 75  episode reward: 120.0  episode len: 410  epsilon: 0.9864415000004464
[35532/100000000]  episode: 76  episode reward: 190.0  episode len: 499  epsilon: 0.9859924000004612
[35813/100000000]  episode: 77  episode reward: 70.0  episode len: 282  epsilon: 0.9857386000004695
[36266/100000000]  episode: 78  episode reward: 190.0  episode len: 454  epsilon: 0.985330000000483
[36702/100000000]  episode: 79  episode reward: 210.0  episode len: 437  epsilon: 0.9849367000004959
[37058/100000000]  episode: 80  episode reward: 120.0  episode len: 357  epsilon: 0.9846154000005065
[37475/100000000]  episode: 81  episode reward: 280.0  episode len: 418  epsilon: 0.9842392000005189
[38001/100000000]  episode: 82  episode reward: 230.0  episode len: 527  epsilon: 0.9837649000005345
[38508/100000000]  episode: 83  episode reward: 220.0  episode len: 508  epsilon: 0.9833077000005496
[38947/100000000]  episode: 84  episode reward: 270.0  episode len: 440  epsilon: 0.9829117000005626
[39342/100000000]  episode: 85  episode reward: 180.0  episode len: 396  epsilon: 0.9825553000005743
[39706/100000000]  episode: 86  episode reward: 160.0  episode len: 365  epsilon: 0.9822268000005852
[40188/100000000]  episode: 87  episode reward: 280.0  episode len: 483  epsilon: 0.9817921000005995
[40653/100000000]  episode: 88  episode reward: 140.0  episode len: 466  epsilon: 0.9813727000006133
/home/tzeshinchen/.local/lib/python3.11/site-packages/gym/utils/passive_env_checker.py:289: UserWarning: [33mWARN: No render fps was declared in the environment (env.metadata['render_fps'] is None or not defined), rendering may occur at inconsistent fps.[0m
  logger.warn(
[41082/100000000]  episode: 89  episode reward: 150.0  episode len: 430  epsilon: 0.980985700000626
[41590/100000000]  episode: 90  episode reward: 270.0  episode len: 509  epsilon: 0.9805276000006411
[42015/100000000]  episode: 91  episode reward: 220.0  episode len: 426  epsilon: 0.9801442000006537
[42534/100000000]  episode: 92  episode reward: 280.0  episode len: 520  epsilon: 0.9796762000006691
[43258/100000000]  episode: 93  episode reward: 320.0  episode len: 725  epsilon: 0.9790237000006906
[43627/100000000]  episode: 94  episode reward: 170.0  episode len: 370  epsilon: 0.9786907000007016
[43961/100000000]  episode: 95  episode reward: 120.0  episode len: 335  epsilon: 0.9783892000007115
[44448/100000000]  episode: 96  episode reward: 370.0  episode len: 488  epsilon: 0.977950000000726
[44893/100000000]  episode: 97  episode reward: 190.0  episode len: 446  epsilon: 0.9775486000007392
[45284/100000000]  episode: 98  episode reward: 260.0  episode len: 392  epsilon: 0.9771958000007508
[45763/100000000]  episode: 99  episode reward: 180.0  episode len: 480  epsilon: 0.976763800000765
[46266/100000000]  episode: 100  episode reward: 270.0  episode len: 504  epsilon: 0.97631020000078
==============================================
Evaluating...
episode 1 reward: 170.0
episode 2 reward: 180.0
episode 3 reward: 180.0
episode 4 reward: 180.0
episode 5 reward: 60.0
average score: 154.0
==============================================
[46793/100000000]  episode: 101  episode reward: 220.0  episode len: 528  epsilon: 0.9758350000007956
[47488/100000000]  episode: 102  episode reward: 350.0  episode len: 696  epsilon: 0.9752086000008162
[47948/100000000]  episode: 103  episode reward: 270.0  episode len: 461  epsilon: 0.9747937000008299
[48354/100000000]  episode: 104  episode reward: 270.0  episode len: 407  epsilon: 0.9744274000008419
[48849/100000000]  episode: 105  episode reward: 300.0  episode len: 496  epsilon: 0.9739810000008566
[49349/100000000]  episode: 106  episode reward: 240.0  episode len: 501  epsilon: 0.9735301000008715
[49805/100000000]  episode: 107  episode reward: 270.0  episode len: 457  epsilon: 0.973118800000885
[50299/100000000]  episode: 108  episode reward: 300.0  episode len: 495  epsilon: 0.9726733000008997
[50746/100000000]  episode: 109  episode reward: 220.0  episode len: 448  epsilon: 0.972270100000913
[51265/100000000]  episode: 110  episode reward: 260.0  episode len: 520  epsilon: 0.9718021000009284
[51716/100000000]  episode: 111  episode reward: 240.0  episode len: 452  epsilon: 0.9713953000009418
[52125/100000000]  episode: 112  episode reward: 160.0  episode len: 410  epsilon: 0.9710263000009539
[52651/100000000]  episode: 113  episode reward: 300.0  episode len: 527  epsilon: 0.9705520000009695
[53170/100000000]  episode: 114  episode reward: 240.0  episode len: 520  epsilon: 0.9700840000009849
[53803/100000000]  episode: 115  episode reward: 420.0  episode len: 634  epsilon: 0.9695134000010037
[54341/100000000]  episode: 116  episode reward: 220.0  episode len: 539  epsilon: 0.9690283000010197
[54811/100000000]  episode: 117  episode reward: 260.0  episode len: 471  epsilon: 0.9686044000010336
[55306/100000000]  episode: 118  episode reward: 200.0  episode len: 496  epsilon: 0.9681580000010483
[55786/100000000]  episode: 119  episode reward: 170.0  episode len: 481  epsilon: 0.9677251000010626
[56301/100000000]  episode: 120  episode reward: 290.0  episode len: 516  epsilon: 0.9672607000010779
[56828/100000000]  episode: 121  episode reward: 160.0  episode len: 528  epsilon: 0.9667855000010935
[57600/100000000]  episode: 122  episode reward: 520.0  episode len: 773  epsilon: 0.9660898000011164
[58051/100000000]  episode: 123  episode reward: 240.0  episode len: 452  epsilon: 0.9656830000011298
[58490/100000000]  episode: 124  episode reward: 200.0  episode len: 440  epsilon: 0.9652870000011429
[58976/100000000]  episode: 125  episode reward: 230.0  episode len: 487  epsilon: 0.9648487000011573
[59465/100000000]  episode: 126  episode reward: 240.0  episode len: 490  epsilon: 0.9644077000011718
[59975/100000000]  episode: 127  episode reward: 320.0  episode len: 511  epsilon: 0.963947800001187
[60408/100000000]  episode: 128  episode reward: 200.0  episode len: 434  epsilon: 0.9635572000011998
[60838/100000000]  episode: 129  episode reward: 230.0  episode len: 431  epsilon: 0.9631693000012126
[61289/100000000]  episode: 130  episode reward: 210.0  episode len: 452  epsilon: 0.962762500001226
[61751/100000000]  episode: 131  episode reward: 200.0  episode len: 463  epsilon: 0.9623458000012397
[62290/100000000]  episode: 132  episode reward: 280.0  episode len: 540  epsilon: 0.9618598000012557
[62985/100000000]  episode: 133  episode reward: 690.0  episode len: 696  epsilon: 0.9612334000012763
[63424/100000000]  episode: 134  episode reward: 230.0  episode len: 440  epsilon: 0.9608374000012894
[63960/100000000]  episode: 135  episode reward: 240.0  episode len: 537  epsilon: 0.9603541000013053
[64527/100000000]  episode: 136  episode reward: 310.0  episode len: 568  epsilon: 0.9598429000013221
[65012/100000000]  episode: 137  episode reward: 300.0  episode len: 486  epsilon: 0.9594055000013365
[65541/100000000]  episode: 138  episode reward: 270.0  episode len: 530  epsilon: 0.9589285000013522
[66024/100000000]  episode: 139  episode reward: 220.0  episode len: 484  epsilon: 0.9584929000013666
[66498/100000000]  episode: 140  episode reward: 190.0  episode len: 475  epsilon: 0.9580654000013806
[67191/100000000]  episode: 141  episode reward: 290.0  episode len: 694  epsilon: 0.9574408000014012
[67622/100000000]  episode: 142  episode reward: 240.0  episode len: 432  epsilon: 0.957052000001414
[68060/100000000]  episode: 143  episode reward: 300.0  episode len: 439  epsilon: 0.956656900001427
[68492/100000000]  episode: 144  episode reward: 220.0  episode len: 433  epsilon: 0.9562672000014398
[68941/100000000]  episode: 145  episode reward: 240.0  episode len: 450  epsilon: 0.9558622000014532
[69368/100000000]  episode: 146  episode reward: 160.0  episode len: 428  epsilon: 0.9554770000014658
[69775/100000000]  episode: 147  episode reward: 140.0  episode len: 408  epsilon: 0.9551098000014779
[70242/100000000]  episode: 148  episode reward: 240.0  episode len: 468  epsilon: 0.9546886000014918
[70713/100000000]  episode: 149  episode reward: 200.0  episode len: 472  epsilon: 0.9542638000015058
[71176/100000000]  episode: 150  episode reward: 240.0  episode len: 464  epsilon: 0.9538462000015195
[71615/100000000]  episode: 151  episode reward: 270.0  episode len: 440  epsilon: 0.9534502000015326
[72077/100000000]  episode: 152  episode reward: 170.0  episode len: 463  epsilon: 0.9530335000015463
[72606/100000000]  episode: 153  episode reward: 370.0  episode len: 530  epsilon: 0.952556500001562
[73082/100000000]  episode: 154  episode reward: 230.0  episode len: 477  epsilon: 0.9521272000015761
[73460/100000000]  episode: 155  episode reward: 100.0  episode len: 379  epsilon: 0.9517861000015874
[73965/100000000]  episode: 156  episode reward: 360.0  episode len: 506  epsilon: 0.9513307000016024
[74381/100000000]  episode: 157  episode reward: 200.0  episode len: 417  epsilon: 0.9509554000016147
[74864/100000000]  episode: 158  episode reward: 240.0  episode len: 484  epsilon: 0.9505198000016291
[75283/100000000]  episode: 159  episode reward: 180.0  episode len: 420  epsilon: 0.9501418000016415
[75722/100000000]  episode: 160  episode reward: 190.0  episode len: 440  epsilon: 0.9497458000016545
[76202/100000000]  episode: 161  episode reward: 190.0  episode len: 481  epsilon: 0.9493129000016688
[76832/100000000]  episode: 162  episode reward: 370.0  episode len: 631  epsilon: 0.9487450000016875
[77259/100000000]  episode: 163  episode reward: 220.0  episode len: 428  epsilon: 0.9483598000017002
[77636/100000000]  episode: 164  episode reward: 220.0  episode len: 378  epsilon: 0.9480196000017114
[78071/100000000]  episode: 165  episode reward: 230.0  episode len: 436  epsilon: 0.9476272000017243
[78511/100000000]  episode: 166  episode reward: 250.0  episode len: 441  epsilon: 0.9472303000017374
[79011/100000000]  episode: 167  episode reward: 230.0  episode len: 501  epsilon: 0.9467794000017522
[79719/100000000]  episode: 168  episode reward: 380.0  episode len: 709  epsilon: 0.9461413000017732
[80159/100000000]  episode: 169  episode reward: 170.0  episode len: 441  epsilon: 0.9457444000017863
[80562/100000000]  episode: 170  episode reward: 240.0  episode len: 404  epsilon: 0.9453808000017982
[81005/100000000]  episode: 171  episode reward: 240.0  episode len: 444  epsilon: 0.9449812000018114
[81474/100000000]  episode: 172  episode reward: 260.0  episode len: 470  epsilon: 0.9445582000018253
[81947/100000000]  episode: 173  episode reward: 210.0  episode len: 474  epsilon: 0.9441316000018394
[82349/100000000]  episode: 174  episode reward: 250.0  episode len: 403  epsilon: 0.9437689000018513
[82756/100000000]  episode: 175  episode reward: 220.0  episode len: 408  epsilon: 0.9434017000018634
[83420/100000000]  episode: 176  episode reward: 330.0  episode len: 665  epsilon: 0.9428032000018831
[83874/100000000]  episode: 177  episode reward: 240.0  episode len: 455  epsilon: 0.9423937000018966
[84345/100000000]  episode: 178  episode reward: 280.0  episode len: 472  epsilon: 0.9419689000019106
[84769/100000000]  episode: 179  episode reward: 170.0  episode len: 425  epsilon: 0.9415864000019232
[85333/100000000]  episode: 180  episode reward: 310.0  episode len: 565  epsilon: 0.9410779000019399
[85833/100000000]  episode: 181  episode reward: 210.0  episode len: 501  epsilon: 0.9406270000019548
[86296/100000000]  episode: 182  episode reward: 250.0  episode len: 464  epsilon: 0.9402094000019685
[86689/100000000]  episode: 183  episode reward: 190.0  episode len: 394  epsilon: 0.9398548000019802
[87153/100000000]  episode: 184  episode reward: 290.0  episode len: 465  epsilon: 0.939436300001994
[87562/100000000]  episode: 185  episode reward: 180.0  episode len: 410  epsilon: 0.9390673000020061
[87973/100000000]  episode: 186  episode reward: 240.0  episode len: 412  epsilon: 0.9386965000020183
[88452/100000000]  episode: 187  episode reward: 240.0  episode len: 480  epsilon: 0.9382645000020325
[88862/100000000]  episode: 188  episode reward: 240.0  episode len: 411  epsilon: 0.9378946000020447
[89300/100000000]  episode: 189  episode reward: 250.0  episode len: 439  epsilon: 0.9374995000020577
[89960/100000000]  episode: 190  episode reward: 480.0  episode len: 661  epsilon: 0.9369046000020773
[90466/100000000]  episode: 191  episode reward: 370.0  episode len: 507  epsilon: 0.9364483000020923
[90934/100000000]  episode: 192  episode reward: 320.0  episode len: 469  epsilon: 0.9360262000021062
[91509/100000000]  episode: 193  episode reward: 270.0  episode len: 576  epsilon: 0.9355078000021233
[92055/100000000]  episode: 194  episode reward: 330.0  episode len: 547  epsilon: 0.9350155000021395
[92581/100000000]  episode: 195  episode reward: 370.0  episode len: 527  epsilon: 0.9345412000021551
[93018/100000000]  episode: 196  episode reward: 250.0  episode len: 438  epsilon: 0.9341470000021681
[93405/100000000]  episode: 197  episode reward: 260.0  episode len: 388  epsilon: 0.9337978000021796
[93942/100000000]  episode: 198  episode reward: 320.0  episode len: 538  epsilon: 0.9333136000021955
[94457/100000000]  episode: 199  episode reward: 300.0  episode len: 516  epsilon: 0.9328492000022108
[95034/100000000]  episode: 200  episode reward: 310.0  episode len: 578  epsilon: 0.932329000002228
==============================================
Evaluating...
episode 1 reward: 300.0
episode 2 reward: 260.0
episode 3 reward: 270.0
episode 4 reward: 300.0
episode 5 reward: 930.0
average score: 412.0
==============================================
[95812/100000000]  episode: 201  episode reward: 530.0  episode len: 779  epsilon: 0.931627900002251
[96289/100000000]  episode: 202  episode reward: 230.0  episode len: 478  epsilon: 0.9311977000022652
[96916/100000000]  episode: 203  episode reward: 700.0  episode len: 628  epsilon: 0.9306325000022838
[97349/100000000]  episode: 204  episode reward: 230.0  episode len: 434  epsilon: 0.9302419000022967
[97782/100000000]  episode: 205  episode reward: 180.0  episode len: 434  epsilon: 0.9298513000023095
[98172/100000000]  episode: 206  episode reward: 230.0  episode len: 391  epsilon: 0.9294994000023211
[98669/100000000]  episode: 207  episode reward: 280.0  episode len: 498  epsilon: 0.9290512000023359
[99337/100000000]  episode: 208  episode reward: 520.0  episode len: 669  epsilon: 0.9284491000023557
[99866/100000000]  episode: 209  episode reward: 270.0  episode len: 530  epsilon: 0.9279721000023714
[100278/100000000]  episode: 210  episode reward: 220.0  episode len: 413  epsilon: 0.9276004000023836
[100773/100000000]  episode: 211  episode reward: 270.0  episode len: 496  epsilon: 0.9271540000023983
[101238/100000000]  episode: 212  episode reward: 240.0  episode len: 466  epsilon: 0.9267346000024121
[101839/100000000]  episode: 213  episode reward: 290.0  episode len: 602  epsilon: 0.92619280000243
[102347/100000000]  episode: 214  episode reward: 270.0  episode len: 509  epsilon: 0.9257347000024451
[102821/100000000]  episode: 215  episode reward: 330.0  episode len: 475  epsilon: 0.9253072000024591
[103262/100000000]  episode: 216  episode reward: 170.0  episode len: 442  epsilon: 0.9249094000024722
[103794/100000000]  episode: 217  episode reward: 240.0  episode len: 533  epsilon: 0.924429700002488
[104290/100000000]  episode: 218  episode reward: 310.0  episode len: 497  epsilon: 0.9239824000025028
[105092/100000000]  episode: 219  episode reward: 420.0  episode len: 803  epsilon: 0.9232597000025266
[105581/100000000]  episode: 220  episode reward: 230.0  episode len: 490  epsilon: 0.9228187000025411
[106088/100000000]  episode: 221  episode reward: 220.0  episode len: 508  epsilon: 0.9223615000025561
[106608/100000000]  episode: 222  episode reward: 220.0  episode len: 521  epsilon: 0.9218926000025716
[107163/100000000]  episode: 223  episode reward: 170.0  episode len: 556  epsilon: 0.921392200002588
[107626/100000000]  episode: 224  episode reward: 240.0  episode len: 464  epsilon: 0.9209746000026018
[108129/100000000]  episode: 225  episode reward: 290.0  episode len: 504  epsilon: 0.9205210000026167
[108770/100000000]  episode: 226  episode reward: 410.0  episode len: 642  epsilon: 0.9199432000026357
[109199/100000000]  episode: 227  episode reward: 260.0  episode len: 430  epsilon: 0.9195562000026485
[109685/100000000]  episode: 228  episode reward: 270.0  episode len: 487  epsilon: 0.9191179000026629
[110561/100000000]  episode: 229  episode reward: 1100.0  episode len: 877  epsilon: 0.9183286000026889
[111046/100000000]  episode: 230  episode reward: 280.0  episode len: 486  epsilon: 0.9178912000027033
[111579/100000000]  episode: 231  episode reward: 230.0  episode len: 534  epsilon: 0.9174106000027191
[112086/100000000]  episode: 232  episode reward: 270.0  episode len: 508  epsilon: 0.9169534000027342
[112567/100000000]  episode: 233  episode reward: 310.0  episode len: 482  epsilon: 0.9165196000027485
[113310/100000000]  episode: 234  episode reward: 670.0  episode len: 744  epsilon: 0.9158500000027705
[113802/100000000]  episode: 235  episode reward: 320.0  episode len: 493  epsilon: 0.9154063000027851
[114260/100000000]  episode: 236  episode reward: 290.0  episode len: 459  epsilon: 0.9149932000027987
[114737/100000000]  episode: 237  episode reward: 210.0  episode len: 478  epsilon: 0.9145630000028129
[115176/100000000]  episode: 238  episode reward: 170.0  episode len: 440  epsilon: 0.9141670000028259
[115647/100000000]  episode: 239  episode reward: 320.0  episode len: 472  epsilon: 0.9137422000028399
[116123/100000000]  episode: 240  episode reward: 240.0  episode len: 477  epsilon: 0.913312900002854
[116607/100000000]  episode: 241  episode reward: 280.0  episode len: 485  epsilon: 0.9128764000028684
[117105/100000000]  episode: 242  episode reward: 220.0  episode len: 499  epsilon: 0.9124273000028832
[117634/100000000]  episode: 243  episode reward: 310.0  episode len: 530  epsilon: 0.9119503000028989
[118051/100000000]  episode: 244  episode reward: 280.0  episode len: 418  epsilon: 0.9115741000029113
[118454/100000000]  episode: 245  episode reward: 150.0  episode len: 404  epsilon: 0.9112105000029233
[119195/100000000]  episode: 246  episode reward: 460.0  episode len: 742  epsilon: 0.9105427000029452
[119562/100000000]  episode: 247  episode reward: 240.0  episode len: 368  epsilon: 0.9102115000029561
[120094/100000000]  episode: 248  episode reward: 330.0  episode len: 533  epsilon: 0.9097318000029719
[120567/100000000]  episode: 249  episode reward: 210.0  episode len: 474  epsilon: 0.909305200002986
[121069/100000000]  episode: 250  episode reward: 250.0  episode len: 503  epsilon: 0.9088525000030009
[121575/100000000]  episode: 251  episode reward: 220.0  episode len: 507  epsilon: 0.9083962000030159
[121876/100000000]  episode: 252  episode reward: 110.0  episode len: 302  epsilon: 0.9081244000030249
[122554/100000000]  episode: 253  episode reward: 500.0  episode len: 679  epsilon: 0.907513300003045
[123107/100000000]  episode: 254  episode reward: 320.0  episode len: 554  epsilon: 0.9070147000030614
[123499/100000000]  episode: 255  episode reward: 280.0  episode len: 393  epsilon: 0.906661000003073
[123956/100000000]  episode: 256  episode reward: 210.0  episode len: 458  epsilon: 0.9062488000030866
[124467/100000000]  episode: 257  episode reward: 210.0  episode len: 512  epsilon: 0.9057880000031018
[125114/100000000]  episode: 258  episode reward: 290.0  episode len: 648  epsilon: 0.905204800003121
[125555/100000000]  episode: 259  episode reward: 180.0  episode len: 442  epsilon: 0.9048070000031341
[126095/100000000]  episode: 260  episode reward: 320.0  episode len: 541  epsilon: 0.9043201000031501
[126611/100000000]  episode: 261  episode reward: 290.0  episode len: 517  epsilon: 0.9038548000031654
[127061/100000000]  episode: 262  episode reward: 270.0  episode len: 451  epsilon: 0.9034489000031788
[127466/100000000]  episode: 263  episode reward: 330.0  episode len: 406  epsilon: 0.9030835000031908
[127983/100000000]  episode: 264  episode reward: 230.0  episode len: 518  epsilon: 0.9026173000032062
[128465/100000000]  episode: 265  episode reward: 310.0  episode len: 483  epsilon: 0.9021826000032205
[128942/100000000]  episode: 266  episode reward: 200.0  episode len: 478  epsilon: 0.9017524000032346
[129673/100000000]  episode: 267  episode reward: 730.0  episode len: 732  epsilon: 0.9010936000032563
[130014/100000000]  episode: 268  episode reward: 150.0  episode len: 342  epsilon: 0.9007858000032665
[130701/100000000]  episode: 269  episode reward: 700.0  episode len: 688  epsilon: 0.9001666000032869
[131313/100000000]  episode: 270  episode reward: 470.0  episode len: 613  epsilon: 0.899614900003305
[131751/100000000]  episode: 271  episode reward: 130.0  episode len: 439  epsilon: 0.899219800003318
[132398/100000000]  episode: 272  episode reward: 330.0  episode len: 648  epsilon: 0.8986366000033372
[132764/100000000]  episode: 273  episode reward: 230.0  episode len: 367  epsilon: 0.8983063000033481
[133404/100000000]  episode: 274  episode reward: 540.0  episode len: 641  epsilon: 0.8977294000033671
[133855/100000000]  episode: 275  episode reward: 210.0  episode len: 452  epsilon: 0.8973226000033805
[134224/100000000]  episode: 276  episode reward: 190.0  episode len: 370  epsilon: 0.8969896000033915
[134663/100000000]  episode: 277  episode reward: 280.0  episode len: 440  epsilon: 0.8965936000034045
[135031/100000000]  episode: 278  episode reward: 270.0  episode len: 369  epsilon: 0.8962615000034154
[135495/100000000]  episode: 279  episode reward: 380.0  episode len: 465  epsilon: 0.8958430000034292
[136057/100000000]  episode: 280  episode reward: 330.0  episode len: 563  epsilon: 0.8953363000034459
[136545/100000000]  episode: 281  episode reward: 170.0  episode len: 489  epsilon: 0.8948962000034604
[137106/100000000]  episode: 282  episode reward: 270.0  episode len: 562  epsilon: 0.894390400003477
[137611/100000000]  episode: 283  episode reward: 300.0  episode len: 506  epsilon: 0.893935000003492
[138032/100000000]  episode: 284  episode reward: 240.0  episode len: 422  epsilon: 0.8935552000035045
[138509/100000000]  episode: 285  episode reward: 260.0  episode len: 478  epsilon: 0.8931250000035187
[139147/100000000]  episode: 286  episode reward: 690.0  episode len: 639  epsilon: 0.8925499000035376
[139569/100000000]  episode: 287  episode reward: 300.0  episode len: 423  epsilon: 0.8921692000035502
[140202/100000000]  episode: 288  episode reward: 400.0  episode len: 634  epsilon: 0.8915986000035689
[140643/100000000]  episode: 289  episode reward: 220.0  episode len: 442  epsilon: 0.891200800003582
[141021/100000000]  episode: 290  episode reward: 160.0  episode len: 379  epsilon: 0.8908597000035933
[141600/100000000]  episode: 291  episode reward: 350.0  episode len: 580  epsilon: 0.8903377000036105
[142182/100000000]  episode: 292  episode reward: 320.0  episode len: 583  epsilon: 0.8898130000036277
[142546/100000000]  episode: 293  episode reward: 210.0  episode len: 365  epsilon: 0.8894845000036385
[143117/100000000]  episode: 294  episode reward: 610.0  episode len: 572  epsilon: 0.8889697000036555
[143616/100000000]  episode: 295  episode reward: 220.0  episode len: 500  epsilon: 0.8885197000036703
[144049/100000000]  episode: 296  episode reward: 280.0  episode len: 434  epsilon: 0.8881291000036832
[144556/100000000]  episode: 297  episode reward: 330.0  episode len: 508  epsilon: 0.8876719000036982
[145267/100000000]  episode: 298  episode reward: 640.0  episode len: 712  epsilon: 0.8870311000037193
[145697/100000000]  episode: 299  episode reward: 230.0  episode len: 431  epsilon: 0.8866432000037321
[146151/100000000]  episode: 300  episode reward: 330.0  episode len: 455  epsilon: 0.8862337000037456
==============================================
Evaluating...
episode 1 reward: 800.0
episode 2 reward: 780.0
episode 3 reward: 230.0
episode 4 reward: 750.0
episode 5 reward: 560.0
average score: 624.0
==============================================
[146887/100000000]  episode: 301  episode reward: 710.0  episode len: 737  epsilon: 0.8855704000037674
[147325/100000000]  episode: 302  episode reward: 220.0  episode len: 439  epsilon: 0.8851753000037804
[147803/100000000]  episode: 303  episode reward: 210.0  episode len: 479  epsilon: 0.8847442000037946
[148325/100000000]  episode: 304  episode reward: 320.0  episode len: 523  epsilon: 0.8842735000038101
[148784/100000000]  episode: 305  episode reward: 210.0  episode len: 460  epsilon: 0.8838595000038237
[149267/100000000]  episode: 306  episode reward: 180.0  episode len: 484  epsilon: 0.8834239000038381
[149805/100000000]  episode: 307  episode reward: 300.0  episode len: 539  epsilon: 0.882938800003854
[150230/100000000]  episode: 308  episode reward: 220.0  episode len: 426  epsilon: 0.8825554000038667
[150774/100000000]  episode: 309  episode reward: 330.0  episode len: 545  epsilon: 0.8820649000038828
[151261/100000000]  episode: 310  episode reward: 290.0  episode len: 488  epsilon: 0.8816257000038973
[151870/100000000]  episode: 311  episode reward: 190.0  episode len: 610  epsilon: 0.8810767000039154
[152374/100000000]  episode: 312  episode reward: 310.0  episode len: 505  epsilon: 0.8806222000039303
[152833/100000000]  episode: 313  episode reward: 280.0  episode len: 460  epsilon: 0.880208200003944
[153238/100000000]  episode: 314  episode reward: 330.0  episode len: 406  epsilon: 0.879842800003956
[153742/100000000]  episode: 315  episode reward: 290.0  episode len: 505  epsilon: 0.879388300003971
[154199/100000000]  episode: 316  episode reward: 140.0  episode len: 458  epsilon: 0.8789761000039845
[154857/100000000]  episode: 317  episode reward: 360.0  episode len: 659  epsilon: 0.878383000004004
[155335/100000000]  episode: 318  episode reward: 270.0  episode len: 479  epsilon: 0.8779519000040182
[155799/100000000]  episode: 319  episode reward: 260.0  episode len: 465  epsilon: 0.877533400004032
[156146/100000000]  episode: 320  episode reward: 220.0  episode len: 348  epsilon: 0.8772202000040423
[156712/100000000]  episode: 321  episode reward: 350.0  episode len: 567  epsilon: 0.8767099000040591
[157248/100000000]  episode: 322  episode reward: 290.0  episode len: 537  epsilon: 0.876226600004075
[157703/100000000]  episode: 323  episode reward: 280.0  episode len: 456  epsilon: 0.8758162000040886
[158146/100000000]  episode: 324  episode reward: 120.0  episode len: 444  epsilon: 0.8754166000041017
[158661/100000000]  episode: 325  episode reward: 300.0  episode len: 516  epsilon: 0.874952200004117
[159137/100000000]  episode: 326  episode reward: 290.0  episode len: 477  epsilon: 0.8745229000041311
[159608/100000000]  episode: 327  episode reward: 380.0  episode len: 472  epsilon: 0.8740981000041451
[160347/100000000]  episode: 328  episode reward: 560.0  episode len: 740  epsilon: 0.873432100004167
[160680/100000000]  episode: 329  episode reward: 190.0  episode len: 334  epsilon: 0.8731315000041769
[161402/100000000]  episode: 330  episode reward: 590.0  episode len: 723  epsilon: 0.8724808000041984
[161817/100000000]  episode: 331  episode reward: 250.0  episode len: 416  epsilon: 0.8721064000042107
[162274/100000000]  episode: 332  episode reward: 200.0  episode len: 458  epsilon: 0.8716942000042243
[162671/100000000]  episode: 333  episode reward: 230.0  episode len: 398  epsilon: 0.871336000004236
[163150/100000000]  episode: 334  episode reward: 300.0  episode len: 480  epsilon: 0.8709040000042503
[163549/100000000]  episode: 335  episode reward: 140.0  episode len: 400  epsilon: 0.8705440000042621
[163997/100000000]  episode: 336  episode reward: 210.0  episode len: 449  epsilon: 0.8701399000042754
[164308/100000000]  episode: 337  episode reward: 150.0  episode len: 312  epsilon: 0.8698591000042847
[164802/100000000]  episode: 338  episode reward: 280.0  episode len: 495  epsilon: 0.8694136000042993
[165259/100000000]  episode: 339  episode reward: 290.0  episode len: 458  epsilon: 0.8690014000043129
[165584/100000000]  episode: 340  episode reward: 240.0  episode len: 326  epsilon: 0.8687080000043226
[166132/100000000]  episode: 341  episode reward: 270.0  episode len: 549  epsilon: 0.8682139000043388
[166641/100000000]  episode: 342  episode reward: 330.0  episode len: 510  epsilon: 0.867754900004354
[167087/100000000]  episode: 343  episode reward: 250.0  episode len: 447  epsilon: 0.8673526000043672
[167541/100000000]  episode: 344  episode reward: 330.0  episode len: 455  epsilon: 0.8669431000043807
[168059/100000000]  episode: 345  episode reward: 240.0  episode len: 519  epsilon: 0.8664760000043961
[168419/100000000]  episode: 346  episode reward: 220.0  episode len: 361  epsilon: 0.8661511000044068
[168988/100000000]  episode: 347  episode reward: 250.0  episode len: 570  epsilon: 0.8656381000044236
[169447/100000000]  episode: 348  episode reward: 290.0  episode len: 460  epsilon: 0.8652241000044373
[169965/100000000]  episode: 349  episode reward: 340.0  episode len: 519  epsilon: 0.8647570000044527
[170412/100000000]  episode: 350  episode reward: 200.0  episode len: 448  epsilon: 0.8643538000044659
[170975/100000000]  episode: 351  episode reward: 300.0  episode len: 564  epsilon: 0.8638462000044826
[171512/100000000]  episode: 352  episode reward: 310.0  episode len: 538  epsilon: 0.8633620000044986
[171954/100000000]  episode: 353  episode reward: 190.0  episode len: 443  epsilon: 0.8629633000045117
[172401/100000000]  episode: 354  episode reward: 200.0  episode len: 448  epsilon: 0.862560100004525
[172807/100000000]  episode: 355  episode reward: 180.0  episode len: 407  epsilon: 0.862193800004537
[173282/100000000]  episode: 356  episode reward: 280.0  episode len: 476  epsilon: 0.8617654000045512
[173734/100000000]  episode: 357  episode reward: 180.0  episode len: 453  epsilon: 0.8613577000045646
[174224/100000000]  episode: 358  episode reward: 320.0  episode len: 491  epsilon: 0.8609158000045791
[174956/100000000]  episode: 359  episode reward: 550.0  episode len: 733  epsilon: 0.8602561000046008
[175444/100000000]  episode: 360  episode reward: 260.0  episode len: 489  epsilon: 0.8598160000046153
[175860/100000000]  episode: 361  episode reward: 280.0  episode len: 417  epsilon: 0.8594407000046277
[176317/100000000]  episode: 362  episode reward: 310.0  episode len: 458  epsilon: 0.8590285000046413
[176713/100000000]  episode: 363  episode reward: 360.0  episode len: 397  epsilon: 0.858671200004653
[177186/100000000]  episode: 364  episode reward: 260.0  episode len: 474  epsilon: 0.8582446000046671
[177673/100000000]  episode: 365  episode reward: 260.0  episode len: 488  epsilon: 0.8578054000046815
[178392/100000000]  episode: 366  episode reward: 650.0  episode len: 720  epsilon: 0.8571574000047029
[178911/100000000]  episode: 367  episode reward: 380.0  episode len: 520  epsilon: 0.8566894000047183
[179360/100000000]  episode: 368  episode reward: 290.0  episode len: 450  epsilon: 0.8562844000047316
[179861/100000000]  episode: 369  episode reward: 350.0  episode len: 502  epsilon: 0.8558326000047465
[180531/100000000]  episode: 370  episode reward: 560.0  episode len: 671  epsilon: 0.8552287000047664
[180998/100000000]  episode: 371  episode reward: 240.0  episode len: 468  epsilon: 0.8548075000047802
[181532/100000000]  episode: 372  episode reward: 270.0  episode len: 535  epsilon: 0.8543260000047961
[182170/100000000]  episode: 373  episode reward: 350.0  episode len: 639  epsilon: 0.853750900004815
[182663/100000000]  episode: 374  episode reward: 270.0  episode len: 494  epsilon: 0.8533063000048297
[183342/100000000]  episode: 375  episode reward: 680.0  episode len: 680  epsilon: 0.8526943000048498
[184178/100000000]  episode: 376  episode reward: 720.0  episode len: 837  epsilon: 0.8519410000048746
[184631/100000000]  episode: 377  episode reward: 230.0  episode len: 454  epsilon: 0.8515324000048881
[185087/100000000]  episode: 378  episode reward: 270.0  episode len: 457  epsilon: 0.8511211000049016
[185536/100000000]  episode: 379  episode reward: 250.0  episode len: 450  epsilon: 0.8507161000049149
[186006/100000000]  episode: 380  episode reward: 320.0  episode len: 471  epsilon: 0.8502922000049289
[186389/100000000]  episode: 381  episode reward: 290.0  episode len: 384  epsilon: 0.8499466000049403
[186917/100000000]  episode: 382  episode reward: 380.0  episode len: 529  epsilon: 0.8494705000049559
[187423/100000000]  episode: 383  episode reward: 220.0  episode len: 507  epsilon: 0.849014200004971
[187821/100000000]  episode: 384  episode reward: 260.0  episode len: 399  epsilon: 0.8486551000049828
[188288/100000000]  episode: 385  episode reward: 270.0  episode len: 468  epsilon: 0.8482339000049967
[188741/100000000]  episode: 386  episode reward: 260.0  episode len: 454  epsilon: 0.8478253000050101
[189261/100000000]  episode: 387  episode reward: 400.0  episode len: 521  epsilon: 0.8473564000050255
[189741/100000000]  episode: 388  episode reward: 290.0  episode len: 481  epsilon: 0.8469235000050398
[190318/100000000]  episode: 389  episode reward: 610.0  episode len: 578  epsilon: 0.8464033000050569
[190858/100000000]  episode: 390  episode reward: 390.0  episode len: 541  epsilon: 0.845916400005073
[191284/100000000]  episode: 391  episode reward: 280.0  episode len: 427  epsilon: 0.8455321000050856
[191802/100000000]  episode: 392  episode reward: 370.0  episode len: 519  epsilon: 0.845065000005101
[192347/100000000]  episode: 393  episode reward: 410.0  episode len: 546  epsilon: 0.8445736000051172
[192808/100000000]  episode: 394  episode reward: 220.0  episode len: 462  epsilon: 0.8441578000051309
[193230/100000000]  episode: 395  episode reward: 300.0  episode len: 423  epsilon: 0.8437771000051434
[193670/100000000]  episode: 396  episode reward: 240.0  episode len: 441  epsilon: 0.8433802000051565
[194281/100000000]  episode: 397  episode reward: 280.0  episode len: 612  epsilon: 0.8428294000051746
[194728/100000000]  episode: 398  episode reward: 210.0  episode len: 448  epsilon: 0.8424262000051879
[195157/100000000]  episode: 399  episode reward: 190.0  episode len: 430  epsilon: 0.8420392000052006
[195649/100000000]  episode: 400  episode reward: 330.0  episode len: 493  epsilon: 0.8415955000052152
==============================================
Evaluating...
episode 1 reward: 420.0
episode 2 reward: 420.0
episode 3 reward: 340.0
episode 4 reward: 360.0
episode 5 reward: 640.0
average score: 436.0
==============================================
[196078/100000000]  episode: 401  episode reward: 220.0  episode len: 430  epsilon: 0.841208500005228
[196617/100000000]  episode: 402  episode reward: 350.0  episode len: 540  epsilon: 0.840722500005244
[197082/100000000]  episode: 403  episode reward: 310.0  episode len: 466  epsilon: 0.8403031000052578
[197429/100000000]  episode: 404  episode reward: 160.0  episode len: 348  epsilon: 0.8399899000052681
[197825/100000000]  episode: 405  episode reward: 190.0  episode len: 397  epsilon: 0.8396326000052798
[198278/100000000]  episode: 406  episode reward: 320.0  episode len: 454  epsilon: 0.8392240000052933
[198861/100000000]  episode: 407  episode reward: 340.0  episode len: 584  epsilon: 0.8386984000053106
[199245/100000000]  episode: 408  episode reward: 200.0  episode len: 385  epsilon: 0.838351900005322
[199631/100000000]  episode: 409  episode reward: 160.0  episode len: 387  epsilon: 0.8380036000053335
[200281/100000000]  episode: 410  episode reward: 270.0  episode len: 651  epsilon: 0.8374177000053528
[200725/100000000]  episode: 411  episode reward: 290.0  episode len: 445  epsilon: 0.837017200005366
[201136/100000000]  episode: 412  episode reward: 240.0  episode len: 412  epsilon: 0.8366464000053782
[201562/100000000]  episode: 413  episode reward: 200.0  episode len: 427  epsilon: 0.8362621000053908
[202201/100000000]  episode: 414  episode reward: 300.0  episode len: 640  epsilon: 0.8356861000054098
[203181/100000000]  episode: 415  episode reward: 650.0  episode len: 981  epsilon: 0.8348032000054388
[203534/100000000]  episode: 416  episode reward: 210.0  episode len: 354  epsilon: 0.8344846000054493
[203958/100000000]  episode: 417  episode reward: 300.0  episode len: 425  epsilon: 0.8341021000054619
[204331/100000000]  episode: 418  episode reward: 250.0  episode len: 374  epsilon: 0.833765500005473
[204776/100000000]  episode: 419  episode reward: 260.0  episode len: 446  epsilon: 0.8333641000054862
[205278/100000000]  episode: 420  episode reward: 360.0  episode len: 503  epsilon: 0.8329114000055011
[205766/100000000]  episode: 421  episode reward: 170.0  episode len: 489  epsilon: 0.8324713000055156
[206296/100000000]  episode: 422  episode reward: 160.0  episode len: 531  epsilon: 0.8319934000055313
[206987/100000000]  episode: 423  episode reward: 350.0  episode len: 692  epsilon: 0.8313706000055519
[207462/100000000]  episode: 424  episode reward: 260.0  episode len: 476  epsilon: 0.830942200005566
[207909/100000000]  episode: 425  episode reward: 240.0  episode len: 448  epsilon: 0.8305390000055792
[208425/100000000]  episode: 426  episode reward: 360.0  episode len: 517  epsilon: 0.8300737000055946
[208812/100000000]  episode: 427  episode reward: 210.0  episode len: 388  epsilon: 0.829724500005606
[209348/100000000]  episode: 428  episode reward: 410.0  episode len: 537  epsilon: 0.829241200005622
[209816/100000000]  episode: 429  episode reward: 280.0  episode len: 469  epsilon: 0.8288191000056359
[210126/100000000]  episode: 430  episode reward: 170.0  episode len: 311  epsilon: 0.8285392000056451
[210558/100000000]  episode: 431  episode reward: 180.0  episode len: 433  epsilon: 0.8281495000056579
[211087/100000000]  episode: 432  episode reward: 320.0  episode len: 530  epsilon: 0.8276725000056736
[211552/100000000]  episode: 433  episode reward: 210.0  episode len: 466  epsilon: 0.8272531000056874
[212016/100000000]  episode: 434  episode reward: 300.0  episode len: 465  epsilon: 0.8268346000057012
[212497/100000000]  episode: 435  episode reward: 290.0  episode len: 482  epsilon: 0.8264008000057155
[213067/100000000]  episode: 436  episode reward: 300.0  episode len: 571  epsilon: 0.8258869000057324
[213643/100000000]  episode: 437  episode reward: 390.0  episode len: 577  epsilon: 0.8253676000057495
[214064/100000000]  episode: 438  episode reward: 300.0  episode len: 422  epsilon: 0.824987800005762
[214485/100000000]  episode: 439  episode reward: 200.0  episode len: 422  epsilon: 0.8246080000057745
[215262/100000000]  episode: 440  episode reward: 690.0  episode len: 778  epsilon: 0.8239078000057976
[215682/100000000]  episode: 441  episode reward: 280.0  episode len: 421  epsilon: 0.82352890000581
[216263/100000000]  episode: 442  episode reward: 290.0  episode len: 582  epsilon: 0.8230051000058273
[216682/100000000]  episode: 443  episode reward: 190.0  episode len: 420  epsilon: 0.8226271000058397
[216955/100000000]  episode: 444  episode reward: 120.0  episode len: 274  epsilon: 0.8223805000058478
[217487/100000000]  episode: 445  episode reward: 190.0  episode len: 533  epsilon: 0.8219008000058636
[218001/100000000]  episode: 446  episode reward: 280.0  episode len: 515  epsilon: 0.8214373000058789
[218438/100000000]  episode: 447  episode reward: 250.0  episode len: 438  epsilon: 0.8210431000058919
[218909/100000000]  episode: 448  episode reward: 310.0  episode len: 472  epsilon: 0.8206183000059059
[219479/100000000]  episode: 449  episode reward: 1170.0  episode len: 571  epsilon: 0.8201044000059228
[219971/100000000]  episode: 450  episode reward: 300.0  episode len: 493  epsilon: 0.8196607000059374
[220640/100000000]  episode: 451  episode reward: 470.0  episode len: 670  epsilon: 0.8190577000059572
[221177/100000000]  episode: 452  episode reward: 260.0  episode len: 538  epsilon: 0.8185735000059732
[221584/100000000]  episode: 453  episode reward: 290.0  episode len: 408  epsilon: 0.8182063000059853
[222070/100000000]  episode: 454  episode reward: 320.0  episode len: 487  epsilon: 0.8177680000059997
[222544/100000000]  episode: 455  episode reward: 220.0  episode len: 475  epsilon: 0.8173405000060138
[222917/100000000]  episode: 456  episode reward: 230.0  episode len: 374  epsilon: 0.8170039000060249
[223407/100000000]  episode: 457  episode reward: 350.0  episode len: 491  epsilon: 0.8165620000060394
[223999/100000000]  episode: 458  episode reward: 330.0  episode len: 593  epsilon: 0.816028300006057
[224430/100000000]  episode: 459  episode reward: 300.0  episode len: 432  epsilon: 0.8156395000060698
[224856/100000000]  episode: 460  episode reward: 260.0  episode len: 427  epsilon: 0.8152552000060824
[225331/100000000]  episode: 461  episode reward: 210.0  episode len: 476  epsilon: 0.8148268000060965
[225943/100000000]  episode: 462  episode reward: 610.0  episode len: 613  epsilon: 0.8142751000061147
[226392/100000000]  episode: 463  episode reward: 270.0  episode len: 450  epsilon: 0.813870100006128
[226887/100000000]  episode: 464  episode reward: 350.0  episode len: 496  epsilon: 0.8134237000061427
[227742/100000000]  episode: 465  episode reward: 830.0  episode len: 856  epsilon: 0.8126533000061681
[228223/100000000]  episode: 466  episode reward: 290.0  episode len: 482  epsilon: 0.8122195000061824
[228684/100000000]  episode: 467  episode reward: 230.0  episode len: 462  epsilon: 0.8118037000061961
[229141/100000000]  episode: 468  episode reward: 160.0  episode len: 458  epsilon: 0.8113915000062096
[229675/100000000]  episode: 469  episode reward: 330.0  episode len: 535  epsilon: 0.8109100000062255
[230064/100000000]  episode: 470  episode reward: 230.0  episode len: 390  epsilon: 0.810559000006237
[230765/100000000]  episode: 471  episode reward: 1220.0  episode len: 702  epsilon: 0.8099272000062578
[231197/100000000]  episode: 472  episode reward: 280.0  episode len: 433  epsilon: 0.8095375000062707
[231715/100000000]  episode: 473  episode reward: 340.0  episode len: 519  epsilon: 0.809070400006286
[232198/100000000]  episode: 474  episode reward: 250.0  episode len: 484  epsilon: 0.8086348000063004
[232733/100000000]  episode: 475  episode reward: 340.0  episode len: 536  epsilon: 0.8081524000063163
[233152/100000000]  episode: 476  episode reward: 300.0  episode len: 420  epsilon: 0.8077744000063287
[233679/100000000]  episode: 477  episode reward: 330.0  episode len: 528  epsilon: 0.8072992000063444
[234217/100000000]  episode: 478  episode reward: 300.0  episode len: 539  epsilon: 0.8068141000063603
[234660/100000000]  episode: 479  episode reward: 330.0  episode len: 444  epsilon: 0.8064145000063735
[235328/100000000]  episode: 480  episode reward: 670.0  episode len: 669  epsilon: 0.8058124000063933
[235695/100000000]  episode: 481  episode reward: 180.0  episode len: 368  epsilon: 0.8054812000064042
[236035/100000000]  episode: 482  episode reward: 180.0  episode len: 341  epsilon: 0.8051743000064143
[236533/100000000]  episode: 483  episode reward: 330.0  episode len: 499  epsilon: 0.8047252000064291
[236999/100000000]  episode: 484  episode reward: 270.0  episode len: 467  epsilon: 0.804304900006443
[237381/100000000]  episode: 485  episode reward: 250.0  episode len: 383  epsilon: 0.8039602000064543
[237945/100000000]  episode: 486  episode reward: 280.0  episode len: 565  epsilon: 0.803451700006471
[238441/100000000]  episode: 487  episode reward: 240.0  episode len: 497  epsilon: 0.8030044000064858
[238963/100000000]  episode: 488  episode reward: 210.0  episode len: 523  epsilon: 0.8025337000065013
[239443/100000000]  episode: 489  episode reward: 250.0  episode len: 481  epsilon: 0.8021008000065155
[240050/100000000]  episode: 490  episode reward: 620.0  episode len: 608  epsilon: 0.8015536000065335
[240442/100000000]  episode: 491  episode reward: 240.0  episode len: 393  epsilon: 0.8011999000065452
[241052/100000000]  episode: 492  episode reward: 290.0  episode len: 611  epsilon: 0.8006500000065633
[241789/100000000]  episode: 493  episode reward: 610.0  episode len: 738  epsilon: 0.7999858000065851
[242540/100000000]  episode: 494  episode reward: 510.0  episode len: 752  epsilon: 0.7993090000066074
[242882/100000000]  episode: 495  episode reward: 130.0  episode len: 343  epsilon: 0.7990003000066176
[243417/100000000]  episode: 496  episode reward: 330.0  episode len: 536  epsilon: 0.7985179000066335
[243973/100000000]  episode: 497  episode reward: 380.0  episode len: 557  epsilon: 0.79801660000665
[244444/100000000]  episode: 498  episode reward: 290.0  episode len: 472  epsilon: 0.797591800006664
[245056/100000000]  episode: 499  episode reward: 370.0  episode len: 613  epsilon: 0.7970401000066821
[245567/100000000]  episode: 500  episode reward: 250.0  episode len: 512  epsilon: 0.7965793000066973
==============================================
Evaluating...
episode 1 reward: 960.0
episode 2 reward: 1150.0
episode 3 reward: 510.0
episode 4 reward: 380.0
episode 5 reward: 650.0
average score: 730.0
==============================================
[246025/100000000]  episode: 501  episode reward: 280.0  episode len: 459  epsilon: 0.7961662000067109
[246472/100000000]  episode: 502  episode reward: 340.0  episode len: 448  epsilon: 0.7957630000067242
[246846/100000000]  episode: 503  episode reward: 250.0  episode len: 375  epsilon: 0.7954255000067353
[247296/100000000]  episode: 504  episode reward: 250.0  episode len: 451  epsilon: 0.7950196000067487
[248076/100000000]  episode: 505  episode reward: 640.0  episode len: 781  epsilon: 0.7943167000067718
[248587/100000000]  episode: 506  episode reward: 340.0  episode len: 512  epsilon: 0.793855900006787
[249014/100000000]  episode: 507  episode reward: 340.0  episode len: 428  epsilon: 0.7934707000067996
[249492/100000000]  episode: 508  episode reward: 270.0  episode len: 479  epsilon: 0.7930396000068138
[250005/100000000]  episode: 509  episode reward: 250.0  episode len: 514  epsilon: 0.7925770000068291
[250459/100000000]  episode: 510  episode reward: 200.0  episode len: 455  epsilon: 0.7921675000068426
[251121/100000000]  episode: 511  episode reward: 730.0  episode len: 663  epsilon: 0.7915708000068622
[251597/100000000]  episode: 512  episode reward: 340.0  episode len: 477  epsilon: 0.7911415000068763
[252043/100000000]  episode: 513  episode reward: 250.0  episode len: 447  epsilon: 0.7907392000068896
[252939/100000000]  episode: 514  episode reward: 1570.0  episode len: 897  epsilon: 0.7899319000069162
[253339/100000000]  episode: 515  episode reward: 310.0  episode len: 401  epsilon: 0.789571000006928
[253864/100000000]  episode: 516  episode reward: 360.0  episode len: 526  epsilon: 0.7890976000069436
[254330/100000000]  episode: 517  episode reward: 200.0  episode len: 467  epsilon: 0.7886773000069575
[254682/100000000]  episode: 518  episode reward: 300.0  episode len: 353  epsilon: 0.7883596000069679
[255741/100000000]  episode: 519  episode reward: 860.0  episode len: 1060  epsilon: 0.7874056000069993
[256537/100000000]  episode: 520  episode reward: 330.0  episode len: 797  epsilon: 0.786688300007023
[257145/100000000]  episode: 521  episode reward: 300.0  episode len: 609  epsilon: 0.786140200007041
[257591/100000000]  episode: 522  episode reward: 310.0  episode len: 447  epsilon: 0.7857379000070542
[258161/100000000]  episode: 523  episode reward: 330.0  episode len: 571  epsilon: 0.7852240000070712
[258829/100000000]  episode: 524  episode reward: 400.0  episode len: 669  epsilon: 0.784621900007091
[259297/100000000]  episode: 525  episode reward: 290.0  episode len: 469  epsilon: 0.7841998000071049
[259781/100000000]  episode: 526  episode reward: 300.0  episode len: 485  epsilon: 0.7837633000071192
[260318/100000000]  episode: 527  episode reward: 240.0  episode len: 538  epsilon: 0.7832791000071352
[260868/100000000]  episode: 528  episode reward: 470.0  episode len: 551  epsilon: 0.7827832000071515
[261283/100000000]  episode: 529  episode reward: 230.0  episode len: 416  epsilon: 0.7824088000071638
[261875/100000000]  episode: 530  episode reward: 310.0  episode len: 593  epsilon: 0.7818751000071814
[262482/100000000]  episode: 531  episode reward: 470.0  episode len: 608  epsilon: 0.7813279000071994
[262963/100000000]  episode: 532  episode reward: 320.0  episode len: 482  epsilon: 0.7808941000072137
[263573/100000000]  episode: 533  episode reward: 980.0  episode len: 611  epsilon: 0.7803442000072318
[264095/100000000]  episode: 534  episode reward: 320.0  episode len: 523  epsilon: 0.7798735000072473
[264562/100000000]  episode: 535  episode reward: 240.0  episode len: 468  epsilon: 0.7794523000072612
[265542/100000000]  episode: 536  episode reward: 1270.0  episode len: 981  epsilon: 0.7785694000072902
[266011/100000000]  episode: 537  episode reward: 310.0  episode len: 470  epsilon: 0.7781464000073042
[266444/100000000]  episode: 538  episode reward: 240.0  episode len: 434  epsilon: 0.777755800007317
[267167/100000000]  episode: 539  episode reward: 480.0  episode len: 724  epsilon: 0.7771042000073385
[267650/100000000]  episode: 540  episode reward: 230.0  episode len: 484  epsilon: 0.7766686000073528
[268104/100000000]  episode: 541  episode reward: 340.0  episode len: 455  epsilon: 0.7762591000073663
[268627/100000000]  episode: 542  episode reward: 300.0  episode len: 524  epsilon: 0.7757875000073818
[269009/100000000]  episode: 543  episode reward: 250.0  episode len: 383  epsilon: 0.7754428000073932
[269773/100000000]  episode: 544  episode reward: 620.0  episode len: 765  epsilon: 0.7747543000074159
[270632/100000000]  episode: 545  episode reward: 840.0  episode len: 860  epsilon: 0.7739803000074413
[271031/100000000]  episode: 546  episode reward: 250.0  episode len: 400  epsilon: 0.7736203000074532
[271540/100000000]  episode: 547  episode reward: 380.0  episode len: 510  epsilon: 0.7731613000074683
[272097/100000000]  episode: 548  episode reward: 360.0  episode len: 558  epsilon: 0.7726591000074848
[272545/100000000]  episode: 549  episode reward: 250.0  episode len: 449  epsilon: 0.7722550000074981
[272986/100000000]  episode: 550  episode reward: 230.0  episode len: 442  epsilon: 0.7718572000075112
[273482/100000000]  episode: 551  episode reward: 310.0  episode len: 497  epsilon: 0.771409900007526
[273985/100000000]  episode: 552  episode reward: 340.0  episode len: 504  epsilon: 0.7709563000075409
[274365/100000000]  episode: 553  episode reward: 220.0  episode len: 381  epsilon: 0.7706134000075522
[274882/100000000]  episode: 554  episode reward: 420.0  episode len: 518  epsilon: 0.7701472000075675
[275386/100000000]  episode: 555  episode reward: 270.0  episode len: 505  epsilon: 0.7696927000075825
[276031/100000000]  episode: 556  episode reward: 460.0  episode len: 646  epsilon: 0.7691113000076016
[276468/100000000]  episode: 557  episode reward: 290.0  episode len: 438  epsilon: 0.7687171000076146
[276855/100000000]  episode: 558  episode reward: 140.0  episode len: 388  epsilon: 0.7683679000076261
[277354/100000000]  episode: 559  episode reward: 300.0  episode len: 500  epsilon: 0.7679179000076409
[277742/100000000]  episode: 560  episode reward: 180.0  episode len: 389  epsilon: 0.7675678000076525
[278080/100000000]  episode: 561  episode reward: 230.0  episode len: 339  epsilon: 0.7672627000076625
[278798/100000000]  episode: 562  episode reward: 560.0  episode len: 719  epsilon: 0.7666156000076838
[279212/100000000]  episode: 563  episode reward: 190.0  episode len: 415  epsilon: 0.7662421000076961
[279971/100000000]  episode: 564  episode reward: 870.0  episode len: 760  epsilon: 0.7655581000077186
[280401/100000000]  episode: 565  episode reward: 270.0  episode len: 431  epsilon: 0.7651702000077314
[280956/100000000]  episode: 566  episode reward: 300.0  episode len: 556  epsilon: 0.7646698000077479
[281390/100000000]  episode: 567  episode reward: 230.0  episode len: 435  epsilon: 0.7642783000077608
[281864/100000000]  episode: 568  episode reward: 330.0  episode len: 475  epsilon: 0.7638508000077748
[282584/100000000]  episode: 569  episode reward: 460.0  episode len: 721  epsilon: 0.7632019000077962
[283142/100000000]  episode: 570  episode reward: 380.0  episode len: 559  epsilon: 0.7626988000078128
[283597/100000000]  episode: 571  episode reward: 280.0  episode len: 456  epsilon: 0.7622884000078263
[284236/100000000]  episode: 572  episode reward: 460.0  episode len: 640  epsilon: 0.7617124000078452
[284666/100000000]  episode: 573  episode reward: 300.0  episode len: 431  epsilon: 0.761324500007858
[285166/100000000]  episode: 574  episode reward: 270.0  episode len: 501  epsilon: 0.7608736000078729
[285570/100000000]  episode: 575  episode reward: 290.0  episode len: 405  epsilon: 0.7605091000078849
[286050/100000000]  episode: 576  episode reward: 280.0  episode len: 481  epsilon: 0.7600762000078991
[286446/100000000]  episode: 577  episode reward: 290.0  episode len: 397  epsilon: 0.7597189000079109
[287057/100000000]  episode: 578  episode reward: 430.0  episode len: 612  epsilon: 0.759168100007929
[287533/100000000]  episode: 579  episode reward: 260.0  episode len: 477  epsilon: 0.7587388000079431
[287980/100000000]  episode: 580  episode reward: 240.0  episode len: 448  epsilon: 0.7583356000079564
[288740/100000000]  episode: 581  episode reward: 660.0  episode len: 761  epsilon: 0.757650700007979
[289379/100000000]  episode: 582  episode reward: 280.0  episode len: 640  epsilon: 0.7570747000079979
[289958/100000000]  episode: 583  episode reward: 460.0  episode len: 580  epsilon: 0.7565527000080151
[290375/100000000]  episode: 584  episode reward: 230.0  episode len: 418  epsilon: 0.7561765000080275
[290869/100000000]  episode: 585  episode reward: 360.0  episode len: 495  epsilon: 0.7557310000080422
[291353/100000000]  episode: 586  episode reward: 330.0  episode len: 485  epsilon: 0.7552945000080565
[291821/100000000]  episode: 587  episode reward: 390.0  episode len: 469  epsilon: 0.7548724000080704
[292420/100000000]  episode: 588  episode reward: 390.0  episode len: 600  epsilon: 0.7543324000080882
[292761/100000000]  episode: 589  episode reward: 250.0  episode len: 342  epsilon: 0.7540246000080983
[293261/100000000]  episode: 590  episode reward: 230.0  episode len: 501  epsilon: 0.7535737000081132
[293695/100000000]  episode: 591  episode reward: 220.0  episode len: 435  epsilon: 0.7531822000081261
[294429/100000000]  episode: 592  episode reward: 1110.0  episode len: 735  epsilon: 0.7525207000081479
[294953/100000000]  episode: 593  episode reward: 240.0  episode len: 525  epsilon: 0.7520482000081634
[295451/100000000]  episode: 594  episode reward: 250.0  episode len: 499  epsilon: 0.7515991000081782
[295937/100000000]  episode: 595  episode reward: 260.0  episode len: 487  epsilon: 0.7511608000081926
[296452/100000000]  episode: 596  episode reward: 290.0  episode len: 516  epsilon: 0.7506964000082079
[297003/100000000]  episode: 597  episode reward: 330.0  episode len: 552  epsilon: 0.7501996000082243
[297401/100000000]  episode: 598  episode reward: 240.0  episode len: 399  epsilon: 0.7498405000082361
[297791/100000000]  episode: 599  episode reward: 250.0  episode len: 391  epsilon: 0.7494886000082477
[298116/100000000]  episode: 600  episode reward: 170.0  episode len: 326  epsilon: 0.7491952000082573
==============================================
Evaluating...
episode 1 reward: 580.0
episode 2 reward: 1990.0
episode 3 reward: 540.0
episode 4 reward: 360.0
episode 5 reward: 1680.0
average score: 1030.0
==============================================
[298869/100000000]  episode: 601  episode reward: 610.0  episode len: 754  epsilon: 0.7485166000082797
[299279/100000000]  episode: 602  episode reward: 200.0  episode len: 411  epsilon: 0.7481467000082919
[299804/100000000]  episode: 603  episode reward: 280.0  episode len: 526  epsilon: 0.7476733000083075
[300349/100000000]  episode: 604  episode reward: 400.0  episode len: 546  epsilon: 0.7471819000083236
[300952/100000000]  episode: 605  episode reward: 560.0  episode len: 604  epsilon: 0.7466383000083415
[301636/100000000]  episode: 606  episode reward: 550.0  episode len: 685  epsilon: 0.7460218000083618
[302536/100000000]  episode: 607  episode reward: 1170.0  episode len: 901  epsilon: 0.7452109000083885
[303086/100000000]  episode: 608  episode reward: 360.0  episode len: 551  epsilon: 0.7447150000084048
[303636/100000000]  episode: 609  episode reward: 230.0  episode len: 551  epsilon: 0.7442191000084212
[304360/100000000]  episode: 610  episode reward: 600.0  episode len: 725  epsilon: 0.7435666000084427
[304855/100000000]  episode: 611  episode reward: 360.0  episode len: 496  epsilon: 0.7431202000084574
[305318/100000000]  episode: 612  episode reward: 250.0  episode len: 464  epsilon: 0.7427026000084711
[306029/100000000]  episode: 613  episode reward: 510.0  episode len: 712  epsilon: 0.7420618000084922
[306495/100000000]  episode: 614  episode reward: 220.0  episode len: 467  epsilon: 0.741641500008506
[307009/100000000]  episode: 615  episode reward: 300.0  episode len: 515  epsilon: 0.7411780000085213
[307508/100000000]  episode: 616  episode reward: 250.0  episode len: 500  epsilon: 0.7407280000085361
[307971/100000000]  episode: 617  episode reward: 320.0  episode len: 464  epsilon: 0.7403104000085499
[308483/100000000]  episode: 618  episode reward: 290.0  episode len: 513  epsilon: 0.7398487000085651
[309097/100000000]  episode: 619  episode reward: 430.0  episode len: 615  epsilon: 0.7392952000085833
[309564/100000000]  episode: 620  episode reward: 280.0  episode len: 468  epsilon: 0.7388740000085972
[310127/100000000]  episode: 621  episode reward: 360.0  episode len: 564  epsilon: 0.7383664000086139
[310556/100000000]  episode: 622  episode reward: 260.0  episode len: 430  epsilon: 0.7379794000086266
[310981/100000000]  episode: 623  episode reward: 270.0  episode len: 426  epsilon: 0.7375960000086392
[311592/100000000]  episode: 624  episode reward: 610.0  episode len: 612  epsilon: 0.7370452000086574
[311990/100000000]  episode: 625  episode reward: 170.0  episode len: 399  epsilon: 0.7366861000086692
[312491/100000000]  episode: 626  episode reward: 390.0  episode len: 502  epsilon: 0.7362343000086841
[313176/100000000]  episode: 627  episode reward: 580.0  episode len: 686  epsilon: 0.7356169000087044
[313757/100000000]  episode: 628  episode reward: 440.0  episode len: 582  epsilon: 0.7350931000087216
[314150/100000000]  episode: 629  episode reward: 330.0  episode len: 394  epsilon: 0.7347385000087333
[314800/100000000]  episode: 630  episode reward: 680.0  episode len: 651  epsilon: 0.7341526000087526
[315233/100000000]  episode: 631  episode reward: 280.0  episode len: 434  epsilon: 0.7337620000087655
[315762/100000000]  episode: 632  episode reward: 300.0  episode len: 530  epsilon: 0.7332850000087812
[316241/100000000]  episode: 633  episode reward: 430.0  episode len: 480  epsilon: 0.7328530000087954
[316679/100000000]  episode: 634  episode reward: 410.0  episode len: 439  epsilon: 0.7324579000088084
[317240/100000000]  episode: 635  episode reward: 430.0  episode len: 562  epsilon: 0.731952100008825
[318017/100000000]  episode: 636  episode reward: 650.0  episode len: 778  epsilon: 0.7312519000088481
[318528/100000000]  episode: 637  episode reward: 350.0  episode len: 512  epsilon: 0.7307911000088633
[319311/100000000]  episode: 638  episode reward: 750.0  episode len: 784  epsilon: 0.7300855000088865
[319790/100000000]  episode: 639  episode reward: 290.0  episode len: 480  epsilon: 0.7296535000089007
[320182/100000000]  episode: 640  episode reward: 220.0  episode len: 393  epsilon: 0.7292998000089124
[320654/100000000]  episode: 641  episode reward: 330.0  episode len: 473  epsilon: 0.7288741000089264
[321489/100000000]  episode: 642  episode reward: 690.0  episode len: 836  epsilon: 0.7281217000089512
[321971/100000000]  episode: 643  episode reward: 350.0  episode len: 483  epsilon: 0.7276870000089655
[322441/100000000]  episode: 644  episode reward: 360.0  episode len: 471  epsilon: 0.7272631000089794
[323048/100000000]  episode: 645  episode reward: 440.0  episode len: 608  epsilon: 0.7267159000089974
[323710/100000000]  episode: 646  episode reward: 630.0  episode len: 663  epsilon: 0.7261192000090171
[324186/100000000]  episode: 647  episode reward: 350.0  episode len: 477  epsilon: 0.7256899000090312
[324657/100000000]  episode: 648  episode reward: 240.0  episode len: 472  epsilon: 0.7252651000090452
[325160/100000000]  episode: 649  episode reward: 380.0  episode len: 504  epsilon: 0.7248115000090601
[325867/100000000]  episode: 650  episode reward: 1190.0  episode len: 708  epsilon: 0.7241743000090811
[326355/100000000]  episode: 651  episode reward: 350.0  episode len: 489  epsilon: 0.7237342000090956
[327236/100000000]  episode: 652  episode reward: 990.0  episode len: 882  epsilon: 0.7229404000091217
[327615/100000000]  episode: 653  episode reward: 220.0  episode len: 380  epsilon: 0.722598400009133
[328266/100000000]  episode: 654  episode reward: 670.0  episode len: 652  epsilon: 0.7220116000091523
[328773/100000000]  episode: 655  episode reward: 290.0  episode len: 508  epsilon: 0.7215544000091674
[329222/100000000]  episode: 656  episode reward: 260.0  episode len: 450  epsilon: 0.7211494000091807
[329707/100000000]  episode: 657  episode reward: 240.0  episode len: 486  epsilon: 0.7207120000091951
[330062/100000000]  episode: 658  episode reward: 240.0  episode len: 356  epsilon: 0.7203916000092057
[330573/100000000]  episode: 659  episode reward: 390.0  episode len: 512  epsilon: 0.7199308000092208
[331007/100000000]  episode: 660  episode reward: 320.0  episode len: 435  epsilon: 0.7195393000092337
[331512/100000000]  episode: 661  episode reward: 380.0  episode len: 506  epsilon: 0.7190839000092487
[331986/100000000]  episode: 662  episode reward: 320.0  episode len: 475  epsilon: 0.7186564000092628
[332793/100000000]  episode: 663  episode reward: 560.0  episode len: 808  epsilon: 0.7179292000092867
[333342/100000000]  episode: 664  episode reward: 340.0  episode len: 550  epsilon: 0.717434200009303
[333917/100000000]  episode: 665  episode reward: 460.0  episode len: 576  epsilon: 0.7169158000093201
[334342/100000000]  episode: 666  episode reward: 350.0  episode len: 426  epsilon: 0.7165324000093327
[334917/100000000]  episode: 667  episode reward: 430.0  episode len: 576  epsilon: 0.7160140000093498
[335605/100000000]  episode: 668  episode reward: 570.0  episode len: 689  epsilon: 0.7153939000093702
[336006/100000000]  episode: 669  episode reward: 150.0  episode len: 402  epsilon: 0.7150321000093821
[336476/100000000]  episode: 670  episode reward: 360.0  episode len: 471  epsilon: 0.7146082000093961
[336963/100000000]  episode: 671  episode reward: 290.0  episode len: 488  epsilon: 0.7141690000094105
[337676/100000000]  episode: 672  episode reward: 540.0  episode len: 714  epsilon: 0.7135264000094317
[338108/100000000]  episode: 673  episode reward: 270.0  episode len: 433  epsilon: 0.7131367000094445
[338702/100000000]  episode: 674  episode reward: 400.0  episode len: 595  epsilon: 0.7126012000094621
[339270/100000000]  episode: 675  episode reward: 410.0  episode len: 569  epsilon: 0.712089100009479
[339652/100000000]  episode: 676  episode reward: 250.0  episode len: 383  epsilon: 0.7117444000094904
[340072/100000000]  episode: 677  episode reward: 290.0  episode len: 421  epsilon: 0.7113655000095028
[340540/100000000]  episode: 678  episode reward: 370.0  episode len: 469  epsilon: 0.7109434000095167
[341874/100000000]  episode: 679  episode reward: 1010.0  episode len: 1335  epsilon: 0.7097419000095563
[342320/100000000]  episode: 680  episode reward: 270.0  episode len: 447  epsilon: 0.7093396000095695
[342817/100000000]  episode: 681  episode reward: 310.0  episode len: 498  epsilon: 0.7088914000095843
[343276/100000000]  episode: 682  episode reward: 300.0  episode len: 460  epsilon: 0.7084774000095979
[344508/100000000]  episode: 683  episode reward: 1140.0  episode len: 1233  epsilon: 0.7073677000096344
[345025/100000000]  episode: 684  episode reward: 500.0  episode len: 518  epsilon: 0.7069015000096498
[345528/100000000]  episode: 685  episode reward: 250.0  episode len: 504  epsilon: 0.7064479000096647
[345990/100000000]  episode: 686  episode reward: 360.0  episode len: 463  epsilon: 0.7060312000096785
[346436/100000000]  episode: 687  episode reward: 360.0  episode len: 447  epsilon: 0.7056289000096917
[347039/100000000]  episode: 688  episode reward: 280.0  episode len: 604  epsilon: 0.7050853000097096
[347571/100000000]  episode: 689  episode reward: 270.0  episode len: 533  epsilon: 0.7046056000097254
[348013/100000000]  episode: 690  episode reward: 330.0  episode len: 443  epsilon: 0.7042069000097385
[348627/100000000]  episode: 691  episode reward: 480.0  episode len: 615  epsilon: 0.7036534000097567
[349130/100000000]  episode: 692  episode reward: 370.0  episode len: 504  epsilon: 0.7031998000097717
[349973/100000000]  episode: 693  episode reward: 890.0  episode len: 844  epsilon: 0.7024402000097967
[350395/100000000]  episode: 694  episode reward: 350.0  episode len: 423  epsilon: 0.7020595000098092
[350928/100000000]  episode: 695  episode reward: 360.0  episode len: 534  epsilon: 0.701578900009825
[351578/100000000]  episode: 696  episode reward: 1110.0  episode len: 651  epsilon: 0.7009930000098443
[352032/100000000]  episode: 697  episode reward: 230.0  episode len: 455  epsilon: 0.7005835000098578
[352331/100000000]  episode: 698  episode reward: 120.0  episode len: 300  epsilon: 0.7003135000098667
[352809/100000000]  episode: 699  episode reward: 290.0  episode len: 479  epsilon: 0.6998824000098809
[353348/100000000]  episode: 700  episode reward: 660.0  episode len: 540  epsilon: 0.6993964000098969
==============================================
Evaluating...
episode 1 reward: 250.0
episode 2 reward: 840.0
episode 3 reward: 710.0
episode 4 reward: 410.0
episode 5 reward: 1100.0
average score: 662.0
==============================================
[353813/100000000]  episode: 701  episode reward: 430.0  episode len: 466  epsilon: 0.6989770000099107
[354313/100000000]  episode: 702  episode reward: 340.0  episode len: 501  epsilon: 0.6985261000099255
[354784/100000000]  episode: 703  episode reward: 250.0  episode len: 472  epsilon: 0.6981013000099395
[355284/100000000]  episode: 704  episode reward: 250.0  episode len: 501  epsilon: 0.6976504000099544
[355695/100000000]  episode: 705  episode reward: 420.0  episode len: 412  epsilon: 0.6972796000099666
[356557/100000000]  episode: 706  episode reward: 970.0  episode len: 863  epsilon: 0.6965029000099922
[357593/100000000]  episode: 707  episode reward: 740.0  episode len: 1037  epsilon: 0.6955696000100229
[358023/100000000]  episode: 708  episode reward: 320.0  episode len: 431  epsilon: 0.6951817000100357
[358555/100000000]  episode: 709  episode reward: 450.0  episode len: 533  epsilon: 0.6947020000100514
[358970/100000000]  episode: 710  episode reward: 260.0  episode len: 416  epsilon: 0.6943276000100638
[359382/100000000]  episode: 711  episode reward: 190.0  episode len: 413  epsilon: 0.693955900010076
[359919/100000000]  episode: 712  episode reward: 390.0  episode len: 538  epsilon: 0.693471700010092
[360411/100000000]  episode: 713  episode reward: 310.0  episode len: 493  epsilon: 0.6930280000101066
[360907/100000000]  episode: 714  episode reward: 260.0  episode len: 497  epsilon: 0.6925807000101213
[361354/100000000]  episode: 715  episode reward: 290.0  episode len: 448  epsilon: 0.6921775000101346
[361799/100000000]  episode: 716  episode reward: 330.0  episode len: 446  epsilon: 0.6917761000101478
[362319/100000000]  episode: 717  episode reward: 390.0  episode len: 521  epsilon: 0.6913072000101632
[362812/100000000]  episode: 718  episode reward: 320.0  episode len: 494  epsilon: 0.6908626000101779
[363327/100000000]  episode: 719  episode reward: 320.0  episode len: 516  epsilon: 0.6903982000101931
[363837/100000000]  episode: 720  episode reward: 430.0  episode len: 511  epsilon: 0.6899383000102083
[364396/100000000]  episode: 721  episode reward: 400.0  episode len: 560  epsilon: 0.6894343000102249
[364846/100000000]  episode: 722  episode reward: 310.0  episode len: 451  epsilon: 0.6890284000102382
[365535/100000000]  episode: 723  episode reward: 1100.0  episode len: 690  epsilon: 0.6884074000102587
[366241/100000000]  episode: 724  episode reward: 530.0  episode len: 707  epsilon: 0.6877711000102796
[366781/100000000]  episode: 725  episode reward: 540.0  episode len: 541  epsilon: 0.6872842000102957
[367142/100000000]  episode: 726  episode reward: 200.0  episode len: 362  epsilon: 0.6869584000103064
[367685/100000000]  episode: 727  episode reward: 250.0  episode len: 544  epsilon: 0.6864688000103225
[368254/100000000]  episode: 728  episode reward: 400.0  episode len: 570  epsilon: 0.6859558000103394
[368743/100000000]  episode: 729  episode reward: 300.0  episode len: 490  epsilon: 0.6855148000103539
[369205/100000000]  episode: 730  episode reward: 340.0  episode len: 463  epsilon: 0.6850981000103676
[369714/100000000]  episode: 731  episode reward: 370.0  episode len: 510  epsilon: 0.6846391000103828
[370294/100000000]  episode: 732  episode reward: 460.0  episode len: 581  epsilon: 0.6841162000104
[370683/100000000]  episode: 733  episode reward: 270.0  episode len: 390  epsilon: 0.6837652000104115
[371298/100000000]  episode: 734  episode reward: 590.0  episode len: 616  epsilon: 0.6832108000104298
[371783/100000000]  episode: 735  episode reward: 280.0  episode len: 486  epsilon: 0.6827734000104442
[372197/100000000]  episode: 736  episode reward: 350.0  episode len: 415  epsilon: 0.6823999000104565
[373052/100000000]  episode: 737  episode reward: 1440.0  episode len: 856  epsilon: 0.6816295000104818
[373554/100000000]  episode: 738  episode reward: 340.0  episode len: 503  epsilon: 0.6811768000104967
[374222/100000000]  episode: 739  episode reward: 1030.0  episode len: 669  epsilon: 0.6805747000105166
[374828/100000000]  episode: 740  episode reward: 610.0  episode len: 607  epsilon: 0.6800284000105346
[375291/100000000]  episode: 741  episode reward: 350.0  episode len: 464  epsilon: 0.6796108000105483
[375806/100000000]  episode: 742  episode reward: 460.0  episode len: 516  epsilon: 0.6791464000105636
[376466/100000000]  episode: 743  episode reward: 1100.0  episode len: 661  epsilon: 0.6785515000105832
[376843/100000000]  episode: 744  episode reward: 260.0  episode len: 378  epsilon: 0.6782113000105944
[377238/100000000]  episode: 745  episode reward: 200.0  episode len: 396  epsilon: 0.6778549000106061
[377851/100000000]  episode: 746  episode reward: 550.0  episode len: 614  epsilon: 0.6773023000106243
[378603/100000000]  episode: 747  episode reward: 1150.0  episode len: 753  epsilon: 0.6766246000106466
[378959/100000000]  episode: 748  episode reward: 220.0  episode len: 357  epsilon: 0.6763033000106572
[379426/100000000]  episode: 749  episode reward: 270.0  episode len: 468  epsilon: 0.6758821000106711
[379990/100000000]  episode: 750  episode reward: 540.0  episode len: 565  epsilon: 0.6753736000106878
[380421/100000000]  episode: 751  episode reward: 260.0  episode len: 432  epsilon: 0.6749848000107006
[380890/100000000]  episode: 752  episode reward: 390.0  episode len: 470  epsilon: 0.6745618000107145
[381642/100000000]  episode: 753  episode reward: 750.0  episode len: 753  epsilon: 0.6738841000107368
[382164/100000000]  episode: 754  episode reward: 340.0  episode len: 523  epsilon: 0.6734134000107523
[382581/100000000]  episode: 755  episode reward: 310.0  episode len: 418  epsilon: 0.6730372000107647
[383139/100000000]  episode: 756  episode reward: 410.0  episode len: 559  epsilon: 0.6725341000107813
[383519/100000000]  episode: 757  episode reward: 230.0  episode len: 381  epsilon: 0.6721912000107926
[384141/100000000]  episode: 758  episode reward: 660.0  episode len: 623  epsilon: 0.671630500010811
[384882/100000000]  episode: 759  episode reward: 840.0  episode len: 742  epsilon: 0.670962700010833
[385345/100000000]  episode: 760  episode reward: 280.0  episode len: 464  epsilon: 0.6705451000108468
[385824/100000000]  episode: 761  episode reward: 440.0  episode len: 480  epsilon: 0.670113100010861
[386233/100000000]  episode: 762  episode reward: 380.0  episode len: 410  epsilon: 0.6697441000108731
[386599/100000000]  episode: 763  episode reward: 250.0  episode len: 367  epsilon: 0.669413800010884
[387036/100000000]  episode: 764  episode reward: 300.0  episode len: 438  epsilon: 0.669019600010897
[387449/100000000]  episode: 765  episode reward: 250.0  episode len: 414  epsilon: 0.6686470000109093
[388065/100000000]  episode: 766  episode reward: 400.0  episode len: 617  epsilon: 0.6680917000109275
[388792/100000000]  episode: 767  episode reward: 430.0  episode len: 728  epsilon: 0.6674365000109491
[389293/100000000]  episode: 768  episode reward: 340.0  episode len: 502  epsilon: 0.666984700010964
[389656/100000000]  episode: 769  episode reward: 250.0  episode len: 364  epsilon: 0.6666571000109748
[390110/100000000]  episode: 770  episode reward: 340.0  episode len: 455  epsilon: 0.6662476000109883
[390997/100000000]  episode: 771  episode reward: 1280.0  episode len: 888  epsilon: 0.6654484000110146
[391450/100000000]  episode: 772  episode reward: 250.0  episode len: 454  epsilon: 0.665039800011028
[391961/100000000]  episode: 773  episode reward: 210.0  episode len: 512  epsilon: 0.6645790000110432
[392600/100000000]  episode: 774  episode reward: 610.0  episode len: 640  epsilon: 0.6640030000110622
[393054/100000000]  episode: 775  episode reward: 350.0  episode len: 455  epsilon: 0.6635935000110756
[393522/100000000]  episode: 776  episode reward: 210.0  episode len: 469  epsilon: 0.6631714000110895
[394052/100000000]  episode: 777  episode reward: 510.0  episode len: 531  epsilon: 0.6626935000111053
[394644/100000000]  episode: 778  episode reward: 590.0  episode len: 593  epsilon: 0.6621598000111228
[395418/100000000]  episode: 779  episode reward: 560.0  episode len: 775  epsilon: 0.6614623000111458
[395783/100000000]  episode: 780  episode reward: 240.0  episode len: 366  epsilon: 0.6611329000111567
[396207/100000000]  episode: 781  episode reward: 290.0  episode len: 425  epsilon: 0.6607504000111692
[396649/100000000]  episode: 782  episode reward: 420.0  episode len: 443  epsilon: 0.6603517000111824
[397076/100000000]  episode: 783  episode reward: 250.0  episode len: 428  epsilon: 0.6599665000111951
[397689/100000000]  episode: 784  episode reward: 490.0  episode len: 614  epsilon: 0.6594139000112132
[398266/100000000]  episode: 785  episode reward: 370.0  episode len: 578  epsilon: 0.6588937000112304
[398742/100000000]  episode: 786  episode reward: 340.0  episode len: 477  epsilon: 0.6584644000112445
[399534/100000000]  episode: 787  episode reward: 750.0  episode len: 793  epsilon: 0.657750700011268
[399911/100000000]  episode: 788  episode reward: 280.0  episode len: 378  epsilon: 0.6574105000112792
[400337/100000000]  episode: 789  episode reward: 380.0  episode len: 427  epsilon: 0.6570262000112919
[400963/100000000]  episode: 790  episode reward: 380.0  episode len: 627  epsilon: 0.6564619000113104
[401296/100000000]  episode: 791  episode reward: 220.0  episode len: 334  epsilon: 0.6561613000113203
[401969/100000000]  episode: 792  episode reward: 430.0  episode len: 674  epsilon: 0.6555547000113403
[402428/100000000]  episode: 793  episode reward: 280.0  episode len: 460  epsilon: 0.6551407000113539
[403130/100000000]  episode: 794  episode reward: 770.0  episode len: 703  epsilon: 0.6545080000113748
[403573/100000000]  episode: 795  episode reward: 310.0  episode len: 444  epsilon: 0.6541084000113879
[404332/100000000]  episode: 796  episode reward: 490.0  episode len: 760  epsilon: 0.6534244000114104
[405164/100000000]  episode: 797  episode reward: 850.0  episode len: 833  epsilon: 0.6526747000114351
[405600/100000000]  episode: 798  episode reward: 260.0  episode len: 437  epsilon: 0.6522814000114481
[406055/100000000]  episode: 799  episode reward: 270.0  episode len: 456  epsilon: 0.6518710000114616
[406549/100000000]  episode: 800  episode reward: 320.0  episode len: 495  epsilon: 0.6514255000114763
==============================================
Evaluating...
episode 1 reward: 650.0
episode 2 reward: 1350.0
episode 3 reward: 370.0
episode 4 reward: 1060.0
episode 5 reward: 610.0
average score: 808.0
==============================================
[407245/100000000]  episode: 801  episode reward: 1200.0  episode len: 697  epsilon: 0.6507982000114969
[407611/100000000]  episode: 802  episode reward: 290.0  episode len: 367  epsilon: 0.6504679000115078
[408170/100000000]  episode: 803  episode reward: 400.0  episode len: 560  epsilon: 0.6499639000115244
[408731/100000000]  episode: 804  episode reward: 540.0  episode len: 562  epsilon: 0.649458100011541
[409380/100000000]  episode: 805  episode reward: 640.0  episode len: 650  epsilon: 0.6488731000115603
[410075/100000000]  episode: 806  episode reward: 540.0  episode len: 696  epsilon: 0.6482467000115809
[410542/100000000]  episode: 807  episode reward: 360.0  episode len: 468  epsilon: 0.6478255000115948
[410941/100000000]  episode: 808  episode reward: 250.0  episode len: 400  epsilon: 0.6474655000116066
[411632/100000000]  episode: 809  episode reward: 380.0  episode len: 692  epsilon: 0.6468427000116271
[412091/100000000]  episode: 810  episode reward: 340.0  episode len: 460  epsilon: 0.6464287000116408
[412659/100000000]  episode: 811  episode reward: 440.0  episode len: 569  epsilon: 0.6459166000116576
[413106/100000000]  episode: 812  episode reward: 300.0  episode len: 448  epsilon: 0.6455134000116709
[413686/100000000]  episode: 813  episode reward: 1960.0  episode len: 581  epsilon: 0.6449905000116881
[414229/100000000]  episode: 814  episode reward: 410.0  episode len: 544  epsilon: 0.6445009000117042
[414706/100000000]  episode: 815  episode reward: 350.0  episode len: 478  epsilon: 0.6440707000117184
[415059/100000000]  episode: 816  episode reward: 240.0  episode len: 354  epsilon: 0.6437521000117289
[415780/100000000]  episode: 817  episode reward: 1090.0  episode len: 722  epsilon: 0.6431023000117503
[416410/100000000]  episode: 818  episode reward: 470.0  episode len: 631  epsilon: 0.642534400011769
[416806/100000000]  episode: 819  episode reward: 190.0  episode len: 397  epsilon: 0.6421771000117807
[417553/100000000]  episode: 820  episode reward: 550.0  episode len: 748  epsilon: 0.6415039000118029
[418325/100000000]  episode: 821  episode reward: 580.0  episode len: 773  epsilon: 0.6408082000118258
[418991/100000000]  episode: 822  episode reward: 410.0  episode len: 667  epsilon: 0.6402079000118456
[419644/100000000]  episode: 823  episode reward: 490.0  episode len: 654  epsilon: 0.639619300011865
[420363/100000000]  episode: 824  episode reward: 630.0  episode len: 720  epsilon: 0.6389713000118863
[421143/100000000]  episode: 825  episode reward: 900.0  episode len: 781  epsilon: 0.6382684000119094
[421659/100000000]  episode: 826  episode reward: 330.0  episode len: 517  epsilon: 0.6378031000119248
[422336/100000000]  episode: 827  episode reward: 450.0  episode len: 678  epsilon: 0.6371929000119448
[423065/100000000]  episode: 828  episode reward: 710.0  episode len: 730  epsilon: 0.6365359000119665
[423513/100000000]  episode: 829  episode reward: 340.0  episode len: 449  epsilon: 0.6361318000119798
[423994/100000000]  episode: 830  episode reward: 330.0  episode len: 482  epsilon: 0.6356980000119941
[424584/100000000]  episode: 831  episode reward: 550.0  episode len: 591  epsilon: 0.6351661000120116
[425199/100000000]  episode: 832  episode reward: 420.0  episode len: 616  epsilon: 0.6346117000120298
[425751/100000000]  episode: 833  episode reward: 340.0  episode len: 553  epsilon: 0.6341140000120462
[426192/100000000]  episode: 834  episode reward: 350.0  episode len: 442  epsilon: 0.6337162000120593
[426695/100000000]  episode: 835  episode reward: 340.0  episode len: 504  epsilon: 0.6332626000120742
[427156/100000000]  episode: 836  episode reward: 250.0  episode len: 462  epsilon: 0.6328468000120879
[427752/100000000]  episode: 837  episode reward: 630.0  episode len: 597  epsilon: 0.6323095000121056
[428064/100000000]  episode: 838  episode reward: 140.0  episode len: 313  epsilon: 0.6320278000121149
[428568/100000000]  episode: 839  episode reward: 250.0  episode len: 505  epsilon: 0.6315733000121299
[429029/100000000]  episode: 840  episode reward: 430.0  episode len: 462  epsilon: 0.6311575000121435
[429691/100000000]  episode: 841  episode reward: 770.0  episode len: 663  epsilon: 0.6305608000121632
[430523/100000000]  episode: 842  episode reward: 680.0  episode len: 833  epsilon: 0.6298111000121879
[431302/100000000]  episode: 843  episode reward: 1100.0  episode len: 780  epsilon: 0.629109100012211
[431659/100000000]  episode: 844  episode reward: 250.0  episode len: 358  epsilon: 0.6287869000122216
[432393/100000000]  episode: 845  episode reward: 610.0  episode len: 735  epsilon: 0.6281254000122434
[433249/100000000]  episode: 846  episode reward: 800.0  episode len: 857  epsilon: 0.6273541000122688
[433872/100000000]  episode: 847  episode reward: 500.0  episode len: 624  epsilon: 0.6267925000122873
[434557/100000000]  episode: 848  episode reward: 720.0  episode len: 686  epsilon: 0.6261751000123076
[435290/100000000]  episode: 849  episode reward: 760.0  episode len: 734  epsilon: 0.6255145000123293
[435748/100000000]  episode: 850  episode reward: 280.0  episode len: 459  epsilon: 0.6251014000123429
[436437/100000000]  episode: 851  episode reward: 1230.0  episode len: 690  epsilon: 0.6244804000123634
[436985/100000000]  episode: 852  episode reward: 610.0  episode len: 549  epsilon: 0.6239863000123796
[437480/100000000]  episode: 853  episode reward: 230.0  episode len: 496  epsilon: 0.6235399000123943
[437948/100000000]  episode: 854  episode reward: 340.0  episode len: 469  epsilon: 0.6231178000124082
[438315/100000000]  episode: 855  episode reward: 300.0  episode len: 368  epsilon: 0.6227866000124191
[438937/100000000]  episode: 856  episode reward: 440.0  episode len: 623  epsilon: 0.6222259000124376
[439559/100000000]  episode: 857  episode reward: 350.0  episode len: 623  epsilon: 0.6216652000124561
[440105/100000000]  episode: 858  episode reward: 380.0  episode len: 547  epsilon: 0.6211729000124723
[440601/100000000]  episode: 859  episode reward: 400.0  episode len: 497  epsilon: 0.620725600012487
[441098/100000000]  episode: 860  episode reward: 280.0  episode len: 498  epsilon: 0.6202774000125018
[441670/100000000]  episode: 861  episode reward: 480.0  episode len: 573  epsilon: 0.6197617000125187
[442358/100000000]  episode: 862  episode reward: 530.0  episode len: 689  epsilon: 0.6191416000125392
[442994/100000000]  episode: 863  episode reward: 340.0  episode len: 637  epsilon: 0.618568300012558
