A.L.E: Arcade Learning Environment (version 0.8.1+53f58b7)
[Powered by Stella]
/home/tzeshinchen/.local/lib/python3.11/site-packages/gym/utils/passive_env_checker.py:233: DeprecationWarning: `np.bool8` is a deprecated alias for `np.bool_`.  (Deprecated NumPy 1.24)
  if not isinstance(terminated, (bool, np.bool8)):
[488/100000000]  episode: 1  episode reward: 280.0  episode len: 489  epsilon: 1.0
[848/100000000]  episode: 2  episode reward: 160.0  episode len: 361  epsilon: 1.0
[1280/100000000]  episode: 3  episode reward: 190.0  episode len: 433  epsilon: 1.0
[1976/100000000]  episode: 4  episode reward: 370.0  episode len: 697  epsilon: 1.0
[2472/100000000]  episode: 5  episode reward: 270.0  episode len: 497  epsilon: 1.0
[2940/100000000]  episode: 6  episode reward: 220.0  episode len: 469  epsilon: 1.0
[3384/100000000]  episode: 7  episode reward: 180.0  episode len: 445  epsilon: 1.0
[3750/100000000]  episode: 8  episode reward: 210.0  episode len: 367  epsilon: 1.0
[4218/100000000]  episode: 9  episode reward: 180.0  episode len: 469  epsilon: 1.0
[4666/100000000]  episode: 10  episode reward: 260.0  episode len: 449  epsilon: 1.0
[5168/100000000]  episode: 11  episode reward: 230.0  episode len: 503  epsilon: 1.0
[5556/100000000]  episode: 12  episode reward: 220.0  episode len: 389  epsilon: 1.0
[6028/100000000]  episode: 13  episode reward: 210.0  episode len: 473  epsilon: 1.0
[6762/100000000]  episode: 14  episode reward: 310.0  episode len: 735  epsilon: 1.0
[7234/100000000]  episode: 15  episode reward: 250.0  episode len: 473  epsilon: 1.0
[8136/100000000]  episode: 16  episode reward: 530.0  episode len: 903  epsilon: 1.0
[8680/100000000]  episode: 17  episode reward: 220.0  episode len: 545  epsilon: 1.0
[9096/100000000]  episode: 18  episode reward: 200.0  episode len: 417  epsilon: 1.0
[9550/100000000]  episode: 19  episode reward: 200.0  episode len: 455  epsilon: 1.0
[10034/100000000]  episode: 20  episode reward: 300.0  episode len: 485  epsilon: 1.0
[10448/100000000]  episode: 21  episode reward: 150.0  episode len: 415  epsilon: 1.0
[10898/100000000]  episode: 22  episode reward: 180.0  episode len: 451  epsilon: 1.0
[11462/100000000]  episode: 23  episode reward: 290.0  episode len: 565  epsilon: 1.0
[11886/100000000]  episode: 24  episode reward: 150.0  episode len: 425  epsilon: 1.0
[12438/100000000]  episode: 25  episode reward: 190.0  episode len: 553  epsilon: 1.0
[12934/100000000]  episode: 26  episode reward: 200.0  episode len: 497  epsilon: 1.0
[13458/100000000]  episode: 27  episode reward: 290.0  episode len: 525  epsilon: 1.0
[14184/100000000]  episode: 28  episode reward: 410.0  episode len: 727  epsilon: 1.0
[14684/100000000]  episode: 29  episode reward: 190.0  episode len: 501  epsilon: 1.0
[15410/100000000]  episode: 30  episode reward: 500.0  episode len: 727  epsilon: 1.0
[15882/100000000]  episode: 31  episode reward: 200.0  episode len: 473  epsilon: 1.0
[16302/100000000]  episode: 32  episode reward: 290.0  episode len: 421  epsilon: 1.0
[16672/100000000]  episode: 33  episode reward: 170.0  episode len: 371  epsilon: 1.0
[17074/100000000]  episode: 34  episode reward: 140.0  episode len: 403  epsilon: 1.0
[17614/100000000]  episode: 35  episode reward: 220.0  episode len: 541  epsilon: 1.0
[18178/100000000]  episode: 36  episode reward: 270.0  episode len: 565  epsilon: 1.0
[18664/100000000]  episode: 37  episode reward: 170.0  episode len: 487  epsilon: 1.0
[19132/100000000]  episode: 38  episode reward: 260.0  episode len: 469  epsilon: 1.0
[20128/100000000]  episode: 39  episode reward: 880.0  episode len: 997  epsilon: 0.9998839000000038
[20606/100000000]  episode: 40  episode reward: 330.0  episode len: 479  epsilon: 0.999452800000018
[21134/100000000]  episode: 41  episode reward: 210.0  episode len: 529  epsilon: 0.9989767000000337
[21810/100000000]  episode: 42  episode reward: 420.0  episode len: 677  epsilon: 0.9983674000000538
[22244/100000000]  episode: 43  episode reward: 180.0  episode len: 435  epsilon: 0.9979759000000666
[22632/100000000]  episode: 44  episode reward: 110.0  episode len: 389  epsilon: 0.9976258000000782
[22988/100000000]  episode: 45  episode reward: 170.0  episode len: 357  epsilon: 0.9973045000000887
[23466/100000000]  episode: 46  episode reward: 160.0  episode len: 479  epsilon: 0.9968734000001029
[23938/100000000]  episode: 47  episode reward: 160.0  episode len: 473  epsilon: 0.996447700000117
[24440/100000000]  episode: 48  episode reward: 290.0  episode len: 503  epsilon: 0.9959950000001319
[24928/100000000]  episode: 49  episode reward: 290.0  episode len: 489  epsilon: 0.9955549000001463
[25440/100000000]  episode: 50  episode reward: 240.0  episode len: 513  epsilon: 0.9950932000001615
[25850/100000000]  episode: 51  episode reward: 200.0  episode len: 411  epsilon: 0.9947233000001737
[26362/100000000]  episode: 52  episode reward: 220.0  episode len: 513  epsilon: 0.9942616000001889
[26830/100000000]  episode: 53  episode reward: 300.0  episode len: 469  epsilon: 0.9938395000002028
[27332/100000000]  episode: 54  episode reward: 250.0  episode len: 503  epsilon: 0.9933868000002177
[27946/100000000]  episode: 55  episode reward: 600.0  episode len: 615  epsilon: 0.992833300000236
[28386/100000000]  episode: 56  episode reward: 280.0  episode len: 441  epsilon: 0.992436400000249
[28894/100000000]  episode: 57  episode reward: 220.0  episode len: 509  epsilon: 0.9919783000002641
[29420/100000000]  episode: 58  episode reward: 320.0  episode len: 527  epsilon: 0.9915040000002797
[29858/100000000]  episode: 59  episode reward: 190.0  episode len: 439  epsilon: 0.9911089000002927
[30254/100000000]  episode: 60  episode reward: 200.0  episode len: 397  epsilon: 0.9907516000003045
[30714/100000000]  episode: 61  episode reward: 250.0  episode len: 461  epsilon: 0.9903367000003181
[31208/100000000]  episode: 62  episode reward: 200.0  episode len: 495  epsilon: 0.9898912000003328
[31672/100000000]  episode: 63  episode reward: 250.0  episode len: 465  epsilon: 0.9894727000003466
[32116/100000000]  episode: 64  episode reward: 220.0  episode len: 445  epsilon: 0.9890722000003598
[32612/100000000]  episode: 65  episode reward: 180.0  episode len: 497  epsilon: 0.9886249000003745
[33376/100000000]  episode: 66  episode reward: 420.0  episode len: 765  epsilon: 0.9879364000003972
[33822/100000000]  episode: 67  episode reward: 260.0  episode len: 447  epsilon: 0.9875341000004104
[34340/100000000]  episode: 68  episode reward: 200.0  episode len: 519  epsilon: 0.9870670000004258
[34792/100000000]  episode: 69  episode reward: 250.0  episode len: 453  epsilon: 0.9866593000004392
[35318/100000000]  episode: 70  episode reward: 180.0  episode len: 527  epsilon: 0.9861850000004548
[35770/100000000]  episode: 71  episode reward: 240.0  episode len: 453  epsilon: 0.9857773000004683
[36190/100000000]  episode: 72  episode reward: 110.0  episode len: 421  epsilon: 0.9853984000004807
[36604/100000000]  episode: 73  episode reward: 210.0  episode len: 415  epsilon: 0.985024900000493
[37056/100000000]  episode: 74  episode reward: 240.0  episode len: 453  epsilon: 0.9846172000005065
[37504/100000000]  episode: 75  episode reward: 180.0  episode len: 449  epsilon: 0.9842131000005198
[37984/100000000]  episode: 76  episode reward: 180.0  episode len: 481  epsilon: 0.983780200000534
[38502/100000000]  episode: 77  episode reward: 230.0  episode len: 519  epsilon: 0.9833131000005494
[39036/100000000]  episode: 78  episode reward: 200.0  episode len: 535  epsilon: 0.9828316000005652
[39550/100000000]  episode: 79  episode reward: 250.0  episode len: 515  epsilon: 0.9823681000005805
[40040/100000000]  episode: 80  episode reward: 170.0  episode len: 491  epsilon: 0.981926200000595
[40596/100000000]  episode: 81  episode reward: 320.0  episode len: 557  epsilon: 0.9814249000006116
[41078/100000000]  episode: 82  episode reward: 230.0  episode len: 483  epsilon: 0.9809902000006259
[41514/100000000]  episode: 83  episode reward: 250.0  episode len: 437  epsilon: 0.9805969000006388
[41918/100000000]  episode: 84  episode reward: 120.0  episode len: 405  epsilon: 0.9802324000006508
[42350/100000000]  episode: 85  episode reward: 170.0  episode len: 433  epsilon: 0.9798427000006636
[42802/100000000]  episode: 86  episode reward: 190.0  episode len: 453  epsilon: 0.9794350000006771
[43240/100000000]  episode: 87  episode reward: 220.0  episode len: 439  epsilon: 0.9790399000006901
/home/tzeshinchen/.local/lib/python3.11/site-packages/gym/utils/passive_env_checker.py:289: UserWarning: [33mWARN: No render fps was declared in the environment (env.metadata['render_fps'] is None or not defined), rendering may occur at inconsistent fps.[0m
  logger.warn(
[43728/100000000]  episode: 88  episode reward: 210.0  episode len: 489  epsilon: 0.9785998000007046
[44356/100000000]  episode: 89  episode reward: 410.0  episode len: 629  epsilon: 0.9780337000007232
[44812/100000000]  episode: 90  episode reward: 210.0  episode len: 457  epsilon: 0.9776224000007367
[45356/100000000]  episode: 91  episode reward: 300.0  episode len: 545  epsilon: 0.9771319000007529
[45780/100000000]  episode: 92  episode reward: 170.0  episode len: 425  epsilon: 0.9767494000007655
[46236/100000000]  episode: 93  episode reward: 190.0  episode len: 457  epsilon: 0.976338100000779
[46660/100000000]  episode: 94  episode reward: 170.0  episode len: 425  epsilon: 0.9759556000007916
[47184/100000000]  episode: 95  episode reward: 240.0  episode len: 525  epsilon: 0.9754831000008072
[47758/100000000]  episode: 96  episode reward: 360.0  episode len: 575  epsilon: 0.9749656000008242
[48216/100000000]  episode: 97  episode reward: 170.0  episode len: 459  epsilon: 0.9745525000008378
[48744/100000000]  episode: 98  episode reward: 210.0  episode len: 529  epsilon: 0.9740764000008535
[49524/100000000]  episode: 99  episode reward: 420.0  episode len: 781  epsilon: 0.9733735000008766
[49980/100000000]  episode: 100  episode reward: 180.0  episode len: 457  epsilon: 0.9729622000008902
==============================================
Evaluating...
episode 1 reward: 280.0
episode 2 reward: 250.0
episode 3 reward: 280.0
episode 4 reward: 280.0
episode 5 reward: 280.0
average score: 274.0
==============================================
[50486/100000000]  episode: 101  episode reward: 250.0  episode len: 507  epsilon: 0.9725059000009052
[51036/100000000]  episode: 102  episode reward: 260.0  episode len: 551  epsilon: 0.9720100000009215
[51408/100000000]  episode: 103  episode reward: 200.0  episode len: 373  epsilon: 0.9716743000009326
[51884/100000000]  episode: 104  episode reward: 170.0  episode len: 477  epsilon: 0.9712450000009467
[52296/100000000]  episode: 105  episode reward: 190.0  episode len: 413  epsilon: 0.970873300000959
[52838/100000000]  episode: 106  episode reward: 310.0  episode len: 543  epsilon: 0.970384600000975
[53282/100000000]  episode: 107  episode reward: 270.0  episode len: 445  epsilon: 0.9699841000009882
[53778/100000000]  episode: 108  episode reward: 210.0  episode len: 497  epsilon: 0.969536800001003
[54290/100000000]  episode: 109  episode reward: 200.0  episode len: 513  epsilon: 0.9690751000010182
[54762/100000000]  episode: 110  episode reward: 240.0  episode len: 473  epsilon: 0.9686494000010322
[55310/100000000]  episode: 111  episode reward: 380.0  episode len: 549  epsilon: 0.9681553000010484
[55822/100000000]  episode: 112  episode reward: 180.0  episode len: 513  epsilon: 0.9676936000010636
[56364/100000000]  episode: 113  episode reward: 260.0  episode len: 543  epsilon: 0.9672049000010797
[56814/100000000]  episode: 114  episode reward: 260.0  episode len: 451  epsilon: 0.9667990000010931
[57276/100000000]  episode: 115  episode reward: 220.0  episode len: 463  epsilon: 0.9663823000011068
[57784/100000000]  episode: 116  episode reward: 230.0  episode len: 509  epsilon: 0.9659242000011219
[58296/100000000]  episode: 117  episode reward: 280.0  episode len: 513  epsilon: 0.9654625000011371
[58990/100000000]  episode: 118  episode reward: 330.0  episode len: 695  epsilon: 0.9648370000011577
[59512/100000000]  episode: 119  episode reward: 290.0  episode len: 523  epsilon: 0.9643663000011732
[59842/100000000]  episode: 120  episode reward: 110.0  episode len: 331  epsilon: 0.964068400001183
[60336/100000000]  episode: 121  episode reward: 240.0  episode len: 495  epsilon: 0.9636229000011977
[60624/100000000]  episode: 122  episode reward: 130.0  episode len: 289  epsilon: 0.9633628000012062
[61064/100000000]  episode: 123  episode reward: 160.0  episode len: 441  epsilon: 0.9629659000012193
[61664/100000000]  episode: 124  episode reward: 350.0  episode len: 601  epsilon: 0.9624250000012371
[62084/100000000]  episode: 125  episode reward: 170.0  episode len: 421  epsilon: 0.9620461000012496
[62554/100000000]  episode: 126  episode reward: 190.0  episode len: 471  epsilon: 0.9616222000012635
[63064/100000000]  episode: 127  episode reward: 320.0  episode len: 511  epsilon: 0.9611623000012787
[63546/100000000]  episode: 128  episode reward: 220.0  episode len: 483  epsilon: 0.960727600001293
[64118/100000000]  episode: 129  episode reward: 310.0  episode len: 573  epsilon: 0.96021190000131
[64656/100000000]  episode: 130  episode reward: 260.0  episode len: 539  epsilon: 0.9597268000013259
[65116/100000000]  episode: 131  episode reward: 170.0  episode len: 461  epsilon: 0.9593119000013396
[65658/100000000]  episode: 132  episode reward: 250.0  episode len: 543  epsilon: 0.9588232000013557
[66156/100000000]  episode: 133  episode reward: 260.0  episode len: 499  epsilon: 0.9583741000013705
[66580/100000000]  episode: 134  episode reward: 120.0  episode len: 425  epsilon: 0.9579916000013831
[67044/100000000]  episode: 135  episode reward: 220.0  episode len: 465  epsilon: 0.9575731000013968
[67544/100000000]  episode: 136  episode reward: 300.0  episode len: 501  epsilon: 0.9571222000014117
[68016/100000000]  episode: 137  episode reward: 200.0  episode len: 473  epsilon: 0.9566965000014257
[68612/100000000]  episode: 138  episode reward: 310.0  episode len: 597  epsilon: 0.9561592000014434
[69030/100000000]  episode: 139  episode reward: 230.0  episode len: 419  epsilon: 0.9557821000014558
[69470/100000000]  episode: 140  episode reward: 180.0  episode len: 441  epsilon: 0.9553852000014689
[69984/100000000]  episode: 141  episode reward: 230.0  episode len: 515  epsilon: 0.9549217000014841
[70610/100000000]  episode: 142  episode reward: 460.0  episode len: 627  epsilon: 0.9543574000015027
[71372/100000000]  episode: 143  episode reward: 450.0  episode len: 763  epsilon: 0.9536707000015253
[71762/100000000]  episode: 144  episode reward: 220.0  episode len: 391  epsilon: 0.9533188000015369
[72262/100000000]  episode: 145  episode reward: 140.0  episode len: 501  epsilon: 0.9528679000015517
[72756/100000000]  episode: 146  episode reward: 260.0  episode len: 495  epsilon: 0.9524224000015664
[73192/100000000]  episode: 147  episode reward: 190.0  episode len: 437  epsilon: 0.9520291000015794
[73666/100000000]  episode: 148  episode reward: 330.0  episode len: 475  epsilon: 0.9516016000015934
[74238/100000000]  episode: 149  episode reward: 340.0  episode len: 573  epsilon: 0.9510859000016104
[74722/100000000]  episode: 150  episode reward: 220.0  episode len: 485  epsilon: 0.9506494000016248
[75422/100000000]  episode: 151  episode reward: 640.0  episode len: 701  epsilon: 0.9500185000016456
[75886/100000000]  episode: 152  episode reward: 240.0  episode len: 465  epsilon: 0.9496000000016593
[76374/100000000]  episode: 153  episode reward: 260.0  episode len: 489  epsilon: 0.9491599000016738
[77006/100000000]  episode: 154  episode reward: 820.0  episode len: 633  epsilon: 0.9485902000016926
[77546/100000000]  episode: 155  episode reward: 270.0  episode len: 541  epsilon: 0.9481033000017086
[78030/100000000]  episode: 156  episode reward: 310.0  episode len: 485  epsilon: 0.947666800001723
[78454/100000000]  episode: 157  episode reward: 170.0  episode len: 425  epsilon: 0.9472843000017356
[78890/100000000]  episode: 158  episode reward: 130.0  episode len: 437  epsilon: 0.9468910000017485
[79410/100000000]  episode: 159  episode reward: 280.0  episode len: 521  epsilon: 0.946422100001764
[79910/100000000]  episode: 160  episode reward: 300.0  episode len: 501  epsilon: 0.9459712000017788
[80430/100000000]  episode: 161  episode reward: 250.0  episode len: 521  epsilon: 0.9455023000017942
[80934/100000000]  episode: 162  episode reward: 220.0  episode len: 505  epsilon: 0.9450478000018092
[81478/100000000]  episode: 163  episode reward: 260.0  episode len: 545  epsilon: 0.9445573000018254
[81862/100000000]  episode: 164  episode reward: 190.0  episode len: 385  epsilon: 0.9442108000018368
[82390/100000000]  episode: 165  episode reward: 270.0  episode len: 529  epsilon: 0.9437347000018524
[82894/100000000]  episode: 166  episode reward: 270.0  episode len: 505  epsilon: 0.9432802000018674
[83368/100000000]  episode: 167  episode reward: 230.0  episode len: 475  epsilon: 0.9428527000018815
[83874/100000000]  episode: 168  episode reward: 290.0  episode len: 507  epsilon: 0.9423964000018965
[84290/100000000]  episode: 169  episode reward: 190.0  episode len: 417  epsilon: 0.9420211000019089
[84800/100000000]  episode: 170  episode reward: 310.0  episode len: 511  epsilon: 0.941561200001924
[85340/100000000]  episode: 171  episode reward: 280.0  episode len: 541  epsilon: 0.94107430000194
[85858/100000000]  episode: 172  episode reward: 220.0  episode len: 519  epsilon: 0.9406072000019554
[86346/100000000]  episode: 173  episode reward: 210.0  episode len: 489  epsilon: 0.9401671000019699
[86866/100000000]  episode: 174  episode reward: 250.0  episode len: 521  epsilon: 0.9396982000019853
[87420/100000000]  episode: 175  episode reward: 200.0  episode len: 555  epsilon: 0.9391987000020018
[88020/100000000]  episode: 176  episode reward: 330.0  episode len: 601  epsilon: 0.9386578000020196
[88554/100000000]  episode: 177  episode reward: 280.0  episode len: 535  epsilon: 0.9381763000020354
[89054/100000000]  episode: 178  episode reward: 240.0  episode len: 501  epsilon: 0.9377254000020503
[89674/100000000]  episode: 179  episode reward: 400.0  episode len: 621  epsilon: 0.9371665000020687
[90244/100000000]  episode: 180  episode reward: 270.0  episode len: 571  epsilon: 0.9366526000020856
[90664/100000000]  episode: 181  episode reward: 170.0  episode len: 421  epsilon: 0.9362737000020981
[91058/100000000]  episode: 182  episode reward: 220.0  episode len: 395  epsilon: 0.9359182000021098
[91468/100000000]  episode: 183  episode reward: 170.0  episode len: 411  epsilon: 0.935548300002122
[91984/100000000]  episode: 184  episode reward: 260.0  episode len: 517  epsilon: 0.9350830000021373
[92502/100000000]  episode: 185  episode reward: 280.0  episode len: 519  epsilon: 0.9346159000021527
[92962/100000000]  episode: 186  episode reward: 250.0  episode len: 461  epsilon: 0.9342010000021663
[93382/100000000]  episode: 187  episode reward: 260.0  episode len: 421  epsilon: 0.9338221000021788
[93932/100000000]  episode: 188  episode reward: 390.0  episode len: 551  epsilon: 0.9333262000021951
[94510/100000000]  episode: 189  episode reward: 370.0  episode len: 579  epsilon: 0.9328051000022123
[95220/100000000]  episode: 190  episode reward: 890.0  episode len: 711  epsilon: 0.9321652000022334
[95720/100000000]  episode: 191  episode reward: 230.0  episode len: 501  epsilon: 0.9317143000022482
[96180/100000000]  episode: 192  episode reward: 240.0  episode len: 461  epsilon: 0.9312994000022619
[96714/100000000]  episode: 193  episode reward: 240.0  episode len: 535  epsilon: 0.9308179000022777
[97314/100000000]  episode: 194  episode reward: 280.0  episode len: 601  epsilon: 0.9302770000022955
[97766/100000000]  episode: 195  episode reward: 290.0  episode len: 453  epsilon: 0.9298693000023089
[98262/100000000]  episode: 196  episode reward: 250.0  episode len: 497  epsilon: 0.9294220000023237
[98722/100000000]  episode: 197  episode reward: 190.0  episode len: 461  epsilon: 0.9290071000023373
[99226/100000000]  episode: 198  episode reward: 270.0  episode len: 505  epsilon: 0.9285526000023523
[99736/100000000]  episode: 199  episode reward: 280.0  episode len: 511  epsilon: 0.9280927000023674
[100294/100000000]  episode: 200  episode reward: 330.0  episode len: 559  epsilon: 0.927589600002384
==============================================
Evaluating...
episode 1 reward: 510.0
episode 2 reward: 550.0
episode 3 reward: 680.0
episode 4 reward: 500.0
episode 5 reward: 600.0
average score: 568.0
==============================================
[100864/100000000]  episode: 201  episode reward: 1040.0  episode len: 571  epsilon: 0.9270757000024009
[101300/100000000]  episode: 202  episode reward: 240.0  episode len: 437  epsilon: 0.9266824000024139
[101898/100000000]  episode: 203  episode reward: 210.0  episode len: 599  epsilon: 0.9261433000024316
[102528/100000000]  episode: 204  episode reward: 440.0  episode len: 631  epsilon: 0.9255754000024503
[103078/100000000]  episode: 205  episode reward: 310.0  episode len: 551  epsilon: 0.9250795000024666
[103602/100000000]  episode: 206  episode reward: 310.0  episode len: 525  epsilon: 0.9246070000024822
[104104/100000000]  episode: 207  episode reward: 240.0  episode len: 503  epsilon: 0.9241543000024971
[104594/100000000]  episode: 208  episode reward: 230.0  episode len: 491  epsilon: 0.9237124000025116
[104988/100000000]  episode: 209  episode reward: 160.0  episode len: 395  epsilon: 0.9233569000025234
[105562/100000000]  episode: 210  episode reward: 330.0  episode len: 575  epsilon: 0.9228394000025404
[106110/100000000]  episode: 211  episode reward: 280.0  episode len: 549  epsilon: 0.9223453000025567
[106780/100000000]  episode: 212  episode reward: 680.0  episode len: 671  epsilon: 0.9217414000025765
[107276/100000000]  episode: 213  episode reward: 240.0  episode len: 497  epsilon: 0.9212941000025913
[107696/100000000]  episode: 214  episode reward: 170.0  episode len: 421  epsilon: 0.9209152000026037
[108572/100000000]  episode: 215  episode reward: 1230.0  episode len: 877  epsilon: 0.9201259000026297
[109402/100000000]  episode: 216  episode reward: 450.0  episode len: 831  epsilon: 0.9193780000026543
[109996/100000000]  episode: 217  episode reward: 310.0  episode len: 595  epsilon: 0.918842500002672
[110498/100000000]  episode: 218  episode reward: 290.0  episode len: 503  epsilon: 0.9183898000026869
[110910/100000000]  episode: 219  episode reward: 150.0  episode len: 413  epsilon: 0.9180181000026991
[111910/100000000]  episode: 220  episode reward: 910.0  episode len: 1001  epsilon: 0.9171172000027288
[112466/100000000]  episode: 221  episode reward: 230.0  episode len: 557  epsilon: 0.9166159000027453
[112890/100000000]  episode: 222  episode reward: 230.0  episode len: 425  epsilon: 0.9162334000027579
[113394/100000000]  episode: 223  episode reward: 240.0  episode len: 505  epsilon: 0.9157789000027728
[113908/100000000]  episode: 224  episode reward: 290.0  episode len: 515  epsilon: 0.9153154000027881
[114408/100000000]  episode: 225  episode reward: 320.0  episode len: 501  epsilon: 0.914864500002803
[114928/100000000]  episode: 226  episode reward: 250.0  episode len: 521  epsilon: 0.9143956000028184
[115398/100000000]  episode: 227  episode reward: 260.0  episode len: 471  epsilon: 0.9139717000028323
[116100/100000000]  episode: 228  episode reward: 1030.0  episode len: 703  epsilon: 0.9133390000028532
[116620/100000000]  episode: 229  episode reward: 200.0  episode len: 521  epsilon: 0.9128701000028686
[117150/100000000]  episode: 230  episode reward: 180.0  episode len: 531  epsilon: 0.9123922000028843
[117532/100000000]  episode: 231  episode reward: 150.0  episode len: 383  epsilon: 0.9120475000028957
[118012/100000000]  episode: 232  episode reward: 180.0  episode len: 481  epsilon: 0.91161460000291
[118784/100000000]  episode: 233  episode reward: 830.0  episode len: 773  epsilon: 0.9109189000029329
[119248/100000000]  episode: 234  episode reward: 190.0  episode len: 465  epsilon: 0.9105004000029466
[119678/100000000]  episode: 235  episode reward: 240.0  episode len: 431  epsilon: 0.9101125000029594
[120192/100000000]  episode: 236  episode reward: 240.0  episode len: 515  epsilon: 0.9096490000029747
[120648/100000000]  episode: 237  episode reward: 230.0  episode len: 457  epsilon: 0.9092377000029882
[121104/100000000]  episode: 238  episode reward: 230.0  episode len: 457  epsilon: 0.9088264000030017
[121532/100000000]  episode: 239  episode reward: 210.0  episode len: 429  epsilon: 0.9084403000030145
[122076/100000000]  episode: 240  episode reward: 230.0  episode len: 545  epsilon: 0.9079498000030306
[122592/100000000]  episode: 241  episode reward: 300.0  episode len: 517  epsilon: 0.9074845000030459
[123066/100000000]  episode: 242  episode reward: 230.0  episode len: 475  epsilon: 0.90705700000306
[123576/100000000]  episode: 243  episode reward: 280.0  episode len: 511  epsilon: 0.9065971000030751
[124052/100000000]  episode: 244  episode reward: 310.0  episode len: 477  epsilon: 0.9061678000030893
[124456/100000000]  episode: 245  episode reward: 150.0  episode len: 405  epsilon: 0.9058033000031013
[124858/100000000]  episode: 246  episode reward: 120.0  episode len: 403  epsilon: 0.9054406000031132
[125374/100000000]  episode: 247  episode reward: 270.0  episode len: 517  epsilon: 0.9049753000031285
[126046/100000000]  episode: 248  episode reward: 540.0  episode len: 673  epsilon: 0.9043696000031485
[126572/100000000]  episode: 249  episode reward: 290.0  episode len: 527  epsilon: 0.9038953000031641
[127360/100000000]  episode: 250  episode reward: 630.0  episode len: 789  epsilon: 0.9031852000031875
[127946/100000000]  episode: 251  episode reward: 370.0  episode len: 587  epsilon: 0.9026569000032049
[128674/100000000]  episode: 252  episode reward: 690.0  episode len: 729  epsilon: 0.9020008000032265
[129172/100000000]  episode: 253  episode reward: 250.0  episode len: 499  epsilon: 0.9015517000032413
[129618/100000000]  episode: 254  episode reward: 230.0  episode len: 447  epsilon: 0.9011494000032545
[130290/100000000]  episode: 255  episode reward: 660.0  episode len: 673  epsilon: 0.9005437000032744
[131076/100000000]  episode: 256  episode reward: 330.0  episode len: 787  epsilon: 0.8998354000032978
[131648/100000000]  episode: 257  episode reward: 380.0  episode len: 573  epsilon: 0.8993197000033147
[132192/100000000]  episode: 258  episode reward: 350.0  episode len: 545  epsilon: 0.8988292000033309
[132750/100000000]  episode: 259  episode reward: 260.0  episode len: 559  epsilon: 0.8983261000033474
[133168/100000000]  episode: 260  episode reward: 240.0  episode len: 419  epsilon: 0.8979490000033599
[133678/100000000]  episode: 261  episode reward: 310.0  episode len: 511  epsilon: 0.897489100003375
[134180/100000000]  episode: 262  episode reward: 220.0  episode len: 503  epsilon: 0.8970364000033899
[134738/100000000]  episode: 263  episode reward: 360.0  episode len: 559  epsilon: 0.8965333000034065
[135134/100000000]  episode: 264  episode reward: 160.0  episode len: 397  epsilon: 0.8961760000034182
[135616/100000000]  episode: 265  episode reward: 210.0  episode len: 483  epsilon: 0.8957413000034326
[136206/100000000]  episode: 266  episode reward: 310.0  episode len: 591  epsilon: 0.8952094000034501
[136910/100000000]  episode: 267  episode reward: 540.0  episode len: 705  epsilon: 0.894574900003471
[137346/100000000]  episode: 268  episode reward: 250.0  episode len: 437  epsilon: 0.8941816000034839
[138008/100000000]  episode: 269  episode reward: 380.0  episode len: 663  epsilon: 0.8935849000035035
[138488/100000000]  episode: 270  episode reward: 230.0  episode len: 481  epsilon: 0.8931520000035178
[138844/100000000]  episode: 271  episode reward: 180.0  episode len: 357  epsilon: 0.8928307000035284
[139342/100000000]  episode: 272  episode reward: 290.0  episode len: 499  epsilon: 0.8923816000035432
[139870/100000000]  episode: 273  episode reward: 280.0  episode len: 529  epsilon: 0.8919055000035588
[140546/100000000]  episode: 274  episode reward: 1100.0  episode len: 677  epsilon: 0.8912962000035789
[141028/100000000]  episode: 275  episode reward: 340.0  episode len: 483  epsilon: 0.8908615000035932
[141588/100000000]  episode: 276  episode reward: 230.0  episode len: 561  epsilon: 0.8903566000036098
[142328/100000000]  episode: 277  episode reward: 570.0  episode len: 741  epsilon: 0.8896897000036318
[142738/100000000]  episode: 278  episode reward: 200.0  episode len: 411  epsilon: 0.889319800003644
[143272/100000000]  episode: 279  episode reward: 320.0  episode len: 535  epsilon: 0.8888383000036598
[143892/100000000]  episode: 280  episode reward: 410.0  episode len: 621  epsilon: 0.8882794000036782
[144336/100000000]  episode: 281  episode reward: 240.0  episode len: 445  epsilon: 0.8878789000036914
[144922/100000000]  episode: 282  episode reward: 320.0  episode len: 587  epsilon: 0.8873506000037088
[145402/100000000]  episode: 283  episode reward: 320.0  episode len: 481  epsilon: 0.886917700003723
[145988/100000000]  episode: 284  episode reward: 380.0  episode len: 587  epsilon: 0.8863894000037404
[146446/100000000]  episode: 285  episode reward: 220.0  episode len: 459  epsilon: 0.885976300003754
[146940/100000000]  episode: 286  episode reward: 240.0  episode len: 495  epsilon: 0.8855308000037687
[147420/100000000]  episode: 287  episode reward: 350.0  episode len: 481  epsilon: 0.885097900003783
[147894/100000000]  episode: 288  episode reward: 290.0  episode len: 475  epsilon: 0.884670400003797
[148276/100000000]  episode: 289  episode reward: 220.0  episode len: 383  epsilon: 0.8843257000038084
[148806/100000000]  episode: 290  episode reward: 380.0  episode len: 531  epsilon: 0.8838478000038241
[149330/100000000]  episode: 291  episode reward: 270.0  episode len: 525  epsilon: 0.8833753000038397
[149698/100000000]  episode: 292  episode reward: 210.0  episode len: 369  epsilon: 0.8830432000038506
[150164/100000000]  episode: 293  episode reward: 250.0  episode len: 467  epsilon: 0.8826229000038645
[150694/100000000]  episode: 294  episode reward: 290.0  episode len: 531  epsilon: 0.8821450000038802
[151200/100000000]  episode: 295  episode reward: 270.0  episode len: 507  epsilon: 0.8816887000038952
[151686/100000000]  episode: 296  episode reward: 220.0  episode len: 487  epsilon: 0.8812504000039096
[152160/100000000]  episode: 297  episode reward: 300.0  episode len: 475  epsilon: 0.8808229000039237
[152616/100000000]  episode: 298  episode reward: 210.0  episode len: 457  epsilon: 0.8804116000039373
[153306/100000000]  episode: 299  episode reward: 550.0  episode len: 691  epsilon: 0.8797897000039577
[153868/100000000]  episode: 300  episode reward: 280.0  episode len: 563  epsilon: 0.8792830000039744
==============================================
Evaluating...
episode 1 reward: 1050.0
episode 2 reward: 410.0
episode 3 reward: 610.0
episode 4 reward: 480.0
episode 5 reward: 540.0
average score: 618.0
==============================================
[154406/100000000]  episode: 301  episode reward: 300.0  episode len: 539  epsilon: 0.8787979000039904
[154748/100000000]  episode: 302  episode reward: 160.0  episode len: 343  epsilon: 0.8784892000040005
[155190/100000000]  episode: 303  episode reward: 310.0  episode len: 443  epsilon: 0.8780905000040137
[155706/100000000]  episode: 304  episode reward: 300.0  episode len: 517  epsilon: 0.877625200004029
[156278/100000000]  episode: 305  episode reward: 360.0  episode len: 573  epsilon: 0.877109500004046
[156848/100000000]  episode: 306  episode reward: 320.0  episode len: 571  epsilon: 0.8765956000040629
[157360/100000000]  episode: 307  episode reward: 340.0  episode len: 513  epsilon: 0.8761339000040781
[158122/100000000]  episode: 308  episode reward: 770.0  episode len: 763  epsilon: 0.8754472000041007
[158604/100000000]  episode: 309  episode reward: 300.0  episode len: 483  epsilon: 0.875012500004115
[159062/100000000]  episode: 310  episode reward: 250.0  episode len: 459  epsilon: 0.8745994000041286
[159548/100000000]  episode: 311  episode reward: 330.0  episode len: 487  epsilon: 0.874161100004143
[160142/100000000]  episode: 312  episode reward: 380.0  episode len: 595  epsilon: 0.8736256000041607
[160670/100000000]  episode: 313  episode reward: 280.0  episode len: 529  epsilon: 0.8731495000041763
[161112/100000000]  episode: 314  episode reward: 220.0  episode len: 443  epsilon: 0.8727508000041895
[161660/100000000]  episode: 315  episode reward: 250.0  episode len: 549  epsilon: 0.8722567000042057
[162194/100000000]  episode: 316  episode reward: 270.0  episode len: 535  epsilon: 0.8717752000042216
[162734/100000000]  episode: 317  episode reward: 260.0  episode len: 541  epsilon: 0.8712883000042376
[163286/100000000]  episode: 318  episode reward: 290.0  episode len: 553  epsilon: 0.870790600004254
[163826/100000000]  episode: 319  episode reward: 360.0  episode len: 541  epsilon: 0.87030370000427
[164312/100000000]  episode: 320  episode reward: 390.0  episode len: 487  epsilon: 0.8698654000042845
[164786/100000000]  episode: 321  episode reward: 270.0  episode len: 475  epsilon: 0.8694379000042985
[165164/100000000]  episode: 322  episode reward: 190.0  episode len: 379  epsilon: 0.8690968000043098
[165796/100000000]  episode: 323  episode reward: 350.0  episode len: 633  epsilon: 0.8685271000043285
[166294/100000000]  episode: 324  episode reward: 230.0  episode len: 499  epsilon: 0.8680780000043433
[166700/100000000]  episode: 325  episode reward: 200.0  episode len: 407  epsilon: 0.8677117000043554
[167040/100000000]  episode: 326  episode reward: 130.0  episode len: 341  epsilon: 0.8674048000043655
[167584/100000000]  episode: 327  episode reward: 380.0  episode len: 545  epsilon: 0.8669143000043816
[168066/100000000]  episode: 328  episode reward: 190.0  episode len: 483  epsilon: 0.866479600004396
[168502/100000000]  episode: 329  episode reward: 160.0  episode len: 437  epsilon: 0.8660863000044089
[169038/100000000]  episode: 330  episode reward: 360.0  episode len: 537  epsilon: 0.8656030000044248
[169522/100000000]  episode: 331  episode reward: 280.0  episode len: 485  epsilon: 0.8651665000044392
[169972/100000000]  episode: 332  episode reward: 190.0  episode len: 451  epsilon: 0.8647606000044525
[170498/100000000]  episode: 333  episode reward: 310.0  episode len: 527  epsilon: 0.8642863000044682
[171006/100000000]  episode: 334  episode reward: 230.0  episode len: 509  epsilon: 0.8638282000044832
[171510/100000000]  episode: 335  episode reward: 130.0  episode len: 505  epsilon: 0.8633737000044982
[172108/100000000]  episode: 336  episode reward: 330.0  episode len: 599  epsilon: 0.862834600004516
[172732/100000000]  episode: 337  episode reward: 290.0  episode len: 625  epsilon: 0.8622721000045345
[173434/100000000]  episode: 338  episode reward: 570.0  episode len: 703  epsilon: 0.8616394000045553
[173916/100000000]  episode: 339  episode reward: 250.0  episode len: 483  epsilon: 0.8612047000045696
[174446/100000000]  episode: 340  episode reward: 380.0  episode len: 531  epsilon: 0.8607268000045853
[175010/100000000]  episode: 341  episode reward: 330.0  episode len: 565  epsilon: 0.8602183000046021
[175472/100000000]  episode: 342  episode reward: 310.0  episode len: 463  epsilon: 0.8598016000046158
[175822/100000000]  episode: 343  episode reward: 220.0  episode len: 351  epsilon: 0.8594857000046262
[176480/100000000]  episode: 344  episode reward: 500.0  episode len: 659  epsilon: 0.8588926000046457
[176994/100000000]  episode: 345  episode reward: 300.0  episode len: 515  epsilon: 0.858429100004661
[177488/100000000]  episode: 346  episode reward: 350.0  episode len: 495  epsilon: 0.8579836000046757
[177960/100000000]  episode: 347  episode reward: 370.0  episode len: 473  epsilon: 0.8575579000046897
[178454/100000000]  episode: 348  episode reward: 290.0  episode len: 495  epsilon: 0.8571124000047043
[178940/100000000]  episode: 349  episode reward: 230.0  episode len: 487  epsilon: 0.8566741000047188
[179376/100000000]  episode: 350  episode reward: 220.0  episode len: 437  epsilon: 0.8562808000047317
[180056/100000000]  episode: 351  episode reward: 1000.0  episode len: 681  epsilon: 0.8556679000047519
[180520/100000000]  episode: 352  episode reward: 310.0  episode len: 465  epsilon: 0.8552494000047657
[180966/100000000]  episode: 353  episode reward: 300.0  episode len: 447  epsilon: 0.8548471000047789
[181540/100000000]  episode: 354  episode reward: 350.0  episode len: 575  epsilon: 0.854329600004796
[182242/100000000]  episode: 355  episode reward: 620.0  episode len: 703  epsilon: 0.8536969000048168
[182758/100000000]  episode: 356  episode reward: 280.0  episode len: 517  epsilon: 0.8532316000048321
[183422/100000000]  episode: 357  episode reward: 440.0  episode len: 665  epsilon: 0.8526331000048518
[184196/100000000]  episode: 358  episode reward: 890.0  episode len: 775  epsilon: 0.8519356000048748
[184680/100000000]  episode: 359  episode reward: 250.0  episode len: 485  epsilon: 0.8514991000048892
[185156/100000000]  episode: 360  episode reward: 230.0  episode len: 477  epsilon: 0.8510698000049033
[185658/100000000]  episode: 361  episode reward: 190.0  episode len: 503  epsilon: 0.8506171000049182
[186364/100000000]  episode: 362  episode reward: 590.0  episode len: 707  epsilon: 0.8499808000049391
[186906/100000000]  episode: 363  episode reward: 310.0  episode len: 543  epsilon: 0.8494921000049552
[187318/100000000]  episode: 364  episode reward: 250.0  episode len: 413  epsilon: 0.8491204000049675
[187810/100000000]  episode: 365  episode reward: 250.0  episode len: 493  epsilon: 0.8486767000049821
[188306/100000000]  episode: 366  episode reward: 330.0  episode len: 497  epsilon: 0.8482294000049968
[188790/100000000]  episode: 367  episode reward: 220.0  episode len: 485  epsilon: 0.8477929000050112
[189220/100000000]  episode: 368  episode reward: 230.0  episode len: 431  epsilon: 0.847405000005024
[189682/100000000]  episode: 369  episode reward: 320.0  episode len: 463  epsilon: 0.8469883000050377
[190256/100000000]  episode: 370  episode reward: 340.0  episode len: 575  epsilon: 0.8464708000050547
[190862/100000000]  episode: 371  episode reward: 390.0  episode len: 607  epsilon: 0.8459245000050727
[191402/100000000]  episode: 372  episode reward: 330.0  episode len: 541  epsilon: 0.8454376000050887
[191940/100000000]  episode: 373  episode reward: 270.0  episode len: 539  epsilon: 0.8449525000051047
[192408/100000000]  episode: 374  episode reward: 210.0  episode len: 469  epsilon: 0.8445304000051186
[192960/100000000]  episode: 375  episode reward: 310.0  episode len: 553  epsilon: 0.844032700005135
[193576/100000000]  episode: 376  episode reward: 380.0  episode len: 617  epsilon: 0.8434774000051533
[194072/100000000]  episode: 377  episode reward: 250.0  episode len: 497  epsilon: 0.843030100005168
[194496/100000000]  episode: 378  episode reward: 250.0  episode len: 425  epsilon: 0.8426476000051806
[195002/100000000]  episode: 379  episode reward: 330.0  episode len: 507  epsilon: 0.8421913000051956
[195530/100000000]  episode: 380  episode reward: 370.0  episode len: 529  epsilon: 0.8417152000052113
[196362/100000000]  episode: 381  episode reward: 520.0  episode len: 833  epsilon: 0.840965500005236
[196882/100000000]  episode: 382  episode reward: 360.0  episode len: 521  epsilon: 0.8404966000052514
[197392/100000000]  episode: 383  episode reward: 290.0  episode len: 511  epsilon: 0.8400367000052665
[197932/100000000]  episode: 384  episode reward: 320.0  episode len: 541  epsilon: 0.8395498000052826
[198430/100000000]  episode: 385  episode reward: 300.0  episode len: 499  epsilon: 0.8391007000052974
[198928/100000000]  episode: 386  episode reward: 270.0  episode len: 499  epsilon: 0.8386516000053121
[199342/100000000]  episode: 387  episode reward: 240.0  episode len: 415  epsilon: 0.8382781000053244
[199832/100000000]  episode: 388  episode reward: 310.0  episode len: 491  epsilon: 0.837836200005339
[200436/100000000]  episode: 389  episode reward: 450.0  episode len: 605  epsilon: 0.8372917000053569
[200864/100000000]  episode: 390  episode reward: 300.0  episode len: 429  epsilon: 0.8369056000053696
[201342/100000000]  episode: 391  episode reward: 310.0  episode len: 479  epsilon: 0.8364745000053838
[201834/100000000]  episode: 392  episode reward: 350.0  episode len: 493  epsilon: 0.8360308000053984
[202306/100000000]  episode: 393  episode reward: 170.0  episode len: 473  epsilon: 0.8356051000054124
[202828/100000000]  episode: 394  episode reward: 310.0  episode len: 523  epsilon: 0.8351344000054279
[203316/100000000]  episode: 395  episode reward: 420.0  episode len: 489  epsilon: 0.8346943000054424
[203790/100000000]  episode: 396  episode reward: 270.0  episode len: 475  epsilon: 0.8342668000054565
[204328/100000000]  episode: 397  episode reward: 250.0  episode len: 539  epsilon: 0.8337817000054725
[204790/100000000]  episode: 398  episode reward: 200.0  episode len: 463  epsilon: 0.8333650000054862
[205458/100000000]  episode: 399  episode reward: 400.0  episode len: 669  epsilon: 0.832762900005506
[205964/100000000]  episode: 400  episode reward: 310.0  episode len: 507  epsilon: 0.832306600005521
==============================================
Evaluating...
episode 1 reward: 840.0
episode 2 reward: 1790.0
episode 3 reward: 790.0
episode 4 reward: 980.0
episode 5 reward: 440.0
average score: 968.0
==============================================
[206396/100000000]  episode: 401  episode reward: 210.0  episode len: 433  epsilon: 0.8319169000055339
[206892/100000000]  episode: 402  episode reward: 310.0  episode len: 497  epsilon: 0.8314696000055486
[207360/100000000]  episode: 403  episode reward: 350.0  episode len: 469  epsilon: 0.8310475000055625
[207812/100000000]  episode: 404  episode reward: 250.0  episode len: 453  epsilon: 0.8306398000055759
[208294/100000000]  episode: 405  episode reward: 300.0  episode len: 483  epsilon: 0.8302051000055902
[208730/100000000]  episode: 406  episode reward: 280.0  episode len: 437  epsilon: 0.8298118000056032
[209304/100000000]  episode: 407  episode reward: 390.0  episode len: 575  epsilon: 0.8292943000056202
[210170/100000000]  episode: 408  episode reward: 720.0  episode len: 867  epsilon: 0.8285140000056459
[210540/100000000]  episode: 409  episode reward: 180.0  episode len: 371  epsilon: 0.8281801000056569
[211048/100000000]  episode: 410  episode reward: 250.0  episode len: 509  epsilon: 0.827722000005672
[211542/100000000]  episode: 411  episode reward: 350.0  episode len: 495  epsilon: 0.8272765000056866
[212320/100000000]  episode: 412  episode reward: 730.0  episode len: 779  epsilon: 0.8265754000057097
[213014/100000000]  episode: 413  episode reward: 710.0  episode len: 695  epsilon: 0.8259499000057303
[213448/100000000]  episode: 414  episode reward: 280.0  episode len: 435  epsilon: 0.8255584000057432
[213956/100000000]  episode: 415  episode reward: 310.0  episode len: 509  epsilon: 0.8251003000057583
[214456/100000000]  episode: 416  episode reward: 320.0  episode len: 501  epsilon: 0.8246494000057731
[214916/100000000]  episode: 417  episode reward: 350.0  episode len: 461  epsilon: 0.8242345000057868
[215484/100000000]  episode: 418  episode reward: 420.0  episode len: 569  epsilon: 0.8237224000058037
[216232/100000000]  episode: 419  episode reward: 660.0  episode len: 749  epsilon: 0.8230483000058259
[216674/100000000]  episode: 420  episode reward: 200.0  episode len: 443  epsilon: 0.822649600005839
[217290/100000000]  episode: 421  episode reward: 420.0  episode len: 617  epsilon: 0.8220943000058573
[217674/100000000]  episode: 422  episode reward: 260.0  episode len: 385  epsilon: 0.8217478000058687
[218178/100000000]  episode: 423  episode reward: 280.0  episode len: 505  epsilon: 0.8212933000058836
[218758/100000000]  episode: 424  episode reward: 660.0  episode len: 581  epsilon: 0.8207704000059008
[219318/100000000]  episode: 425  episode reward: 380.0  episode len: 561  epsilon: 0.8202655000059175
[219718/100000000]  episode: 426  episode reward: 270.0  episode len: 401  epsilon: 0.8199046000059294
[220136/100000000]  episode: 427  episode reward: 240.0  episode len: 419  epsilon: 0.8195275000059418
[220600/100000000]  episode: 428  episode reward: 290.0  episode len: 465  epsilon: 0.8191090000059555
[221324/100000000]  episode: 429  episode reward: 730.0  episode len: 725  epsilon: 0.818456500005977
[221814/100000000]  episode: 430  episode reward: 260.0  episode len: 491  epsilon: 0.8180146000059916
[222332/100000000]  episode: 431  episode reward: 290.0  episode len: 519  epsilon: 0.817547500006007
[222820/100000000]  episode: 432  episode reward: 340.0  episode len: 489  epsilon: 0.8171074000060214
[223570/100000000]  episode: 433  episode reward: 3590.0  episode len: 751  epsilon: 0.8164315000060437
[224138/100000000]  episode: 434  episode reward: 400.0  episode len: 569  epsilon: 0.8159194000060606
[224562/100000000]  episode: 435  episode reward: 180.0  episode len: 425  epsilon: 0.8155369000060732
[225134/100000000]  episode: 436  episode reward: 270.0  episode len: 573  epsilon: 0.8150212000060901
[225540/100000000]  episode: 437  episode reward: 200.0  episode len: 407  epsilon: 0.8146549000061022
[226146/100000000]  episode: 438  episode reward: 270.0  episode len: 607  epsilon: 0.8141086000061202
[226634/100000000]  episode: 439  episode reward: 300.0  episode len: 489  epsilon: 0.8136685000061347
[227148/100000000]  episode: 440  episode reward: 350.0  episode len: 515  epsilon: 0.8132050000061499
[227722/100000000]  episode: 441  episode reward: 360.0  episode len: 575  epsilon: 0.812687500006167
[228196/100000000]  episode: 442  episode reward: 340.0  episode len: 475  epsilon: 0.812260000006181
[228694/100000000]  episode: 443  episode reward: 210.0  episode len: 499  epsilon: 0.8118109000061958
[229200/100000000]  episode: 444  episode reward: 340.0  episode len: 507  epsilon: 0.8113546000062108
[229708/100000000]  episode: 445  episode reward: 330.0  episode len: 509  epsilon: 0.8108965000062259
[230116/100000000]  episode: 446  episode reward: 210.0  episode len: 409  epsilon: 0.810528400006238
[230498/100000000]  episode: 447  episode reward: 220.0  episode len: 383  epsilon: 0.8101837000062494
[231126/100000000]  episode: 448  episode reward: 910.0  episode len: 629  epsilon: 0.809617600006268
[231790/100000000]  episode: 449  episode reward: 610.0  episode len: 665  epsilon: 0.8090191000062877
[232234/100000000]  episode: 450  episode reward: 200.0  episode len: 445  epsilon: 0.8086186000063009
[232726/100000000]  episode: 451  episode reward: 340.0  episode len: 493  epsilon: 0.8081749000063155
[233186/100000000]  episode: 452  episode reward: 290.0  episode len: 461  epsilon: 0.8077600000063292
[233702/100000000]  episode: 453  episode reward: 370.0  episode len: 517  epsilon: 0.8072947000063445
[234452/100000000]  episode: 454  episode reward: 730.0  episode len: 751  epsilon: 0.8066188000063668
[234976/100000000]  episode: 455  episode reward: 420.0  episode len: 525  epsilon: 0.8061463000063823
[235396/100000000]  episode: 456  episode reward: 250.0  episode len: 421  epsilon: 0.8057674000063948
[235820/100000000]  episode: 457  episode reward: 180.0  episode len: 425  epsilon: 0.8053849000064074
[236258/100000000]  episode: 458  episode reward: 220.0  episode len: 439  epsilon: 0.8049898000064204
[236710/100000000]  episode: 459  episode reward: 250.0  episode len: 453  epsilon: 0.8045821000064338
[237202/100000000]  episode: 460  episode reward: 290.0  episode len: 493  epsilon: 0.8041384000064484
[237600/100000000]  episode: 461  episode reward: 210.0  episode len: 399  epsilon: 0.8037793000064603
[238086/100000000]  episode: 462  episode reward: 330.0  episode len: 487  epsilon: 0.8033410000064747
[238550/100000000]  episode: 463  episode reward: 260.0  episode len: 465  epsilon: 0.8029225000064885
[239298/100000000]  episode: 464  episode reward: 650.0  episode len: 749  epsilon: 0.8022484000065107
[239604/100000000]  episode: 465  episode reward: 160.0  episode len: 307  epsilon: 0.8019721000065198
[240006/100000000]  episode: 466  episode reward: 250.0  episode len: 403  epsilon: 0.8016094000065317
[240498/100000000]  episode: 467  episode reward: 310.0  episode len: 493  epsilon: 0.8011657000065463
[241000/100000000]  episode: 468  episode reward: 360.0  episode len: 503  epsilon: 0.8007130000065612
[241550/100000000]  episode: 469  episode reward: 440.0  episode len: 551  epsilon: 0.8002171000065775
[241880/100000000]  episode: 470  episode reward: 190.0  episode len: 331  epsilon: 0.7999192000065873
[242502/100000000]  episode: 471  episode reward: 350.0  episode len: 623  epsilon: 0.7993585000066058
[242862/100000000]  episode: 472  episode reward: 250.0  episode len: 361  epsilon: 0.7990336000066165
[243326/100000000]  episode: 473  episode reward: 270.0  episode len: 465  epsilon: 0.7986151000066303
[243848/100000000]  episode: 474  episode reward: 240.0  episode len: 523  epsilon: 0.7981444000066458
[244566/100000000]  episode: 475  episode reward: 420.0  episode len: 719  epsilon: 0.7974973000066671
[245038/100000000]  episode: 476  episode reward: 270.0  episode len: 473  epsilon: 0.7970716000066811
[245512/100000000]  episode: 477  episode reward: 440.0  episode len: 475  epsilon: 0.7966441000066952
[245934/100000000]  episode: 478  episode reward: 280.0  episode len: 423  epsilon: 0.7962634000067077
[246614/100000000]  episode: 479  episode reward: 510.0  episode len: 681  epsilon: 0.7956505000067279
[247354/100000000]  episode: 480  episode reward: 600.0  episode len: 741  epsilon: 0.7949836000067498
[247868/100000000]  episode: 481  episode reward: 300.0  episode len: 515  epsilon: 0.7945201000067651
[248586/100000000]  episode: 482  episode reward: 520.0  episode len: 719  epsilon: 0.7938730000067864
[249050/100000000]  episode: 483  episode reward: 230.0  episode len: 465  epsilon: 0.7934545000068002
[249426/100000000]  episode: 484  episode reward: 210.0  episode len: 377  epsilon: 0.7931152000068113
[249904/100000000]  episode: 485  episode reward: 400.0  episode len: 479  epsilon: 0.7926841000068255
[250384/100000000]  episode: 486  episode reward: 230.0  episode len: 481  epsilon: 0.7922512000068398
[250784/100000000]  episode: 487  episode reward: 230.0  episode len: 401  epsilon: 0.7918903000068517
[251282/100000000]  episode: 488  episode reward: 400.0  episode len: 499  epsilon: 0.7914412000068665
[251660/100000000]  episode: 489  episode reward: 160.0  episode len: 379  epsilon: 0.7911001000068777
[252154/100000000]  episode: 490  episode reward: 240.0  episode len: 495  epsilon: 0.7906546000068924
[252628/100000000]  episode: 491  episode reward: 390.0  episode len: 475  epsilon: 0.7902271000069064
[253150/100000000]  episode: 492  episode reward: 400.0  episode len: 523  epsilon: 0.7897564000069219
[253850/100000000]  episode: 493  episode reward: 460.0  episode len: 701  epsilon: 0.7891255000069427
[254366/100000000]  episode: 494  episode reward: 310.0  episode len: 517  epsilon: 0.788660200006958
[255078/100000000]  episode: 495  episode reward: 750.0  episode len: 713  epsilon: 0.7880185000069792
[255612/100000000]  episode: 496  episode reward: 190.0  episode len: 535  epsilon: 0.787537000006995
[256222/100000000]  episode: 497  episode reward: 380.0  episode len: 611  epsilon: 0.7869871000070131
[256704/100000000]  episode: 498  episode reward: 380.0  episode len: 483  epsilon: 0.7865524000070274
[257172/100000000]  episode: 499  episode reward: 350.0  episode len: 469  epsilon: 0.7861303000070413
[257612/100000000]  episode: 500  episode reward: 240.0  episode len: 441  epsilon: 0.7857334000070544
==============================================
Evaluating...
episode 1 reward: 450.0
episode 2 reward: 900.0
episode 3 reward: 510.0
episode 4 reward: 730.0
episode 5 reward: 900.0
average score: 698.0
==============================================
[258098/100000000]  episode: 501  episode reward: 310.0  episode len: 487  epsilon: 0.7852951000070688
[258634/100000000]  episode: 502  episode reward: 340.0  episode len: 537  epsilon: 0.7848118000070847
[259048/100000000]  episode: 503  episode reward: 270.0  episode len: 415  epsilon: 0.784438300007097
[259654/100000000]  episode: 504  episode reward: 280.0  episode len: 607  epsilon: 0.783892000007115
[260106/100000000]  episode: 505  episode reward: 280.0  episode len: 453  epsilon: 0.7834843000071284
[260464/100000000]  episode: 506  episode reward: 180.0  episode len: 359  epsilon: 0.7831612000071391
[260926/100000000]  episode: 507  episode reward: 300.0  episode len: 463  epsilon: 0.7827445000071528
[261522/100000000]  episode: 508  episode reward: 380.0  episode len: 597  epsilon: 0.7822072000071705
[261926/100000000]  episode: 509  episode reward: 250.0  episode len: 405  epsilon: 0.7818427000071825
[262328/100000000]  episode: 510  episode reward: 230.0  episode len: 403  epsilon: 0.7814800000071944
[262758/100000000]  episode: 511  episode reward: 280.0  episode len: 431  epsilon: 0.7810921000072072
[263264/100000000]  episode: 512  episode reward: 270.0  episode len: 507  epsilon: 0.7806358000072222
[263804/100000000]  episode: 513  episode reward: 320.0  episode len: 541  epsilon: 0.7801489000072382
[264340/100000000]  episode: 514  episode reward: 220.0  episode len: 537  epsilon: 0.7796656000072542
[264776/100000000]  episode: 515  episode reward: 300.0  episode len: 437  epsilon: 0.7792723000072671
[265252/100000000]  episode: 516  episode reward: 330.0  episode len: 477  epsilon: 0.7788430000072812
[265738/100000000]  episode: 517  episode reward: 340.0  episode len: 487  epsilon: 0.7784047000072957
[266282/100000000]  episode: 518  episode reward: 360.0  episode len: 545  epsilon: 0.7779142000073118
[267008/100000000]  episode: 519  episode reward: 1130.0  episode len: 727  epsilon: 0.7772599000073334
[267426/100000000]  episode: 520  episode reward: 350.0  episode len: 419  epsilon: 0.7768828000073458
[267926/100000000]  episode: 521  episode reward: 350.0  episode len: 501  epsilon: 0.7764319000073606
[268406/100000000]  episode: 522  episode reward: 390.0  episode len: 481  epsilon: 0.7759990000073749
[268830/100000000]  episode: 523  episode reward: 240.0  episode len: 425  epsilon: 0.7756165000073875
[269296/100000000]  episode: 524  episode reward: 400.0  episode len: 467  epsilon: 0.7751962000074013
[269862/100000000]  episode: 525  episode reward: 310.0  episode len: 567  epsilon: 0.7746859000074181
[270454/100000000]  episode: 526  episode reward: 450.0  episode len: 593  epsilon: 0.7741522000074357
[270962/100000000]  episode: 527  episode reward: 280.0  episode len: 509  epsilon: 0.7736941000074508
[271398/100000000]  episode: 528  episode reward: 240.0  episode len: 437  epsilon: 0.7733008000074637
[271866/100000000]  episode: 529  episode reward: 300.0  episode len: 469  epsilon: 0.7728787000074776
[272370/100000000]  episode: 530  episode reward: 350.0  episode len: 505  epsilon: 0.7724242000074926
[272958/100000000]  episode: 531  episode reward: 410.0  episode len: 589  epsilon: 0.77189410000751
[273452/100000000]  episode: 532  episode reward: 260.0  episode len: 495  epsilon: 0.7714486000075247
[273994/100000000]  episode: 533  episode reward: 320.0  episode len: 543  epsilon: 0.7709599000075408
[274376/100000000]  episode: 534  episode reward: 250.0  episode len: 383  epsilon: 0.7706152000075521
[274828/100000000]  episode: 535  episode reward: 320.0  episode len: 453  epsilon: 0.7702075000075655
[275288/100000000]  episode: 536  episode reward: 250.0  episode len: 461  epsilon: 0.7697926000075792
[275820/100000000]  episode: 537  episode reward: 350.0  episode len: 533  epsilon: 0.769312900007595
[276296/100000000]  episode: 538  episode reward: 240.0  episode len: 477  epsilon: 0.7688836000076091
[276978/100000000]  episode: 539  episode reward: 490.0  episode len: 683  epsilon: 0.7682689000076294
[277422/100000000]  episode: 540  episode reward: 250.0  episode len: 445  epsilon: 0.7678684000076426
[277720/100000000]  episode: 541  episode reward: 120.0  episode len: 299  epsilon: 0.7675993000076514
[278184/100000000]  episode: 542  episode reward: 180.0  episode len: 465  epsilon: 0.7671808000076652
[278718/100000000]  episode: 543  episode reward: 330.0  episode len: 535  epsilon: 0.766699300007681
[279586/100000000]  episode: 544  episode reward: 760.0  episode len: 869  epsilon: 0.7659172000077068
[279936/100000000]  episode: 545  episode reward: 210.0  episode len: 351  epsilon: 0.7656013000077172
[280426/100000000]  episode: 546  episode reward: 340.0  episode len: 491  epsilon: 0.7651594000077317
[280900/100000000]  episode: 547  episode reward: 300.0  episode len: 475  epsilon: 0.7647319000077458
[281432/100000000]  episode: 548  episode reward: 280.0  episode len: 533  epsilon: 0.7642522000077616
[282000/100000000]  episode: 549  episode reward: 370.0  episode len: 569  epsilon: 0.7637401000077785
[282500/100000000]  episode: 550  episode reward: 290.0  episode len: 501  epsilon: 0.7632892000077933
[282946/100000000]  episode: 551  episode reward: 340.0  episode len: 447  epsilon: 0.7628869000078066
[283624/100000000]  episode: 552  episode reward: 660.0  episode len: 679  epsilon: 0.7622758000078267
[284410/100000000]  episode: 553  episode reward: 1070.0  episode len: 787  epsilon: 0.76156750000785
[284910/100000000]  episode: 554  episode reward: 370.0  episode len: 501  epsilon: 0.7611166000078649
[285408/100000000]  episode: 555  episode reward: 400.0  episode len: 499  epsilon: 0.7606675000078796
[285914/100000000]  episode: 556  episode reward: 370.0  episode len: 507  epsilon: 0.7602112000078947
[286346/100000000]  episode: 557  episode reward: 300.0  episode len: 433  epsilon: 0.7598215000079075
[286826/100000000]  episode: 558  episode reward: 290.0  episode len: 481  epsilon: 0.7593886000079217
[287264/100000000]  episode: 559  episode reward: 310.0  episode len: 439  epsilon: 0.7589935000079348
[287730/100000000]  episode: 560  episode reward: 250.0  episode len: 467  epsilon: 0.7585732000079486
[288246/100000000]  episode: 561  episode reward: 280.0  episode len: 517  epsilon: 0.7581079000079639
[288776/100000000]  episode: 562  episode reward: 300.0  episode len: 531  epsilon: 0.7576300000079796
[289214/100000000]  episode: 563  episode reward: 270.0  episode len: 439  epsilon: 0.7572349000079927
[289722/100000000]  episode: 564  episode reward: 390.0  episode len: 509  epsilon: 0.7567768000080077
[290500/100000000]  episode: 565  episode reward: 1100.0  episode len: 779  epsilon: 0.7560757000080308
[290982/100000000]  episode: 566  episode reward: 380.0  episode len: 483  epsilon: 0.7556410000080451
[291516/100000000]  episode: 567  episode reward: 270.0  episode len: 535  epsilon: 0.755159500008061
[292050/100000000]  episode: 568  episode reward: 350.0  episode len: 535  epsilon: 0.7546780000080768
[292594/100000000]  episode: 569  episode reward: 280.0  episode len: 545  epsilon: 0.754187500008093
[293032/100000000]  episode: 570  episode reward: 390.0  episode len: 439  epsilon: 0.753792400008106
[293756/100000000]  episode: 571  episode reward: 400.0  episode len: 725  epsilon: 0.7531399000081275
[294112/100000000]  episode: 572  episode reward: 290.0  episode len: 357  epsilon: 0.752818600008138
[294732/100000000]  episode: 573  episode reward: 510.0  episode len: 621  epsilon: 0.7522597000081565
[295536/100000000]  episode: 574  episode reward: 500.0  episode len: 805  epsilon: 0.7515352000081803
[296116/100000000]  episode: 575  episode reward: 420.0  episode len: 581  epsilon: 0.7510123000081975
[296592/100000000]  episode: 576  episode reward: 260.0  episode len: 477  epsilon: 0.7505830000082117
[296980/100000000]  episode: 577  episode reward: 270.0  episode len: 389  epsilon: 0.7502329000082232
[297662/100000000]  episode: 578  episode reward: 690.0  episode len: 683  epsilon: 0.7496182000082434
[298126/100000000]  episode: 579  episode reward: 260.0  episode len: 465  epsilon: 0.7491997000082572
[298610/100000000]  episode: 580  episode reward: 320.0  episode len: 485  epsilon: 0.7487632000082716
[299276/100000000]  episode: 581  episode reward: 430.0  episode len: 667  epsilon: 0.7481629000082913
[299794/100000000]  episode: 582  episode reward: 430.0  episode len: 519  epsilon: 0.7476958000083067
[300410/100000000]  episode: 583  episode reward: 1230.0  episode len: 617  epsilon: 0.747140500008325
[300948/100000000]  episode: 584  episode reward: 320.0  episode len: 539  epsilon: 0.746655400008341
[301346/100000000]  episode: 585  episode reward: 250.0  episode len: 399  epsilon: 0.7462963000083528
[301840/100000000]  episode: 586  episode reward: 360.0  episode len: 495  epsilon: 0.7458508000083675
[302236/100000000]  episode: 587  episode reward: 260.0  episode len: 397  epsilon: 0.7454935000083792
[302568/100000000]  episode: 588  episode reward: 180.0  episode len: 333  epsilon: 0.7451938000083891
[303054/100000000]  episode: 589  episode reward: 330.0  episode len: 487  epsilon: 0.7447555000084035
[303554/100000000]  episode: 590  episode reward: 310.0  episode len: 501  epsilon: 0.7443046000084184
[304146/100000000]  episode: 591  episode reward: 1700.0  episode len: 593  epsilon: 0.7437709000084359
[304584/100000000]  episode: 592  episode reward: 250.0  episode len: 439  epsilon: 0.7433758000084489
[305090/100000000]  episode: 593  episode reward: 380.0  episode len: 507  epsilon: 0.742919500008464
[305680/100000000]  episode: 594  episode reward: 390.0  episode len: 591  epsilon: 0.7423876000084815
[306184/100000000]  episode: 595  episode reward: 280.0  episode len: 505  epsilon: 0.7419331000084964
[306682/100000000]  episode: 596  episode reward: 380.0  episode len: 499  epsilon: 0.7414840000085112
[307118/100000000]  episode: 597  episode reward: 300.0  episode len: 437  epsilon: 0.7410907000085242
[307572/100000000]  episode: 598  episode reward: 320.0  episode len: 455  epsilon: 0.7406812000085377
[308074/100000000]  episode: 599  episode reward: 350.0  episode len: 503  epsilon: 0.7402285000085526
[308760/100000000]  episode: 600  episode reward: 720.0  episode len: 687  epsilon: 0.7396102000085729
==============================================
Evaluating...
episode 1 reward: 360.0
episode 2 reward: 890.0
episode 3 reward: 800.0
episode 4 reward: 600.0
episode 5 reward: 710.0
average score: 672.0
==============================================
[309358/100000000]  episode: 601  episode reward: 400.0  episode len: 599  epsilon: 0.7390711000085907
[309888/100000000]  episode: 602  episode reward: 390.0  episode len: 531  epsilon: 0.7385932000086064
[310430/100000000]  episode: 603  episode reward: 320.0  episode len: 543  epsilon: 0.7381045000086225
[311074/100000000]  episode: 604  episode reward: 580.0  episode len: 645  epsilon: 0.7375240000086416
[311492/100000000]  episode: 605  episode reward: 170.0  episode len: 419  epsilon: 0.737146900008654
[312014/100000000]  episode: 606  episode reward: 320.0  episode len: 523  epsilon: 0.7366762000086695
[312460/100000000]  episode: 607  episode reward: 250.0  episode len: 447  epsilon: 0.7362739000086828
[312898/100000000]  episode: 608  episode reward: 210.0  episode len: 439  epsilon: 0.7358788000086958
[313364/100000000]  episode: 609  episode reward: 310.0  episode len: 467  epsilon: 0.7354585000087096
[314138/100000000]  episode: 610  episode reward: 780.0  episode len: 775  epsilon: 0.7347610000087326
[314588/100000000]  episode: 611  episode reward: 260.0  episode len: 451  epsilon: 0.7343551000087459
[315004/100000000]  episode: 612  episode reward: 250.0  episode len: 417  epsilon: 0.7339798000087583
[315634/100000000]  episode: 613  episode reward: 440.0  episode len: 631  epsilon: 0.733411900008777
[316314/100000000]  episode: 614  episode reward: 460.0  episode len: 681  epsilon: 0.7327990000087972
[316794/100000000]  episode: 615  episode reward: 280.0  episode len: 481  epsilon: 0.7323661000088114
[317602/100000000]  episode: 616  episode reward: 770.0  episode len: 809  epsilon: 0.7316380000088354
[318250/100000000]  episode: 617  episode reward: 690.0  episode len: 649  epsilon: 0.7310539000088546
[318696/100000000]  episode: 618  episode reward: 340.0  episode len: 447  epsilon: 0.7306516000088679
[319138/100000000]  episode: 619  episode reward: 260.0  episode len: 443  epsilon: 0.730252900008881
[319606/100000000]  episode: 620  episode reward: 300.0  episode len: 469  epsilon: 0.7298308000088949
[320420/100000000]  episode: 621  episode reward: 620.0  episode len: 815  epsilon: 0.729097300008919
[320916/100000000]  episode: 622  episode reward: 320.0  episode len: 497  epsilon: 0.7286500000089338
[321418/100000000]  episode: 623  episode reward: 320.0  episode len: 503  epsilon: 0.7281973000089487
[322014/100000000]  episode: 624  episode reward: 640.0  episode len: 597  epsilon: 0.7276600000089664
[322442/100000000]  episode: 625  episode reward: 280.0  episode len: 429  epsilon: 0.7272739000089791
[323034/100000000]  episode: 626  episode reward: 590.0  episode len: 593  epsilon: 0.7267402000089966
[323432/100000000]  episode: 627  episode reward: 330.0  episode len: 399  epsilon: 0.7263811000090085
[323982/100000000]  episode: 628  episode reward: 310.0  episode len: 551  epsilon: 0.7258852000090248
[324424/100000000]  episode: 629  episode reward: 230.0  episode len: 443  epsilon: 0.7254865000090379
[324712/100000000]  episode: 630  episode reward: 150.0  episode len: 289  epsilon: 0.7252264000090465
[325284/100000000]  episode: 631  episode reward: 430.0  episode len: 573  epsilon: 0.7247107000090635
[325728/100000000]  episode: 632  episode reward: 270.0  episode len: 445  epsilon: 0.7243102000090766
[326186/100000000]  episode: 633  episode reward: 350.0  episode len: 459  epsilon: 0.7238971000090902
[326654/100000000]  episode: 634  episode reward: 360.0  episode len: 469  epsilon: 0.7234750000091041
[327130/100000000]  episode: 635  episode reward: 280.0  episode len: 477  epsilon: 0.7230457000091183
[327766/100000000]  episode: 636  episode reward: 750.0  episode len: 637  epsilon: 0.7224724000091372
[328554/100000000]  episode: 637  episode reward: 810.0  episode len: 789  epsilon: 0.7217623000091605
[329036/100000000]  episode: 638  episode reward: 430.0  episode len: 483  epsilon: 0.7213276000091748
[329510/100000000]  episode: 639  episode reward: 390.0  episode len: 475  epsilon: 0.7209001000091889
[330354/100000000]  episode: 640  episode reward: 620.0  episode len: 845  epsilon: 0.720139600009214
[330760/100000000]  episode: 641  episode reward: 280.0  episode len: 407  epsilon: 0.719773300009226
[331212/100000000]  episode: 642  episode reward: 230.0  episode len: 453  epsilon: 0.7193656000092394
[331838/100000000]  episode: 643  episode reward: 960.0  episode len: 627  epsilon: 0.718801300009258
[332500/100000000]  episode: 644  episode reward: 320.0  episode len: 663  epsilon: 0.7182046000092777
[333184/100000000]  episode: 645  episode reward: 640.0  episode len: 685  epsilon: 0.717588100009298
[333860/100000000]  episode: 646  episode reward: 680.0  episode len: 677  epsilon: 0.716978800009318
[334310/100000000]  episode: 647  episode reward: 310.0  episode len: 451  epsilon: 0.7165729000093314
[334898/100000000]  episode: 648  episode reward: 580.0  episode len: 589  epsilon: 0.7160428000093488
[335786/100000000]  episode: 649  episode reward: 1100.0  episode len: 889  epsilon: 0.7152427000093752
[336310/100000000]  episode: 650  episode reward: 440.0  episode len: 525  epsilon: 0.7147702000093907
[337094/100000000]  episode: 651  episode reward: 570.0  episode len: 785  epsilon: 0.714063700009414
[337504/100000000]  episode: 652  episode reward: 170.0  episode len: 411  epsilon: 0.7136938000094262
[338022/100000000]  episode: 653  episode reward: 390.0  episode len: 519  epsilon: 0.7132267000094415
[338536/100000000]  episode: 654  episode reward: 350.0  episode len: 515  epsilon: 0.7127632000094568
[338924/100000000]  episode: 655  episode reward: 240.0  episode len: 389  epsilon: 0.7124131000094683
[339426/100000000]  episode: 656  episode reward: 360.0  episode len: 503  epsilon: 0.7119604000094832
[340074/100000000]  episode: 657  episode reward: 630.0  episode len: 649  epsilon: 0.7113763000095025
[340544/100000000]  episode: 658  episode reward: 370.0  episode len: 471  epsilon: 0.7109524000095164
[341152/100000000]  episode: 659  episode reward: 1000.0  episode len: 609  epsilon: 0.7104043000095345
[341704/100000000]  episode: 660  episode reward: 310.0  episode len: 553  epsilon: 0.7099066000095509
[342608/100000000]  episode: 661  episode reward: 420.0  episode len: 905  epsilon: 0.7090921000095777
[343072/100000000]  episode: 662  episode reward: 270.0  episode len: 465  epsilon: 0.7086736000095915
[343610/100000000]  episode: 663  episode reward: 290.0  episode len: 539  epsilon: 0.7081885000096074
[344092/100000000]  episode: 664  episode reward: 310.0  episode len: 483  epsilon: 0.7077538000096217
[345048/100000000]  episode: 665  episode reward: 840.0  episode len: 957  epsilon: 0.7068925000096501
[345476/100000000]  episode: 666  episode reward: 350.0  episode len: 429  epsilon: 0.7065064000096628
[346036/100000000]  episode: 667  episode reward: 370.0  episode len: 561  epsilon: 0.7060015000096794
[346528/100000000]  episode: 668  episode reward: 360.0  episode len: 493  epsilon: 0.705557800009694
[346958/100000000]  episode: 669  episode reward: 320.0  episode len: 431  epsilon: 0.7051699000097068
[347446/100000000]  episode: 670  episode reward: 330.0  episode len: 489  epsilon: 0.7047298000097213
[347970/100000000]  episode: 671  episode reward: 310.0  episode len: 525  epsilon: 0.7042573000097369
[348676/100000000]  episode: 672  episode reward: 780.0  episode len: 707  epsilon: 0.7036210000097578
[349108/100000000]  episode: 673  episode reward: 280.0  episode len: 433  epsilon: 0.7032313000097706
[349562/100000000]  episode: 674  episode reward: 380.0  episode len: 455  epsilon: 0.7028218000097841
[350308/100000000]  episode: 675  episode reward: 730.0  episode len: 747  epsilon: 0.7021495000098062
[350792/100000000]  episode: 676  episode reward: 340.0  episode len: 485  epsilon: 0.7017130000098206
[351224/100000000]  episode: 677  episode reward: 320.0  episode len: 433  epsilon: 0.7013233000098335
[351638/100000000]  episode: 678  episode reward: 290.0  episode len: 415  epsilon: 0.7009498000098457
[352080/100000000]  episode: 679  episode reward: 260.0  episode len: 443  epsilon: 0.7005511000098589
[352560/100000000]  episode: 680  episode reward: 310.0  episode len: 481  epsilon: 0.7001182000098731
[353318/100000000]  episode: 681  episode reward: 720.0  episode len: 759  epsilon: 0.6994351000098956
[353830/100000000]  episode: 682  episode reward: 590.0  episode len: 513  epsilon: 0.6989734000099108
[354240/100000000]  episode: 683  episode reward: 320.0  episode len: 411  epsilon: 0.698603500009923
[354760/100000000]  episode: 684  episode reward: 400.0  episode len: 521  epsilon: 0.6981346000099384
[355292/100000000]  episode: 685  episode reward: 300.0  episode len: 533  epsilon: 0.6976549000099542
[355780/100000000]  episode: 686  episode reward: 260.0  episode len: 489  epsilon: 0.6972148000099687
[356274/100000000]  episode: 687  episode reward: 350.0  episode len: 495  epsilon: 0.6967693000099834
[356604/100000000]  episode: 688  episode reward: 290.0  episode len: 331  epsilon: 0.6964714000099932
[357038/100000000]  episode: 689  episode reward: 390.0  episode len: 435  epsilon: 0.6960799000100061
[357638/100000000]  episode: 690  episode reward: 400.0  episode len: 601  epsilon: 0.6955390000100239
[358100/100000000]  episode: 691  episode reward: 230.0  episode len: 463  epsilon: 0.6951223000100376
[358598/100000000]  episode: 692  episode reward: 390.0  episode len: 499  epsilon: 0.6946732000100524
[359020/100000000]  episode: 693  episode reward: 250.0  episode len: 423  epsilon: 0.6942925000100649
[359550/100000000]  episode: 694  episode reward: 480.0  episode len: 531  epsilon: 0.6938146000100807
[360314/100000000]  episode: 695  episode reward: 510.0  episode len: 765  epsilon: 0.6931261000101033
[360762/100000000]  episode: 696  episode reward: 320.0  episode len: 449  epsilon: 0.6927220000101166
[361288/100000000]  episode: 697  episode reward: 380.0  episode len: 527  epsilon: 0.6922477000101322
[361776/100000000]  episode: 698  episode reward: 340.0  episode len: 489  epsilon: 0.6918076000101467
[362378/100000000]  episode: 699  episode reward: 330.0  episode len: 603  epsilon: 0.6912649000101646
[362994/100000000]  episode: 700  episode reward: 580.0  episode len: 617  epsilon: 0.6907096000101829
==============================================
Evaluating...
episode 1 reward: 470.0
episode 2 reward: 1030.0
episode 3 reward: 490.0
episode 4 reward: 250.0
episode 5 reward: 740.0
average score: 596.0
==============================================
[363488/100000000]  episode: 701  episode reward: 370.0  episode len: 495  epsilon: 0.6902641000101976
[364046/100000000]  episode: 702  episode reward: 350.0  episode len: 559  epsilon: 0.6897610000102141
[364676/100000000]  episode: 703  episode reward: 660.0  episode len: 631  epsilon: 0.6891931000102328
[365178/100000000]  episode: 704  episode reward: 310.0  episode len: 503  epsilon: 0.6887404000102477
[365818/100000000]  episode: 705  episode reward: 590.0  episode len: 641  epsilon: 0.6881635000102667
[366230/100000000]  episode: 706  episode reward: 260.0  episode len: 413  epsilon: 0.687791800010279
[366788/100000000]  episode: 707  episode reward: 300.0  episode len: 559  epsilon: 0.6872887000102955
[367304/100000000]  episode: 708  episode reward: 330.0  episode len: 517  epsilon: 0.6868234000103108
[367752/100000000]  episode: 709  episode reward: 300.0  episode len: 449  epsilon: 0.6864193000103241
[368544/100000000]  episode: 710  episode reward: 620.0  episode len: 793  epsilon: 0.6857056000103476
[369356/100000000]  episode: 711  episode reward: 550.0  episode len: 813  epsilon: 0.6849739000103717
[370418/100000000]  episode: 712  episode reward: 3990.0  episode len: 1063  epsilon: 0.6840172000104032
[370914/100000000]  episode: 713  episode reward: 340.0  episode len: 497  epsilon: 0.683569900010418
[371414/100000000]  episode: 714  episode reward: 340.0  episode len: 501  epsilon: 0.6831190000104328
[371932/100000000]  episode: 715  episode reward: 380.0  episode len: 519  epsilon: 0.6826519000104482
[372396/100000000]  episode: 716  episode reward: 290.0  episode len: 465  epsilon: 0.682233400010462
[372898/100000000]  episode: 717  episode reward: 280.0  episode len: 503  epsilon: 0.6817807000104769
[373328/100000000]  episode: 718  episode reward: 210.0  episode len: 431  epsilon: 0.6813928000104896
[373872/100000000]  episode: 719  episode reward: 350.0  episode len: 545  epsilon: 0.6809023000105058
[374400/100000000]  episode: 720  episode reward: 340.0  episode len: 529  epsilon: 0.6804262000105215
[374846/100000000]  episode: 721  episode reward: 280.0  episode len: 447  epsilon: 0.6800239000105347
[375238/100000000]  episode: 722  episode reward: 210.0  episode len: 393  epsilon: 0.6796702000105463
[375812/100000000]  episode: 723  episode reward: 350.0  episode len: 575  epsilon: 0.6791527000105634
[376242/100000000]  episode: 724  episode reward: 250.0  episode len: 431  epsilon: 0.6787648000105762
[376928/100000000]  episode: 725  episode reward: 480.0  episode len: 687  epsilon: 0.6781465000105965
[377418/100000000]  episode: 726  episode reward: 390.0  episode len: 491  epsilon: 0.6777046000106111
[377954/100000000]  episode: 727  episode reward: 330.0  episode len: 537  epsilon: 0.677221300010627
[378530/100000000]  episode: 728  episode reward: 360.0  episode len: 577  epsilon: 0.6767020000106441
[379088/100000000]  episode: 729  episode reward: 410.0  episode len: 559  epsilon: 0.6761989000106606
[379492/100000000]  episode: 730  episode reward: 300.0  episode len: 405  epsilon: 0.6758344000106726
[379858/100000000]  episode: 731  episode reward: 250.0  episode len: 367  epsilon: 0.6755041000106835
[380250/100000000]  episode: 732  episode reward: 230.0  episode len: 393  epsilon: 0.6751504000106952
[380884/100000000]  episode: 733  episode reward: 1000.0  episode len: 635  epsilon: 0.674578900010714
[381332/100000000]  episode: 734  episode reward: 320.0  episode len: 449  epsilon: 0.6741748000107273
[381826/100000000]  episode: 735  episode reward: 360.0  episode len: 495  epsilon: 0.6737293000107419
[382348/100000000]  episode: 736  episode reward: 310.0  episode len: 523  epsilon: 0.6732586000107574
[383240/100000000]  episode: 737  episode reward: 560.0  episode len: 893  epsilon: 0.6724549000107839
[383640/100000000]  episode: 738  episode reward: 210.0  episode len: 401  epsilon: 0.6720940000107958
[384066/100000000]  episode: 739  episode reward: 370.0  episode len: 427  epsilon: 0.6717097000108084
[384496/100000000]  episode: 740  episode reward: 250.0  episode len: 431  epsilon: 0.6713218000108212
[385094/100000000]  episode: 741  episode reward: 350.0  episode len: 599  epsilon: 0.670782700010839
[385844/100000000]  episode: 742  episode reward: 520.0  episode len: 751  epsilon: 0.6701068000108612
[386636/100000000]  episode: 743  episode reward: 1010.0  episode len: 793  epsilon: 0.6693931000108847
[387114/100000000]  episode: 744  episode reward: 330.0  episode len: 479  epsilon: 0.6689620000108989
[387708/100000000]  episode: 745  episode reward: 370.0  episode len: 595  epsilon: 0.6684265000109165
[388558/100000000]  episode: 746  episode reward: 700.0  episode len: 851  epsilon: 0.6676606000109417
[389194/100000000]  episode: 747  episode reward: 420.0  episode len: 637  epsilon: 0.6670873000109606
[389630/100000000]  episode: 748  episode reward: 310.0  episode len: 437  epsilon: 0.6666940000109736
[390286/100000000]  episode: 749  episode reward: 910.0  episode len: 657  epsilon: 0.666102700010993
[390826/100000000]  episode: 750  episode reward: 400.0  episode len: 541  epsilon: 0.6656158000110091
[391290/100000000]  episode: 751  episode reward: 380.0  episode len: 465  epsilon: 0.6651973000110228
[392032/100000000]  episode: 752  episode reward: 490.0  episode len: 743  epsilon: 0.6645286000110449
[392572/100000000]  episode: 753  episode reward: 280.0  episode len: 541  epsilon: 0.6640417000110609
[393006/100000000]  episode: 754  episode reward: 340.0  episode len: 435  epsilon: 0.6636502000110738
[393504/100000000]  episode: 755  episode reward: 370.0  episode len: 499  epsilon: 0.6632011000110886
[393920/100000000]  episode: 756  episode reward: 270.0  episode len: 417  epsilon: 0.6628258000111009
[394376/100000000]  episode: 757  episode reward: 330.0  episode len: 457  epsilon: 0.6624145000111145
[394780/100000000]  episode: 758  episode reward: 250.0  episode len: 405  epsilon: 0.6620500000111265
[395254/100000000]  episode: 759  episode reward: 300.0  episode len: 475  epsilon: 0.6616225000111405
[395886/100000000]  episode: 760  episode reward: 330.0  episode len: 633  epsilon: 0.6610528000111593
[396280/100000000]  episode: 761  episode reward: 230.0  episode len: 395  epsilon: 0.660697300011171
[396838/100000000]  episode: 762  episode reward: 330.0  episode len: 559  epsilon: 0.6601942000111876
[397392/100000000]  episode: 763  episode reward: 350.0  episode len: 555  epsilon: 0.659694700011204
[398326/100000000]  episode: 764  episode reward: 750.0  episode len: 935  epsilon: 0.6588532000112317
[399106/100000000]  episode: 765  episode reward: 510.0  episode len: 781  epsilon: 0.6581503000112549
[399730/100000000]  episode: 766  episode reward: 370.0  episode len: 625  epsilon: 0.6575878000112734
[400402/100000000]  episode: 767  episode reward: 530.0  episode len: 673  epsilon: 0.6569821000112933
[401184/100000000]  episode: 768  episode reward: 570.0  episode len: 783  epsilon: 0.6562774000113165
[401660/100000000]  episode: 769  episode reward: 230.0  episode len: 477  epsilon: 0.6558481000113306
[402016/100000000]  episode: 770  episode reward: 190.0  episode len: 357  epsilon: 0.6555268000113412
[402470/100000000]  episode: 771  episode reward: 270.0  episode len: 455  epsilon: 0.6551173000113547
[402966/100000000]  episode: 772  episode reward: 330.0  episode len: 497  epsilon: 0.6546700000113694
[403380/100000000]  episode: 773  episode reward: 300.0  episode len: 415  epsilon: 0.6542965000113817
[403764/100000000]  episode: 774  episode reward: 220.0  episode len: 385  epsilon: 0.6539500000113931
[404300/100000000]  episode: 775  episode reward: 340.0  episode len: 537  epsilon: 0.653466700011409
[404770/100000000]  episode: 776  episode reward: 350.0  episode len: 471  epsilon: 0.653042800011423
[405176/100000000]  episode: 777  episode reward: 220.0  episode len: 407  epsilon: 0.6526765000114351
[405840/100000000]  episode: 778  episode reward: 730.0  episode len: 665  epsilon: 0.6520780000114548
[406242/100000000]  episode: 779  episode reward: 260.0  episode len: 403  epsilon: 0.6517153000114667
[406730/100000000]  episode: 780  episode reward: 390.0  episode len: 489  epsilon: 0.6512752000114812
[407140/100000000]  episode: 781  episode reward: 280.0  episode len: 411  epsilon: 0.6509053000114934
[407874/100000000]  episode: 782  episode reward: 470.0  episode len: 735  epsilon: 0.6502438000115152
[408506/100000000]  episode: 783  episode reward: 1790.0  episode len: 633  epsilon: 0.6496741000115339
[409120/100000000]  episode: 784  episode reward: 420.0  episode len: 615  epsilon: 0.6491206000115521
[409862/100000000]  episode: 785  episode reward: 430.0  episode len: 743  epsilon: 0.6484519000115742
[410512/100000000]  episode: 786  episode reward: 410.0  episode len: 651  epsilon: 0.6478660000115934
[411154/100000000]  episode: 787  episode reward: 500.0  episode len: 643  epsilon: 0.6472873000116125
[411608/100000000]  episode: 788  episode reward: 260.0  episode len: 455  epsilon: 0.646877800011626
[412494/100000000]  episode: 789  episode reward: 1200.0  episode len: 887  epsilon: 0.6460795000116523
[412966/100000000]  episode: 790  episode reward: 270.0  episode len: 473  epsilon: 0.6456538000116663
[413492/100000000]  episode: 791  episode reward: 380.0  episode len: 527  epsilon: 0.6451795000116819
[413972/100000000]  episode: 792  episode reward: 350.0  episode len: 481  epsilon: 0.6447466000116961
[414476/100000000]  episode: 793  episode reward: 360.0  episode len: 505  epsilon: 0.6442921000117111
[415002/100000000]  episode: 794  episode reward: 400.0  episode len: 527  epsilon: 0.6438178000117267
[415408/100000000]  episode: 795  episode reward: 320.0  episode len: 407  epsilon: 0.6434515000117388
[415874/100000000]  episode: 796  episode reward: 450.0  episode len: 467  epsilon: 0.6430312000117526
[416460/100000000]  episode: 797  episode reward: 470.0  episode len: 587  epsilon: 0.64250290001177
[417082/100000000]  episode: 798  episode reward: 580.0  episode len: 623  epsilon: 0.6419422000117885
[417536/100000000]  episode: 799  episode reward: 310.0  episode len: 455  epsilon: 0.641532700011802
[418030/100000000]  episode: 800  episode reward: 310.0  episode len: 495  epsilon: 0.6410872000118166
==============================================
Evaluating...
episode 1 reward: 780.0
episode 2 reward: 1010.0
episode 3 reward: 1030.0
episode 4 reward: 1110.0
episode 5 reward: 730.0
average score: 932.0
==============================================
[418490/100000000]  episode: 801  episode reward: 360.0  episode len: 461  epsilon: 0.6406723000118303
[419000/100000000]  episode: 802  episode reward: 380.0  episode len: 511  epsilon: 0.6402124000118454
[419336/100000000]  episode: 803  episode reward: 220.0  episode len: 337  epsilon: 0.6399091000118554
[420052/100000000]  episode: 804  episode reward: 470.0  episode len: 717  epsilon: 0.6392638000118767
[420506/100000000]  episode: 805  episode reward: 280.0  episode len: 455  epsilon: 0.6388543000118901
[420886/100000000]  episode: 806  episode reward: 240.0  episode len: 381  epsilon: 0.6385114000119014
[421466/100000000]  episode: 807  episode reward: 410.0  episode len: 581  epsilon: 0.6379885000119186
[422224/100000000]  episode: 808  episode reward: 1080.0  episode len: 759  epsilon: 0.6373054000119411
[422872/100000000]  episode: 809  episode reward: 720.0  episode len: 649  epsilon: 0.6367213000119604
[423356/100000000]  episode: 810  episode reward: 310.0  episode len: 485  epsilon: 0.6362848000119747
[423750/100000000]  episode: 811  episode reward: 310.0  episode len: 395  epsilon: 0.6359293000119864
[424392/100000000]  episode: 812  episode reward: 420.0  episode len: 643  epsilon: 0.6353506000120055
[424886/100000000]  episode: 813  episode reward: 350.0  episode len: 495  epsilon: 0.6349051000120202
[425522/100000000]  episode: 814  episode reward: 430.0  episode len: 637  epsilon: 0.634331800012039
[425982/100000000]  episode: 815  episode reward: 290.0  episode len: 461  epsilon: 0.6339169000120527
[426442/100000000]  episode: 816  episode reward: 340.0  episode len: 461  epsilon: 0.6335020000120664
[426838/100000000]  episode: 817  episode reward: 260.0  episode len: 397  epsilon: 0.6331447000120781
[427446/100000000]  episode: 818  episode reward: 500.0  episode len: 609  epsilon: 0.6325966000120962
[428050/100000000]  episode: 819  episode reward: 680.0  episode len: 605  epsilon: 0.6320521000121141
[428624/100000000]  episode: 820  episode reward: 420.0  episode len: 575  epsilon: 0.6315346000121311
[429168/100000000]  episode: 821  episode reward: 430.0  episode len: 545  epsilon: 0.6310441000121473
[429630/100000000]  episode: 822  episode reward: 310.0  episode len: 463  epsilon: 0.630627400012161
[430244/100000000]  episode: 823  episode reward: 1160.0  episode len: 615  epsilon: 0.6300739000121792
[430770/100000000]  episode: 824  episode reward: 370.0  episode len: 527  epsilon: 0.6295996000121948
[431286/100000000]  episode: 825  episode reward: 340.0  episode len: 517  epsilon: 0.6291343000122102
[431884/100000000]  episode: 826  episode reward: 340.0  episode len: 599  epsilon: 0.6285952000122279
[432316/100000000]  episode: 827  episode reward: 210.0  episode len: 433  epsilon: 0.6282055000122407
[432962/100000000]  episode: 828  episode reward: 1130.0  episode len: 647  epsilon: 0.6276232000122599
[433608/100000000]  episode: 829  episode reward: 320.0  episode len: 647  epsilon: 0.6270409000122791
[434190/100000000]  episode: 830  episode reward: 340.0  episode len: 583  epsilon: 0.6265162000122964
[434586/100000000]  episode: 831  episode reward: 200.0  episode len: 397  epsilon: 0.6261589000123081
[435082/100000000]  episode: 832  episode reward: 290.0  episode len: 497  epsilon: 0.6257116000123228
[435444/100000000]  episode: 833  episode reward: 270.0  episode len: 363  epsilon: 0.6253849000123336
[435924/100000000]  episode: 834  episode reward: 360.0  episode len: 481  epsilon: 0.6249520000123479
[436426/100000000]  episode: 835  episode reward: 350.0  episode len: 503  epsilon: 0.6244993000123628
[436792/100000000]  episode: 836  episode reward: 190.0  episode len: 367  epsilon: 0.6241690000123736
[437168/100000000]  episode: 837  episode reward: 250.0  episode len: 377  epsilon: 0.6238297000123848
[438058/100000000]  episode: 838  episode reward: 1000.0  episode len: 891  epsilon: 0.6230278000124112
[438734/100000000]  episode: 839  episode reward: 490.0  episode len: 677  epsilon: 0.6224185000124313
[439146/100000000]  episode: 840  episode reward: 260.0  episode len: 413  epsilon: 0.6220468000124435
[439646/100000000]  episode: 841  episode reward: 370.0  episode len: 501  epsilon: 0.6215959000124583
[440262/100000000]  episode: 842  episode reward: 440.0  episode len: 617  epsilon: 0.6210406000124766
[440598/100000000]  episode: 843  episode reward: 230.0  episode len: 337  epsilon: 0.6207373000124866
[441006/100000000]  episode: 844  episode reward: 310.0  episode len: 409  epsilon: 0.6203692000124987
[441704/100000000]  episode: 845  episode reward: 610.0  episode len: 699  epsilon: 0.6197401000125194
[442162/100000000]  episode: 846  episode reward: 280.0  episode len: 459  epsilon: 0.619327000012533
[442604/100000000]  episode: 847  episode reward: 350.0  episode len: 443  epsilon: 0.6189283000125462
[443072/100000000]  episode: 848  episode reward: 280.0  episode len: 469  epsilon: 0.6185062000125601
[443482/100000000]  episode: 849  episode reward: 270.0  episode len: 411  epsilon: 0.6181363000125722
[443982/100000000]  episode: 850  episode reward: 360.0  episode len: 501  epsilon: 0.6176854000125871
[444844/100000000]  episode: 851  episode reward: 1280.0  episode len: 863  epsilon: 0.6169087000126127
[445396/100000000]  episode: 852  episode reward: 440.0  episode len: 553  epsilon: 0.616411000012629
[446076/100000000]  episode: 853  episode reward: 560.0  episode len: 681  epsilon: 0.6157981000126492
[446710/100000000]  episode: 854  episode reward: 300.0  episode len: 635  epsilon: 0.615226600012668
[447270/100000000]  episode: 855  episode reward: 360.0  episode len: 561  epsilon: 0.6147217000126847
[447908/100000000]  episode: 856  episode reward: 350.0  episode len: 639  epsilon: 0.6141466000127036
[448314/100000000]  episode: 857  episode reward: 280.0  episode len: 407  epsilon: 0.6137803000127157
[448872/100000000]  episode: 858  episode reward: 390.0  episode len: 559  epsilon: 0.6132772000127322
[449610/100000000]  episode: 859  episode reward: 850.0  episode len: 739  epsilon: 0.6126121000127541
[450046/100000000]  episode: 860  episode reward: 310.0  episode len: 437  epsilon: 0.6122188000127671
[451230/100000000]  episode: 861  episode reward: 2290.0  episode len: 1185  epsilon: 0.6111523000128022
[451598/100000000]  episode: 862  episode reward: 300.0  episode len: 369  epsilon: 0.6108202000128131
[452412/100000000]  episode: 863  episode reward: 580.0  episode len: 815  epsilon: 0.6100867000128373
[452816/100000000]  episode: 864  episode reward: 270.0  episode len: 405  epsilon: 0.6097222000128493
[453330/100000000]  episode: 865  episode reward: 430.0  episode len: 515  epsilon: 0.6092587000128645
[453886/100000000]  episode: 866  episode reward: 410.0  episode len: 557  epsilon: 0.608757400012881
[454464/100000000]  episode: 867  episode reward: 380.0  episode len: 579  epsilon: 0.6082363000128982
[455186/100000000]  episode: 868  episode reward: 730.0  episode len: 723  epsilon: 0.6075856000129196
[455722/100000000]  episode: 869  episode reward: 370.0  episode len: 537  epsilon: 0.6071023000129355
[456210/100000000]  episode: 870  episode reward: 390.0  episode len: 489  epsilon: 0.60666220001295
[456576/100000000]  episode: 871  episode reward: 240.0  episode len: 367  epsilon: 0.6063319000129609
[457132/100000000]  episode: 872  episode reward: 460.0  episode len: 557  epsilon: 0.6058306000129774
[457642/100000000]  episode: 873  episode reward: 370.0  episode len: 511  epsilon: 0.6053707000129925
[458304/100000000]  episode: 874  episode reward: 430.0  episode len: 663  epsilon: 0.6047740000130122
[459024/100000000]  episode: 875  episode reward: 600.0  episode len: 721  epsilon: 0.6041251000130335
[459510/100000000]  episode: 876  episode reward: 350.0  episode len: 487  epsilon: 0.603686800013048
[460028/100000000]  episode: 877  episode reward: 300.0  episode len: 519  epsilon: 0.6032197000130634
[460580/100000000]  episode: 878  episode reward: 390.0  episode len: 553  epsilon: 0.6027220000130797
[461256/100000000]  episode: 879  episode reward: 510.0  episode len: 677  epsilon: 0.6021127000130998
[462116/100000000]  episode: 880  episode reward: 560.0  episode len: 861  epsilon: 0.6013378000131253
[462722/100000000]  episode: 881  episode reward: 520.0  episode len: 607  epsilon: 0.6007915000131433
[463194/100000000]  episode: 882  episode reward: 290.0  episode len: 473  epsilon: 0.6003658000131573
[464414/100000000]  episode: 883  episode reward: 2370.0  episode len: 1221  epsilon: 0.5992669000131935
[464868/100000000]  episode: 884  episode reward: 350.0  episode len: 455  epsilon: 0.598857400013207
[465382/100000000]  episode: 885  episode reward: 270.0  episode len: 515  epsilon: 0.5983939000132222
[465908/100000000]  episode: 886  episode reward: 440.0  episode len: 527  epsilon: 0.5979196000132379
[466310/100000000]  episode: 887  episode reward: 300.0  episode len: 403  epsilon: 0.5975569000132498
[467136/100000000]  episode: 888  episode reward: 820.0  episode len: 827  epsilon: 0.5968126000132743
[467760/100000000]  episode: 889  episode reward: 730.0  episode len: 625  epsilon: 0.5962501000132928
[468254/100000000]  episode: 890  episode reward: 410.0  episode len: 495  epsilon: 0.5958046000133075
[468732/100000000]  episode: 891  episode reward: 330.0  episode len: 479  epsilon: 0.5953735000133217
[469090/100000000]  episode: 892  episode reward: 230.0  episode len: 359  epsilon: 0.5950504000133323
[469460/100000000]  episode: 893  episode reward: 290.0  episode len: 371  epsilon: 0.5947165000133433
[470020/100000000]  episode: 894  episode reward: 680.0  episode len: 561  epsilon: 0.5942116000133599
[470500/100000000]  episode: 895  episode reward: 280.0  episode len: 481  epsilon: 0.5937787000133742
[471012/100000000]  episode: 896  episode reward: 310.0  episode len: 513  epsilon: 0.5933170000133894
[471688/100000000]  episode: 897  episode reward: 390.0  episode len: 677  epsilon: 0.5927077000134094
[472398/100000000]  episode: 898  episode reward: 620.0  episode len: 711  epsilon: 0.5920678000134305
[472954/100000000]  episode: 899  episode reward: 360.0  episode len: 557  epsilon: 0.591566500013447
[473642/100000000]  episode: 900  episode reward: 560.0  episode len: 689  epsilon: 0.5909464000134674
==============================================
Evaluating...
episode 1 reward: 790.0
episode 2 reward: 570.0
episode 3 reward: 560.0
episode 4 reward: 1110.0
episode 5 reward: 520.0
average score: 710.0
==============================================
[474060/100000000]  episode: 901  episode reward: 330.0  episode len: 419  epsilon: 0.5905693000134798
[474734/100000000]  episode: 902  episode reward: 1000.0  episode len: 675  epsilon: 0.5899618000134998
[475282/100000000]  episode: 903  episode reward: 410.0  episode len: 549  epsilon: 0.5894677000135161
[475822/100000000]  episode: 904  episode reward: 330.0  episode len: 541  epsilon: 0.5889808000135321
[476410/100000000]  episode: 905  episode reward: 960.0  episode len: 589  epsilon: 0.5884507000135496
[476838/100000000]  episode: 906  episode reward: 300.0  episode len: 429  epsilon: 0.5880646000135623
[477368/100000000]  episode: 907  episode reward: 360.0  episode len: 531  epsilon: 0.587586700013578
[477952/100000000]  episode: 908  episode reward: 630.0  episode len: 585  epsilon: 0.5870602000135954
[478938/100000000]  episode: 909  episode reward: 990.0  episode len: 987  epsilon: 0.5861719000136246
[479442/100000000]  episode: 910  episode reward: 380.0  episode len: 505  epsilon: 0.5857174000136396
[480056/100000000]  episode: 911  episode reward: 350.0  episode len: 615  epsilon: 0.5851639000136578
[480738/100000000]  episode: 912  episode reward: 420.0  episode len: 683  epsilon: 0.584549200013678
[481120/100000000]  episode: 913  episode reward: 290.0  episode len: 383  epsilon: 0.5842045000136894
[481604/100000000]  episode: 914  episode reward: 360.0  episode len: 485  epsilon: 0.5837680000137038
[482090/100000000]  episode: 915  episode reward: 420.0  episode len: 487  epsilon: 0.5833297000137182
[482728/100000000]  episode: 916  episode reward: 360.0  episode len: 639  epsilon: 0.5827546000137371
[483172/100000000]  episode: 917  episode reward: 280.0  episode len: 445  epsilon: 0.5823541000137503
[483792/100000000]  episode: 918  episode reward: 420.0  episode len: 621  epsilon: 0.5817952000137687
[484210/100000000]  episode: 919  episode reward: 410.0  episode len: 419  epsilon: 0.5814181000137811
[484776/100000000]  episode: 920  episode reward: 280.0  episode len: 567  epsilon: 0.5809078000137979
[485490/100000000]  episode: 921  episode reward: 710.0  episode len: 715  epsilon: 0.5802643000138191
[485952/100000000]  episode: 922  episode reward: 440.0  episode len: 463  epsilon: 0.5798476000138328
[486524/100000000]  episode: 923  episode reward: 490.0  episode len: 573  epsilon: 0.5793319000138498
[487114/100000000]  episode: 924  episode reward: 390.0  episode len: 591  epsilon: 0.5788000000138673
[487956/100000000]  episode: 925  episode reward: 520.0  episode len: 843  epsilon: 0.5780413000138923
[488584/100000000]  episode: 926  episode reward: 540.0  episode len: 629  epsilon: 0.577475200013911
[489016/100000000]  episode: 927  episode reward: 260.0  episode len: 433  epsilon: 0.5770855000139238
[489486/100000000]  episode: 928  episode reward: 380.0  episode len: 471  epsilon: 0.5766616000139377
[490034/100000000]  episode: 929  episode reward: 460.0  episode len: 549  epsilon: 0.576167500013954
[490592/100000000]  episode: 930  episode reward: 470.0  episode len: 559  epsilon: 0.5756644000139706
[491106/100000000]  episode: 931  episode reward: 450.0  episode len: 515  epsilon: 0.5752009000139858
[491776/100000000]  episode: 932  episode reward: 460.0  episode len: 671  epsilon: 0.5745970000140057
[492760/100000000]  episode: 933  episode reward: 900.0  episode len: 985  epsilon: 0.5737105000140349
[493556/100000000]  episode: 934  episode reward: 540.0  episode len: 797  epsilon: 0.5729932000140585
[494258/100000000]  episode: 935  episode reward: 530.0  episode len: 703  epsilon: 0.5723605000140793
[494720/100000000]  episode: 936  episode reward: 270.0  episode len: 463  epsilon: 0.5719438000140931
[495582/100000000]  episode: 937  episode reward: 1120.0  episode len: 863  epsilon: 0.5711671000141186
[496092/100000000]  episode: 938  episode reward: 350.0  episode len: 511  epsilon: 0.5707072000141338
[496700/100000000]  episode: 939  episode reward: 410.0  episode len: 609  epsilon: 0.5701591000141518
